[HAMI-core Msg(84658:139933000876608:libvgpu.c:837)]: Initializing.....
[HAMI-core Msg(84658:139933000876608:libvgpu.c:853)]: Initialized
Loading /inspire/hdd/project/fdu-aidake-cfff/public/wangyanqing/NLPPJ/data/processed/semeval/semeval_train_full.csv...
Computing features for 10000 samples (this may take ~15 min)...
  0/10000...
  500/10000...
  1000/10000...
  1500/10000...
  2000/10000...
  2500/10000...
  3000/10000...
  3500/10000...
  4000/10000...
  4500/10000...
  5000/10000...
  5500/10000...
  6000/10000...
  6500/10000...
  7000/10000...
  7500/10000...
  8000/10000...
  8500/10000...
  9000/10000...
  9500/10000...
Saved baselines for 23 features to data/feature_baselines.json

Key feature summary:
  discourse_total_density: human=0.0983±0.0991  ai=0.1488±0.1344  p33=0.0503  p67=0.1500
  contraction_ratio: human=0.0051±0.0090  ai=0.0021±0.0070  p33=0.0000  p67=0.0000
  first_person_ratio: human=0.0086±0.0125  ai=0.0078±0.0158  p33=0.0000  p67=0.0061
  sentence_length_cv: human=0.5393±0.2279  ai=0.4165±0.2340  p33=0.3571  p67=0.5240
  mattr: human=0.7833±0.0455  ai=0.7475±0.0636  p33=0.7515  p67=0.7942
  passive_ratio: human=0.1089±0.0938  ai=0.1259±0.1212  p33=0.0526  p67=0.1379
[HAMI-core Msg(84658:139933000876608:multiprocess_memory_limit.c:459)]: Calling exit handler 84658
