[HAMI-core Msg(53473:140692473066048:libvgpu.c:837)]: Initializing.....
[HAMI-core Msg(53473:140692473066048:libvgpu.c:853)]: Initialized
Device: cuda
Loading tokenizer from /inspire/hdd/project/fdu-aidake-cfff/public/hanz/semeval2024_task8a_en_baseline/outputs/roberta_base/best_model...
Loading semeval train data...
Semeval train: 119756 docs
Loading subtask C sentence-level data...
SubtaskC: 3649 docs (with sent labels)
Total training records: 123405
Loading dev data...
Dev: 5000 docs
Initializing HSAD from /inspire/hdd/project/fdu-aidake-cfff/public/hanz/semeval2024_task8a_en_baseline/outputs/roberta_base/best_model...
Loading weights:   0%|          | 0/197 [00:00<?, ?it/s]Loading weights: 100%|██████████| 197/197 [00:00<00:00, 9414.66it/s]
[transformers] [1mRobertaModel LOAD REPORT[0m from: /inspire/hdd/project/fdu-aidake-cfff/public/hanz/semeval2024_task8a_en_baseline/outputs/roberta_base/best_model
Key                        | Status     |  | 
---------------------------+------------+--+-
classifier.out_proj.bias   | UNEXPECTED |  | 
classifier.out_proj.weight | UNEXPECTED |  | 
classifier.dense.bias      | UNEXPECTED |  | 
classifier.dense.weight    | UNEXPECTED |  | 

Notes:
- UNEXPECTED:	can be ignored when loading from different task/architecture; not ok if you expect identical arch.
/inspire/hdd/project/fdu-aidake-cfff/public/hanz/semeval2024_task8a_en_baseline/src/model_hsad.py:61: UserWarning: enable_nested_tensor is True, but self.use_nested_tensor is False because encoder_layer.norm_first was True
  self.cross_sent = nn.TransformerEncoder(enc_layer, num_layers=cross_sent_layers)
Params: 138.5M total, 42.8M trainable

Starting training: 5 epochs, 123405 docs/epoch
Grad accum: 8  RoBERTa lr: 2e-05  Head lr: 5e-05
Sent loss weight: 0.3  fp16: True

Ep0 step50 loss=0.9737 t=0.2m
Ep0 step100 loss=0.8335 t=0.4m
Ep0 step150 loss=0.6687 t=0.5m
Ep0 step200 loss=0.5282 t=0.7m
Ep0 step250 loss=0.4382 t=0.8m
Ep0 step300 loss=0.3718 t=1.0m
Ep0 step350 loss=0.3241 t=1.2m
Ep0 step400 loss=0.2866 t=1.4m
Ep0 step450 loss=0.2575 t=1.5m
Ep0 step500 loss=0.2346 t=1.7m
Ep0 step550 loss=0.2178 t=1.9m
Ep0 step600 loss=0.2026 t=2.0m
Ep0 step650 loss=0.1900 t=2.2m
Ep0 step700 loss=0.1776 t=2.4m
Ep0 step750 loss=0.1694 t=2.5m
Ep0 step800 loss=0.1609 t=2.7m
Ep0 step850 loss=0.1522 t=2.9m
Ep0 step900 loss=0.1470 t=3.0m
Ep0 step950 loss=0.1413 t=3.2m
Ep0 step1000 loss=0.1357 t=3.4m
Ep0 step1050 loss=0.1309 t=3.5m
Ep0 step1100 loss=0.1263 t=3.7m
Ep0 step1150 loss=0.1215 t=3.9m
Ep0 step1200 loss=0.1181 t=4.0m
Ep0 step1250 loss=0.1140 t=4.2m
Ep0 step1300 loss=0.1098 t=4.4m
Ep0 step1350 loss=0.1064 t=4.5m
Ep0 step1400 loss=0.1031 t=4.7m
Ep0 step1450 loss=0.1001 t=4.9m
Ep0 step1500 loss=0.0969 t=5.0m
Ep0 step1550 loss=0.0959 t=5.2m
Ep0 step1600 loss=0.0929 t=5.4m
Ep0 step1650 loss=0.0910 t=5.5m
Ep0 step1700 loss=0.0884 t=5.7m
Ep0 step1750 loss=0.0867 t=5.9m
Ep0 step1800 loss=0.0844 t=6.0m
Ep0 step1850 loss=0.0821 t=6.2m
Ep0 step1900 loss=0.0810 t=6.4m
Ep0 step1950 loss=0.0798 t=6.5m
Ep0 step2000 loss=0.0778 t=6.7m
Ep0 step2050 loss=0.0761 t=6.9m
Ep0 step2100 loss=0.0746 t=7.0m
Ep0 step2150 loss=0.0730 t=7.2m
Ep0 step2200 loss=0.0715 t=7.3m
Ep0 step2250 loss=0.0703 t=7.5m
Ep0 step2300 loss=0.0691 t=7.7m
Ep0 step2350 loss=0.0685 t=7.8m
Ep0 step2400 loss=0.0679 t=8.0m
Ep0 step2450 loss=0.0665 t=8.2m
Ep0 step2500 loss=0.0656 t=8.3m
Ep0 step2550 loss=0.0643 t=8.5m
Ep0 step2600 loss=0.0635 t=8.7m
Ep0 step2650 loss=0.0633 t=8.8m
Ep0 step2700 loss=0.0627 t=9.0m
Ep0 step2750 loss=0.0622 t=9.2m
Ep0 step2800 loss=0.0614 t=9.3m
Ep0 step2850 loss=0.0604 t=9.5m
Ep0 step2900 loss=0.0605 t=9.7m
Ep0 step2950 loss=0.0599 t=9.8m
Ep0 step3000 loss=0.0589 t=10.0m
Ep0 step3050 loss=0.0586 t=10.2m
Ep0 step3100 loss=0.0579 t=10.3m
Ep0 step3150 loss=0.0570 t=10.5m
Ep0 step3200 loss=0.0563 t=10.7m
Ep0 step3250 loss=0.0559 t=10.8m
Ep0 step3300 loss=0.0552 t=11.0m
Ep0 step3350 loss=0.0544 t=11.2m
Ep0 step3400 loss=0.0540 t=11.3m
Ep0 step3450 loss=0.0532 t=11.5m
Ep0 step3500 loss=0.0535 t=11.7m
Ep0 step3550 loss=0.0530 t=11.8m
Ep0 step3600 loss=0.0524 t=12.0m
Ep0 step3650 loss=0.0524 t=12.2m
Ep0 step3700 loss=0.0523 t=12.3m
Ep0 step3750 loss=0.0518 t=12.5m
Ep0 step3800 loss=0.0515 t=12.7m
Ep0 step3850 loss=0.0514 t=12.8m
Ep0 step3900 loss=0.0509 t=13.0m
Ep0 step3950 loss=0.0505 t=13.2m
Ep0 step4000 loss=0.0503 t=13.3m
Ep0 step4050 loss=0.0505 t=13.5m
Ep0 step4100 loss=0.0503 t=13.7m
Ep0 step4150 loss=0.0498 t=13.8m
Ep0 step4200 loss=0.0494 t=14.0m
Ep0 step4250 loss=0.0493 t=14.2m
Ep0 step4300 loss=0.0489 t=14.4m
Ep0 step4350 loss=0.0487 t=14.5m
Ep0 step4400 loss=0.0486 t=14.7m
Ep0 step4450 loss=0.0485 t=14.8m
Ep0 step4500 loss=0.0483 t=15.0m
Ep0 step4550 loss=0.0482 t=15.2m
Ep0 step4600 loss=0.0476 t=15.4m
Ep0 step4650 loss=0.0475 t=15.5m
Ep0 step4700 loss=0.0475 t=15.7m
Ep0 step4750 loss=0.0471 t=15.9m
Ep0 step4800 loss=0.0471 t=16.0m
Ep0 step4850 loss=0.0467 t=16.2m
Ep0 step4900 loss=0.0470 t=16.4m
Ep0 step4950 loss=0.0466 t=16.5m
Ep0 step5000 loss=0.0462 t=16.7m
Ep0 step5050 loss=0.0460 t=16.9m
Ep0 step5100 loss=0.0461 t=17.1m
Ep0 step5150 loss=0.0459 t=17.2m
Ep0 step5200 loss=0.0458 t=17.4m
Ep0 step5250 loss=0.0454 t=17.5m
Ep0 step5300 loss=0.0453 t=17.7m
Ep0 step5350 loss=0.0451 t=17.9m
Ep0 step5400 loss=0.0447 t=18.1m
Ep0 step5450 loss=0.0445 t=18.2m
Ep0 step5500 loss=0.0443 t=18.4m
Ep0 step5550 loss=0.0439 t=18.6m
Ep0 step5600 loss=0.0440 t=18.7m
Ep0 step5650 loss=0.0437 t=18.9m
Ep0 step5700 loss=0.0439 t=19.1m
Ep0 step5750 loss=0.0437 t=19.2m
Ep0 step5800 loss=0.0438 t=19.4m
Ep0 step5850 loss=0.0436 t=19.6m
Ep0 step5900 loss=0.0435 t=19.8m
Ep0 step5950 loss=0.0432 t=19.9m
Ep0 step6000 loss=0.0430 t=20.1m
Ep0 step6050 loss=0.0428 t=20.3m
Ep0 step6100 loss=0.0427 t=20.4m
Ep0 step6150 loss=0.0426 t=20.6m
Ep0 step6200 loss=0.0423 t=20.8m
Ep0 step6250 loss=0.0422 t=20.9m
Ep0 step6300 loss=0.0419 t=21.1m
Ep0 step6350 loss=0.0418 t=21.2m
Ep0 step6400 loss=0.0415 t=21.4m
Ep0 step6450 loss=0.0413 t=21.6m
Ep0 step6500 loss=0.0413 t=21.7m
Ep0 step6550 loss=0.0410 t=21.9m
Ep0 step6600 loss=0.0408 t=22.1m
Ep0 step6650 loss=0.0407 t=22.2m
Ep0 step6700 loss=0.0405 t=22.4m
Ep0 step6750 loss=0.0404 t=22.6m
Ep0 step6800 loss=0.0403 t=22.7m
Ep0 step6850 loss=0.0405 t=22.9m
Ep0 step6900 loss=0.0404 t=23.1m
Ep0 step6950 loss=0.0402 t=23.2m
Ep0 step7000 loss=0.0399 t=23.4m
Ep0 step7050 loss=0.0397 t=23.6m
Ep0 step7100 loss=0.0395 t=23.7m
Ep0 step7150 loss=0.0393 t=23.9m
Ep0 step7200 loss=0.0393 t=24.1m
Ep0 step7250 loss=0.0391 t=24.2m
Ep0 step7300 loss=0.0391 t=24.4m
Ep0 step7350 loss=0.0390 t=24.6m
Ep0 step7400 loss=0.0387 t=24.8m
Ep0 step7450 loss=0.0385 t=25.0m
Ep0 step7500 loss=0.0386 t=25.2m
Ep0 step7550 loss=0.0388 t=25.3m
Ep0 step7600 loss=0.0387 t=25.5m
Ep0 step7650 loss=0.0385 t=25.7m
Ep0 step7700 loss=0.0385 t=25.9m
Ep0 step7750 loss=0.0383 t=26.0m
Ep0 step7800 loss=0.0381 t=26.2m
Ep0 step7850 loss=0.0381 t=26.4m
Ep0 step7900 loss=0.0383 t=26.5m
Ep0 step7950 loss=0.0382 t=26.7m
Ep0 step8000 loss=0.0381 t=26.9m
Ep0 step8050 loss=0.0379 t=27.0m
Ep0 step8100 loss=0.0378 t=27.2m
Ep0 step8150 loss=0.0376 t=27.4m
Ep0 step8200 loss=0.0374 t=27.5m
Ep0 step8250 loss=0.0374 t=27.7m
Ep0 step8300 loss=0.0374 t=27.8m
Ep0 step8350 loss=0.0372 t=28.0m
Ep0 step8400 loss=0.0370 t=28.2m
Ep0 step8450 loss=0.0368 t=28.3m
Ep0 step8500 loss=0.0368 t=28.5m
Ep0 step8550 loss=0.0366 t=28.7m
Ep0 step8600 loss=0.0364 t=28.9m
Ep0 step8650 loss=0.0362 t=29.0m
Ep0 step8700 loss=0.0362 t=29.2m
Ep0 step8750 loss=0.0360 t=29.4m
Ep0 step8800 loss=0.0359 t=29.5m
Ep0 step8850 loss=0.0357 t=29.7m
Ep0 step8900 loss=0.0355 t=29.9m
Ep0 step8950 loss=0.0354 t=30.0m
Ep0 step9000 loss=0.0352 t=30.2m
Ep0 step9050 loss=0.0351 t=30.4m
Ep0 step9100 loss=0.0350 t=30.6m
Ep0 step9150 loss=0.0349 t=30.7m
Ep0 step9200 loss=0.0349 t=30.9m
Ep0 step9250 loss=0.0347 t=31.1m
Ep0 step9300 loss=0.0346 t=31.3m
Ep0 step9350 loss=0.0344 t=31.4m
Ep0 step9400 loss=0.0342 t=31.6m
Ep0 step9450 loss=0.0342 t=31.8m
Ep0 step9500 loss=0.0342 t=32.0m
Ep0 step9550 loss=0.0341 t=32.1m
Ep0 step9600 loss=0.0341 t=32.3m
Ep0 step9650 loss=0.0339 t=32.5m
Ep0 step9700 loss=0.0339 t=32.6m
Ep0 step9750 loss=0.0338 t=32.8m
Ep0 step9800 loss=0.0336 t=33.0m
Ep0 step9850 loss=0.0336 t=33.1m
Ep0 step9900 loss=0.0336 t=33.3m
Ep0 step9950 loss=0.0336 t=33.5m
Ep0 step10000 loss=0.0335 t=33.6m
Ep0 step10050 loss=0.0333 t=33.8m
Ep0 step10100 loss=0.0332 t=34.0m
Ep0 step10150 loss=0.0330 t=34.1m
Ep0 step10200 loss=0.0330 t=34.3m
Ep0 step10250 loss=0.0330 t=34.5m
Ep0 step10300 loss=0.0329 t=34.6m
Ep0 step10350 loss=0.0328 t=34.8m
Ep0 step10400 loss=0.0326 t=35.0m
Ep0 step10450 loss=0.0324 t=35.1m
Ep0 step10500 loss=0.0325 t=35.3m
Ep0 step10550 loss=0.0324 t=35.5m
Ep0 step10600 loss=0.0324 t=35.6m
Ep0 step10650 loss=0.0324 t=35.8m
Ep0 step10700 loss=0.0324 t=36.0m
Ep0 step10750 loss=0.0323 t=36.1m
Ep0 step10800 loss=0.0321 t=36.3m
Ep0 step10850 loss=0.0320 t=36.5m
Ep0 step10900 loss=0.0320 t=36.6m
Ep0 step10950 loss=0.0320 t=36.8m
Ep0 step11000 loss=0.0320 t=37.0m
Ep0 step11050 loss=0.0319 t=37.1m
Ep0 step11100 loss=0.0319 t=37.3m
Ep0 step11150 loss=0.0317 t=37.5m
Ep0 step11200 loss=0.0319 t=37.6m
Ep0 step11250 loss=0.0318 t=37.8m
Ep0 step11300 loss=0.0318 t=38.0m
Ep0 step11350 loss=0.0317 t=38.1m
Ep0 step11400 loss=0.0317 t=38.3m
Ep0 step11450 loss=0.0317 t=38.5m
Ep0 step11500 loss=0.0317 t=38.6m
Ep0 step11550 loss=0.0316 t=38.8m
Ep0 step11600 loss=0.0316 t=39.0m
Ep0 step11650 loss=0.0316 t=39.1m
Ep0 step11700 loss=0.0316 t=39.3m
Ep0 step11750 loss=0.0315 t=39.5m
Ep0 step11800 loss=0.0314 t=39.6m
Ep0 step11850 loss=0.0313 t=39.8m
Ep0 step11900 loss=0.0312 t=40.0m
Ep0 step11950 loss=0.0312 t=40.1m
Ep0 step12000 loss=0.0311 t=40.3m
Ep0 step12050 loss=0.0312 t=40.5m
Ep0 step12100 loss=0.0310 t=40.6m
Ep0 step12150 loss=0.0310 t=40.8m
Ep0 step12200 loss=0.0310 t=41.0m
Ep0 step12250 loss=0.0309 t=41.1m
Ep0 step12300 loss=0.0309 t=41.3m
Ep0 step12350 loss=0.0308 t=41.5m
Ep0 step12400 loss=0.0306 t=41.7m
Ep0 step12450 loss=0.0306 t=41.8m
Ep0 step12500 loss=0.0305 t=42.0m
Ep0 step12550 loss=0.0304 t=42.2m
Ep0 step12600 loss=0.0303 t=42.3m
Ep0 step12650 loss=0.0302 t=42.5m
Ep0 step12700 loss=0.0302 t=42.6m
Ep0 step12750 loss=0.0301 t=42.8m
Ep0 step12800 loss=0.0300 t=43.0m
Ep0 step12850 loss=0.0299 t=43.1m
Ep0 step12900 loss=0.0299 t=43.3m
Ep0 step12950 loss=0.0299 t=43.5m
Ep0 step13000 loss=0.0299 t=43.7m
Ep0 step13050 loss=0.0298 t=43.8m
Ep0 step13100 loss=0.0298 t=44.0m
Ep0 step13150 loss=0.0299 t=44.1m
Ep0 step13200 loss=0.0298 t=44.3m
Ep0 step13250 loss=0.0297 t=44.5m
Ep0 step13300 loss=0.0296 t=44.6m
Ep0 step13350 loss=0.0296 t=44.8m
Ep0 step13400 loss=0.0297 t=45.0m
Ep0 step13450 loss=0.0297 t=45.1m
Ep0 step13500 loss=0.0297 t=45.3m
Ep0 step13550 loss=0.0296 t=45.5m
Ep0 step13600 loss=0.0296 t=45.6m
Ep0 step13650 loss=0.0295 t=45.8m
Ep0 step13700 loss=0.0295 t=45.9m
Ep0 step13750 loss=0.0296 t=46.1m
Ep0 step13800 loss=0.0295 t=46.3m
Ep0 step13850 loss=0.0294 t=46.4m
Ep0 step13900 loss=0.0294 t=46.6m
Ep0 step13950 loss=0.0293 t=46.8m
Ep0 step14000 loss=0.0292 t=46.9m
Ep0 step14050 loss=0.0292 t=47.1m
Ep0 step14100 loss=0.0293 t=47.2m
Ep0 step14150 loss=0.0292 t=47.4m
Ep0 step14200 loss=0.0292 t=47.6m
Ep0 step14250 loss=0.0291 t=47.7m
Ep0 step14300 loss=0.0291 t=47.9m
Ep0 step14350 loss=0.0291 t=48.1m
Ep0 step14400 loss=0.0290 t=48.2m
Ep0 step14450 loss=0.0291 t=48.4m
Ep0 step14500 loss=0.0290 t=48.5m
Ep0 step14550 loss=0.0291 t=48.7m
Ep0 step14600 loss=0.0290 t=48.9m
Ep0 step14650 loss=0.0290 t=49.0m
Ep0 step14700 loss=0.0289 t=49.2m
Ep0 step14750 loss=0.0288 t=49.4m
Ep0 step14800 loss=0.0287 t=49.5m
Ep0 step14850 loss=0.0286 t=49.7m
Ep0 step14900 loss=0.0286 t=49.9m
Ep0 step14950 loss=0.0285 t=50.1m
Ep0 step15000 loss=0.0285 t=50.2m
Ep0 step15050 loss=0.0285 t=50.4m
Ep0 step15100 loss=0.0286 t=50.6m
Ep0 step15150 loss=0.0285 t=50.7m
Ep0 step15200 loss=0.0284 t=50.9m
Ep0 step15250 loss=0.0284 t=51.1m
Ep0 step15300 loss=0.0283 t=51.3m
Ep0 step15350 loss=0.0283 t=51.5m
Ep0 step15400 loss=0.0284 t=51.6m
Epoch 0 finished. avg_loss=0.0283
Evaluating on dev...
Dev accuracy: 0.8402
  *** New best model saved (dev_acc=0.8402) ***
Ep1 step50 loss=0.0054 t=0.2m
Ep1 step100 loss=0.0116 t=0.4m
Ep1 step150 loss=0.0197 t=0.5m
Ep1 step200 loss=0.0150 t=0.7m
Ep1 step250 loss=0.0122 t=0.9m
Ep1 step300 loss=0.0103 t=1.1m
Ep1 step350 loss=0.0127 t=1.3m
Ep1 step400 loss=0.0138 t=1.4m
Ep1 step450 loss=0.0130 t=1.6m
Ep1 step500 loss=0.0117 t=1.8m
Ep1 step550 loss=0.0137 t=2.0m
Ep1 step600 loss=0.0128 t=2.2m
Ep1 step650 loss=0.0119 t=2.3m
Ep1 step700 loss=0.0124 t=2.5m
Ep1 step750 loss=0.0119 t=2.7m
Ep1 step800 loss=0.0130 t=2.9m
Ep1 step850 loss=0.0131 t=3.1m
Ep1 step900 loss=0.0127 t=3.2m
Ep1 step950 loss=0.0124 t=3.4m
Ep1 step1000 loss=0.0130 t=3.6m
Ep1 step1050 loss=0.0133 t=3.8m
Ep1 step1100 loss=0.0132 t=4.0m
Ep1 step1150 loss=0.0131 t=4.1m
Ep1 step1200 loss=0.0137 t=4.3m
Ep1 step1250 loss=0.0136 t=4.5m
Ep1 step1300 loss=0.0135 t=4.7m
Ep1 step1350 loss=0.0134 t=4.9m
Ep1 step1400 loss=0.0132 t=5.0m
Ep1 step1450 loss=0.0136 t=5.2m
Ep1 step1500 loss=0.0139 t=5.4m
Ep1 step1550 loss=0.0135 t=5.6m
Ep1 step1600 loss=0.0137 t=5.7m
Ep1 step1650 loss=0.0133 t=5.9m
Ep1 step1700 loss=0.0131 t=6.1m
Ep1 step1750 loss=0.0132 t=6.3m
Ep1 step1800 loss=0.0132 t=6.5m
Ep1 step1850 loss=0.0129 t=6.7m
Ep1 step1900 loss=0.0129 t=6.8m
Ep1 step1950 loss=0.0130 t=7.0m
Ep1 step2000 loss=0.0133 t=7.2m
Ep1 step2050 loss=0.0135 t=7.4m
Ep1 step2100 loss=0.0134 t=7.6m
Ep1 step2150 loss=0.0135 t=7.7m
Ep1 step2200 loss=0.0133 t=7.9m
Ep1 step2250 loss=0.0131 t=8.1m
Ep1 step2300 loss=0.0128 t=8.3m
Ep1 step2350 loss=0.0129 t=8.5m
Ep1 step2400 loss=0.0139 t=8.6m
Ep1 step2450 loss=0.0137 t=8.8m
Ep1 step2500 loss=0.0139 t=9.0m
Ep1 step2550 loss=0.0140 t=9.2m
Ep1 step2600 loss=0.0138 t=9.3m
Ep1 step2650 loss=0.0137 t=9.5m
Ep1 step2700 loss=0.0135 t=9.7m
Ep1 step2750 loss=0.0132 t=9.9m
Ep1 step2800 loss=0.0131 t=10.1m
Ep1 step2850 loss=0.0137 t=10.2m
Ep1 step2900 loss=0.0138 t=10.4m
Ep1 step2950 loss=0.0141 t=10.6m
Ep1 step3000 loss=0.0142 t=10.8m
Ep1 step3050 loss=0.0140 t=11.0m
Ep1 step3100 loss=0.0141 t=11.2m
Ep1 step3150 loss=0.0139 t=11.3m
Ep1 step3200 loss=0.0137 t=11.5m
Ep1 step3250 loss=0.0136 t=11.7m
Ep1 step3300 loss=0.0139 t=11.9m
Ep1 step3350 loss=0.0138 t=12.1m
Ep1 step3400 loss=0.0138 t=12.2m
Ep1 step3450 loss=0.0136 t=12.4m
Ep1 step3500 loss=0.0134 t=12.6m
Ep1 step3550 loss=0.0133 t=12.8m
Ep1 step3600 loss=0.0132 t=13.0m
Ep1 step3650 loss=0.0136 t=13.2m
Ep1 step3700 loss=0.0134 t=13.3m
Ep1 step3750 loss=0.0134 t=13.5m
Ep1 step3800 loss=0.0132 t=13.7m
Ep1 step3850 loss=0.0136 t=13.9m
Ep1 step3900 loss=0.0134 t=14.0m
Ep1 step3950 loss=0.0139 t=14.2m
Ep1 step4000 loss=0.0138 t=14.4m
Ep1 step4050 loss=0.0139 t=14.5m
Ep1 step4100 loss=0.0138 t=14.7m
Ep1 step4150 loss=0.0138 t=14.9m
Ep1 step4200 loss=0.0139 t=15.0m
Ep1 step4250 loss=0.0140 t=15.2m
Ep1 step4300 loss=0.0142 t=15.4m
Ep1 step4350 loss=0.0142 t=15.5m
Ep1 step4400 loss=0.0141 t=15.7m
Ep1 step4450 loss=0.0141 t=15.9m
Ep1 step4500 loss=0.0142 t=16.1m
Ep1 step4550 loss=0.0141 t=16.3m
Ep1 step4600 loss=0.0142 t=16.4m
Ep1 step4650 loss=0.0140 t=16.6m
Ep1 step4700 loss=0.0141 t=16.8m
Ep1 step4750 loss=0.0142 t=17.0m
Ep1 step4800 loss=0.0144 t=17.2m
Ep1 step4850 loss=0.0142 t=17.3m
Ep1 step4900 loss=0.0142 t=17.5m
Ep1 step4950 loss=0.0142 t=17.7m
Ep1 step5000 loss=0.0142 t=17.9m
Ep1 step5050 loss=0.0141 t=18.0m
Ep1 step5100 loss=0.0140 t=18.2m
Ep1 step5150 loss=0.0141 t=18.4m
Ep1 step5200 loss=0.0140 t=18.6m
Ep1 step5250 loss=0.0139 t=18.8m
Ep1 step5300 loss=0.0139 t=18.9m
Ep1 step5350 loss=0.0142 t=19.1m
Ep1 step5400 loss=0.0143 t=19.3m
Ep1 step5450 loss=0.0143 t=19.5m
Ep1 step5500 loss=0.0142 t=19.7m
Ep1 step5550 loss=0.0144 t=19.8m
Ep1 step5600 loss=0.0146 t=20.0m
Ep1 step5650 loss=0.0146 t=20.2m
Ep1 step5700 loss=0.0146 t=20.4m
Ep1 step5750 loss=0.0145 t=20.6m
Ep1 step5800 loss=0.0146 t=20.7m
Ep1 step5850 loss=0.0149 t=20.9m
Ep1 step5900 loss=0.0148 t=21.1m
Ep1 step5950 loss=0.0151 t=21.3m
Ep1 step6000 loss=0.0151 t=21.5m
Ep1 step6050 loss=0.0150 t=21.7m
Ep1 step6100 loss=0.0152 t=21.9m
Ep1 step6150 loss=0.0151 t=22.0m
Ep1 step6200 loss=0.0150 t=22.2m
Ep1 step6250 loss=0.0149 t=22.4m
Ep1 step6300 loss=0.0148 t=22.6m
Ep1 step6350 loss=0.0149 t=22.7m
Ep1 step6400 loss=0.0149 t=22.9m
Ep1 step6450 loss=0.0149 t=23.1m
Ep1 step6500 loss=0.0148 t=23.3m
Ep1 step6550 loss=0.0147 t=23.4m
Ep1 step6600 loss=0.0147 t=23.6m
Ep1 step6650 loss=0.0146 t=23.8m
Ep1 step6700 loss=0.0146 t=24.0m
Ep1 step6750 loss=0.0145 t=24.2m
Ep1 step6800 loss=0.0146 t=24.3m
Ep1 step6850 loss=0.0145 t=24.5m
Ep1 step6900 loss=0.0145 t=24.7m
Ep1 step6950 loss=0.0146 t=24.9m
Ep1 step7000 loss=0.0145 t=25.1m
Ep1 step7050 loss=0.0145 t=25.2m
Ep1 step7100 loss=0.0144 t=25.4m
Ep1 step7150 loss=0.0143 t=25.6m
Ep1 step7200 loss=0.0142 t=25.8m
Ep1 step7250 loss=0.0143 t=26.0m
Ep1 step7300 loss=0.0142 t=26.1m
Ep1 step7350 loss=0.0141 t=26.3m
Ep1 step7400 loss=0.0141 t=26.5m
Ep1 step7450 loss=0.0141 t=26.7m
Ep1 step7500 loss=0.0141 t=26.8m
Ep1 step7550 loss=0.0145 t=27.0m
Ep1 step7600 loss=0.0144 t=27.2m
Ep1 step7650 loss=0.0145 t=27.4m
Ep1 step7700 loss=0.0145 t=27.5m
Ep1 step7750 loss=0.0149 t=27.7m
Ep1 step7800 loss=0.0148 t=27.9m
Ep1 step7850 loss=0.0148 t=28.1m
Ep1 step7900 loss=0.0149 t=28.2m
Ep1 step7950 loss=0.0149 t=28.4m
Ep1 step8000 loss=0.0149 t=28.6m
Ep1 step8050 loss=0.0149 t=28.8m
Ep1 step8100 loss=0.0148 t=28.9m
Ep1 step8150 loss=0.0148 t=29.1m
Ep1 step8200 loss=0.0148 t=29.3m
Ep1 step8250 loss=0.0148 t=29.5m
Ep1 step8300 loss=0.0150 t=29.6m
Ep1 step8350 loss=0.0149 t=29.8m
Ep1 step8400 loss=0.0150 t=30.0m
Ep1 step8450 loss=0.0151 t=30.2m
Ep1 step8500 loss=0.0150 t=30.3m
Ep1 step8550 loss=0.0150 t=30.5m
Ep1 step8600 loss=0.0150 t=30.7m
Ep1 step8650 loss=0.0150 t=30.9m
Ep1 step8700 loss=0.0149 t=31.1m
Ep1 step8750 loss=0.0149 t=31.2m
Ep1 step8800 loss=0.0149 t=31.4m
Ep1 step8850 loss=0.0148 t=31.6m
Ep1 step8900 loss=0.0148 t=31.8m
Ep1 step8950 loss=0.0148 t=31.9m
Ep1 step9000 loss=0.0148 t=32.1m
Ep1 step9050 loss=0.0148 t=32.3m
Ep1 step9100 loss=0.0147 t=32.5m
Ep1 step9150 loss=0.0147 t=32.7m
Ep1 step9200 loss=0.0149 t=32.8m
Ep1 step9250 loss=0.0149 t=33.0m
Ep1 step9300 loss=0.0148 t=33.2m
Ep1 step9350 loss=0.0148 t=33.4m
Ep1 step9400 loss=0.0148 t=33.5m
Ep1 step9450 loss=0.0148 t=33.7m
Ep1 step9500 loss=0.0148 t=33.9m
Ep1 step9550 loss=0.0148 t=34.1m
Ep1 step9600 loss=0.0147 t=34.3m
Ep1 step9650 loss=0.0147 t=34.4m
Ep1 step9700 loss=0.0146 t=34.6m
Ep1 step9750 loss=0.0147 t=34.8m
Ep1 step9800 loss=0.0147 t=35.0m
Ep1 step9850 loss=0.0147 t=35.1m
Ep1 step9900 loss=0.0147 t=35.3m
Ep1 step9950 loss=0.0147 t=35.5m
Ep1 step10000 loss=0.0147 t=35.7m
Ep1 step10050 loss=0.0147 t=35.9m
Ep1 step10100 loss=0.0147 t=36.0m
Ep1 step10150 loss=0.0147 t=36.2m
Ep1 step10200 loss=0.0146 t=36.4m
Ep1 step10250 loss=0.0146 t=36.6m
Ep1 step10300 loss=0.0146 t=36.8m
Ep1 step10350 loss=0.0147 t=37.0m
Ep1 step10400 loss=0.0147 t=37.1m
Ep1 step10450 loss=0.0147 t=37.3m
Ep1 step10500 loss=0.0148 t=37.5m
Ep1 step10550 loss=0.0148 t=37.7m
Ep1 step10600 loss=0.0148 t=37.8m
Ep1 step10650 loss=0.0149 t=38.0m
Ep1 step10700 loss=0.0148 t=38.2m
Ep1 step10750 loss=0.0148 t=38.4m
Ep1 step10800 loss=0.0147 t=38.5m
Ep1 step10850 loss=0.0148 t=38.7m
Ep1 step10900 loss=0.0148 t=38.9m
Ep1 step10950 loss=0.0147 t=39.1m
Ep1 step11000 loss=0.0147 t=39.3m
Ep1 step11050 loss=0.0147 t=39.4m
Ep1 step11100 loss=0.0146 t=39.6m
Ep1 step11150 loss=0.0146 t=39.8m
Ep1 step11200 loss=0.0145 t=40.0m
Ep1 step11250 loss=0.0145 t=40.2m
Ep1 step11300 loss=0.0145 t=40.4m
Ep1 step11350 loss=0.0144 t=40.5m
Ep1 step11400 loss=0.0144 t=40.7m
Ep1 step11450 loss=0.0145 t=40.9m
Ep1 step11500 loss=0.0146 t=41.1m
Ep1 step11550 loss=0.0146 t=41.3m
Ep1 step11600 loss=0.0145 t=41.5m
Ep1 step11650 loss=0.0146 t=41.6m
Ep1 step11700 loss=0.0145 t=41.8m
Ep1 step11750 loss=0.0145 t=42.0m
Ep1 step11800 loss=0.0144 t=42.2m
Ep1 step11850 loss=0.0144 t=42.4m
Ep1 step11900 loss=0.0143 t=42.6m
Ep1 step11950 loss=0.0144 t=42.7m
Ep1 step12000 loss=0.0143 t=42.9m
Ep1 step12050 loss=0.0143 t=43.1m
Ep1 step12100 loss=0.0143 t=43.3m
Ep1 step12150 loss=0.0145 t=43.5m
Ep1 step12200 loss=0.0145 t=43.7m
Ep1 step12250 loss=0.0144 t=43.8m
Ep1 step12300 loss=0.0146 t=44.0m
Ep1 step12350 loss=0.0146 t=44.2m
Ep1 step12400 loss=0.0146 t=44.4m
Ep1 step12450 loss=0.0146 t=44.5m
Ep1 step12500 loss=0.0147 t=44.7m
Ep1 step12550 loss=0.0147 t=44.9m
Ep1 step12600 loss=0.0146 t=45.1m
Ep1 step12650 loss=0.0146 t=45.3m
Ep1 step12700 loss=0.0145 t=45.4m
Ep1 step12750 loss=0.0145 t=45.6m
Ep1 step12800 loss=0.0145 t=45.8m
Ep1 step12850 loss=0.0144 t=46.0m
Ep1 step12900 loss=0.0144 t=46.1m
Ep1 step12950 loss=0.0145 t=46.3m
Ep1 step13000 loss=0.0145 t=46.5m
Ep1 step13050 loss=0.0145 t=46.7m
Ep1 step13100 loss=0.0145 t=46.9m
Ep1 step13150 loss=0.0145 t=47.1m
Ep1 step13200 loss=0.0144 t=47.2m
Ep1 step13250 loss=0.0144 t=47.4m
Ep1 step13300 loss=0.0144 t=47.6m
Ep1 step13350 loss=0.0143 t=47.8m
Ep1 step13400 loss=0.0143 t=48.0m
Ep1 step13450 loss=0.0143 t=48.1m
Ep1 step13500 loss=0.0143 t=48.3m
Ep1 step13550 loss=0.0143 t=48.5m
Ep1 step13600 loss=0.0143 t=48.7m
Ep1 step13650 loss=0.0143 t=48.9m
Ep1 step13700 loss=0.0144 t=49.0m
Ep1 step13750 loss=0.0143 t=49.2m
Ep1 step13800 loss=0.0143 t=49.4m
Ep1 step13850 loss=0.0143 t=49.6m
Ep1 step13900 loss=0.0142 t=49.7m
Ep1 step13950 loss=0.0142 t=49.9m
Ep1 step14000 loss=0.0142 t=50.1m
Ep1 step14050 loss=0.0142 t=50.3m
Ep1 step14100 loss=0.0142 t=50.5m
Ep1 step14150 loss=0.0142 t=50.6m
Ep1 step14200 loss=0.0142 t=50.8m
Ep1 step14250 loss=0.0142 t=51.0m
Ep1 step14300 loss=0.0142 t=51.2m
Ep1 step14350 loss=0.0141 t=51.4m
Ep1 step14400 loss=0.0141 t=51.5m
Ep1 step14450 loss=0.0140 t=51.7m
Ep1 step14500 loss=0.0141 t=51.9m
Ep1 step14550 loss=0.0141 t=52.1m
Ep1 step14600 loss=0.0141 t=52.3m
Ep1 step14650 loss=0.0141 t=52.4m
Ep1 step14700 loss=0.0141 t=52.6m
Ep1 step14750 loss=0.0141 t=52.8m
Ep1 step14800 loss=0.0141 t=53.0m
Ep1 step14850 loss=0.0142 t=53.1m
Ep1 step14900 loss=0.0142 t=53.3m
Ep1 step14950 loss=0.0143 t=53.5m
Ep1 step15000 loss=0.0142 t=53.7m
Ep1 step15050 loss=0.0142 t=53.9m
Ep1 step15100 loss=0.0142 t=54.1m
Ep1 step15150 loss=0.0142 t=54.2m
Ep1 step15200 loss=0.0142 t=54.4m
Ep1 step15250 loss=0.0142 t=54.6m
Ep1 step15300 loss=0.0142 t=54.8m
Ep1 step15350 loss=0.0142 t=55.0m
Ep1 step15400 loss=0.0141 t=55.1m
Epoch 1 finished. avg_loss=0.0142
Evaluating on dev...
Dev accuracy: 0.8430
  *** New best model saved (dev_acc=0.8430) ***
Ep2 step50 loss=0.0698 t=0.2m
Ep2 step100 loss=0.0355 t=0.3m
Ep2 step150 loss=0.0324 t=0.5m
Ep2 step200 loss=0.0284 t=0.7m
Ep2 step250 loss=0.0228 t=0.9m
Ep2 step300 loss=0.0192 t=1.1m
Ep2 step350 loss=0.0180 t=1.3m
Ep2 step400 loss=0.0161 t=1.4m
Ep2 step450 loss=0.0144 t=1.6m
Ep2 step500 loss=0.0144 t=1.8m
Ep2 step550 loss=0.0132 t=2.0m
Ep2 step600 loss=0.0121 t=2.2m
Ep2 step650 loss=0.0112 t=2.3m
Ep2 step700 loss=0.0105 t=2.5m
Ep2 step750 loss=0.0134 t=2.7m
Ep2 step800 loss=0.0126 t=2.9m
Ep2 step850 loss=0.0119 t=3.1m
Ep2 step900 loss=0.0139 t=3.2m
Ep2 step950 loss=0.0133 t=3.4m
Ep2 step1000 loss=0.0133 t=3.6m
Ep2 step1050 loss=0.0127 t=3.8m
Ep2 step1100 loss=0.0124 t=3.9m
Ep2 step1150 loss=0.0119 t=4.1m
Ep2 step1200 loss=0.0120 t=4.3m
Ep2 step1250 loss=0.0116 t=4.5m
Ep2 step1300 loss=0.0116 t=4.6m
Ep2 step1350 loss=0.0129 t=4.8m
Ep2 step1400 loss=0.0124 t=5.0m
Ep2 step1450 loss=0.0123 t=5.2m
Ep2 step1500 loss=0.0126 t=5.4m
Ep2 step1550 loss=0.0122 t=5.5m
Ep2 step1600 loss=0.0123 t=5.7m
Ep2 step1650 loss=0.0123 t=5.9m
Ep2 step1700 loss=0.0119 t=6.1m
Ep2 step1750 loss=0.0118 t=6.3m
Ep2 step1800 loss=0.0120 t=6.4m
Ep2 step1850 loss=0.0118 t=6.6m
Ep2 step1900 loss=0.0118 t=6.8m
Ep2 step1950 loss=0.0115 t=7.0m
Ep2 step2000 loss=0.0115 t=7.2m
Ep2 step2050 loss=0.0112 t=7.3m
Ep2 step2100 loss=0.0118 t=7.5m
Ep2 step2150 loss=0.0116 t=7.7m
Ep2 step2200 loss=0.0114 t=7.9m
Ep2 step2250 loss=0.0111 t=8.1m
Ep2 step2300 loss=0.0111 t=8.2m
Ep2 step2350 loss=0.0112 t=8.4m
Ep2 step2400 loss=0.0113 t=8.6m
Ep2 step2450 loss=0.0115 t=8.8m
Ep2 step2500 loss=0.0115 t=9.0m
Ep2 step2550 loss=0.0117 t=9.1m
Ep2 step2600 loss=0.0118 t=9.3m
Ep2 step2650 loss=0.0118 t=9.5m
Ep2 step2700 loss=0.0116 t=9.6m
Ep2 step2750 loss=0.0114 t=9.8m
Ep2 step2800 loss=0.0114 t=10.0m
Ep2 step2850 loss=0.0118 t=10.2m
Ep2 step2900 loss=0.0116 t=10.4m
Ep2 step2950 loss=0.0116 t=10.5m
Ep2 step3000 loss=0.0117 t=10.7m
Ep2 step3050 loss=0.0117 t=10.9m
Ep2 step3100 loss=0.0122 t=11.1m
Ep2 step3150 loss=0.0124 t=11.3m
Ep2 step3200 loss=0.0125 t=11.4m
Ep2 step3250 loss=0.0125 t=11.6m
Ep2 step3300 loss=0.0123 t=11.8m
Ep2 step3350 loss=0.0124 t=12.0m
Ep2 step3400 loss=0.0123 t=12.2m
Ep2 step3450 loss=0.0125 t=12.3m
Ep2 step3500 loss=0.0125 t=12.5m
Ep2 step3550 loss=0.0125 t=12.7m
Ep2 step3600 loss=0.0124 t=12.9m
Ep2 step3650 loss=0.0123 t=13.1m
Ep2 step3700 loss=0.0124 t=13.3m
Ep2 step3750 loss=0.0123 t=13.4m
Ep2 step3800 loss=0.0124 t=13.6m
Ep2 step3850 loss=0.0122 t=13.8m
Ep2 step3900 loss=0.0123 t=14.0m
Ep2 step3950 loss=0.0123 t=14.2m
Ep2 step4000 loss=0.0123 t=14.3m
Ep2 step4050 loss=0.0122 t=14.5m
Ep2 step4100 loss=0.0122 t=14.7m
Ep2 step4150 loss=0.0121 t=14.9m
Ep2 step4200 loss=0.0120 t=15.1m
Ep2 step4250 loss=0.0121 t=15.2m
Ep2 step4300 loss=0.0120 t=15.4m
Ep2 step4350 loss=0.0120 t=15.6m
Ep2 step4400 loss=0.0120 t=15.8m
Ep2 step4450 loss=0.0118 t=16.0m
Ep2 step4500 loss=0.0119 t=16.2m
Ep2 step4550 loss=0.0117 t=16.3m
Ep2 step4600 loss=0.0116 t=16.5m
Ep2 step4650 loss=0.0117 t=16.7m
Ep2 step4700 loss=0.0117 t=16.9m
Ep2 step4750 loss=0.0116 t=17.1m
Ep2 step4800 loss=0.0115 t=17.2m
Ep2 step4850 loss=0.0116 t=17.4m
Ep2 step4900 loss=0.0117 t=17.6m
Ep2 step4950 loss=0.0117 t=17.8m
Ep2 step5000 loss=0.0116 t=18.0m
Ep2 step5050 loss=0.0117 t=18.1m
Ep2 step5100 loss=0.0121 t=18.3m
Ep2 step5150 loss=0.0120 t=18.5m
Ep2 step5200 loss=0.0119 t=18.7m
Ep2 step5250 loss=0.0118 t=18.8m
Ep2 step5300 loss=0.0119 t=19.0m
Ep2 step5350 loss=0.0120 t=19.2m
Ep2 step5400 loss=0.0120 t=19.4m
Ep2 step5450 loss=0.0119 t=19.6m
Ep2 step5500 loss=0.0118 t=19.8m
Ep2 step5550 loss=0.0117 t=19.9m
Ep2 step5600 loss=0.0120 t=20.1m
Ep2 step5650 loss=0.0120 t=20.3m
Ep2 step5700 loss=0.0119 t=20.5m
Ep2 step5750 loss=0.0120 t=20.7m
Ep2 step5800 loss=0.0119 t=20.8m
Ep2 step5850 loss=0.0118 t=21.0m
Ep2 step5900 loss=0.0117 t=21.2m
Ep2 step5950 loss=0.0116 t=21.4m
Ep2 step6000 loss=0.0116 t=21.5m
Ep2 step6050 loss=0.0118 t=21.7m
Ep2 step6100 loss=0.0120 t=21.9m
Ep2 step6150 loss=0.0122 t=22.1m
Ep2 step6200 loss=0.0121 t=22.3m
Ep2 step6250 loss=0.0120 t=22.4m
Ep2 step6300 loss=0.0119 t=22.6m
Ep2 step6350 loss=0.0118 t=22.8m
Ep2 step6400 loss=0.0118 t=23.0m
Ep2 step6450 loss=0.0117 t=23.2m
Ep2 step6500 loss=0.0121 t=23.3m
Ep2 step6550 loss=0.0123 t=23.5m
Ep2 step6600 loss=0.0122 t=23.7m
Ep2 step6650 loss=0.0122 t=23.9m
Ep2 step6700 loss=0.0121 t=24.1m
Ep2 step6750 loss=0.0120 t=24.2m
Ep2 step6800 loss=0.0121 t=24.4m
Ep2 step6850 loss=0.0120 t=24.6m
Ep2 step6900 loss=0.0120 t=24.8m
Ep2 step6950 loss=0.0119 t=25.0m
Ep2 step7000 loss=0.0119 t=25.1m
Ep2 step7050 loss=0.0119 t=25.3m
Ep2 step7100 loss=0.0118 t=25.5m
Ep2 step7150 loss=0.0119 t=25.7m
Ep2 step7200 loss=0.0119 t=25.8m
Ep2 step7250 loss=0.0118 t=26.0m
Ep2 step7300 loss=0.0118 t=26.2m
Ep2 step7350 loss=0.0118 t=26.4m
Ep2 step7400 loss=0.0119 t=26.6m
Ep2 step7450 loss=0.0119 t=26.7m
Ep2 step7500 loss=0.0118 t=26.9m
Ep2 step7550 loss=0.0119 t=27.1m
Ep2 step7600 loss=0.0120 t=27.3m
Ep2 step7650 loss=0.0119 t=27.5m
Ep2 step7700 loss=0.0119 t=27.6m
Ep2 step7750 loss=0.0118 t=27.8m
Ep2 step7800 loss=0.0117 t=28.0m
Ep2 step7850 loss=0.0117 t=28.2m
Ep2 step7900 loss=0.0117 t=28.3m
Ep2 step7950 loss=0.0119 t=28.5m
Ep2 step8000 loss=0.0120 t=28.7m
Ep2 step8050 loss=0.0119 t=28.9m
Ep2 step8100 loss=0.0119 t=29.1m
Ep2 step8150 loss=0.0118 t=29.2m
Ep2 step8200 loss=0.0117 t=29.4m
Ep2 step8250 loss=0.0117 t=29.6m
Ep2 step8300 loss=0.0116 t=29.8m
Ep2 step8350 loss=0.0117 t=29.9m
Ep2 step8400 loss=0.0117 t=30.1m
Ep2 step8450 loss=0.0118 t=30.3m
Ep2 step8500 loss=0.0117 t=30.5m
Ep2 step8550 loss=0.0119 t=30.7m
Ep2 step8600 loss=0.0121 t=30.8m
Ep2 step8650 loss=0.0120 t=31.0m
Ep2 step8700 loss=0.0120 t=31.2m
Ep2 step8750 loss=0.0120 t=31.4m
Ep2 step8800 loss=0.0121 t=31.6m
Ep2 step8850 loss=0.0120 t=31.7m
Ep2 step8900 loss=0.0119 t=31.9m
Ep2 step8950 loss=0.0120 t=32.1m
Ep2 step9000 loss=0.0121 t=32.3m
Ep2 step9050 loss=0.0120 t=32.5m
Ep2 step9100 loss=0.0120 t=32.6m
Ep2 step9150 loss=0.0121 t=32.8m
Ep2 step9200 loss=0.0121 t=33.0m
Ep2 step9250 loss=0.0121 t=33.2m
Ep2 step9300 loss=0.0121 t=33.3m
Ep2 step9350 loss=0.0121 t=33.5m
Ep2 step9400 loss=0.0120 t=33.7m
Ep2 step9450 loss=0.0120 t=33.9m
Ep2 step9500 loss=0.0120 t=34.1m
Ep2 step9550 loss=0.0121 t=34.2m
Ep2 step9600 loss=0.0121 t=34.4m
Ep2 step9650 loss=0.0121 t=34.6m
Ep2 step9700 loss=0.0122 t=34.8m
Ep2 step9750 loss=0.0122 t=35.0m
Ep2 step9800 loss=0.0123 t=35.1m
Ep2 step9850 loss=0.0125 t=35.3m
Ep2 step9900 loss=0.0126 t=35.5m
Ep2 step9950 loss=0.0126 t=35.7m
Ep2 step10000 loss=0.0126 t=35.8m
Ep2 step10050 loss=0.0125 t=36.0m
Ep2 step10100 loss=0.0124 t=36.2m
Ep2 step10150 loss=0.0125 t=36.4m
Ep2 step10200 loss=0.0124 t=36.6m
Ep2 step10250 loss=0.0124 t=36.7m
Ep2 step10300 loss=0.0123 t=36.9m
Ep2 step10350 loss=0.0123 t=37.1m
Ep2 step10400 loss=0.0122 t=37.3m
Ep2 step10450 loss=0.0121 t=37.4m
Ep2 step10500 loss=0.0121 t=37.6m
Ep2 step10550 loss=0.0122 t=37.8m
Ep2 step10600 loss=0.0122 t=38.0m
Ep2 step10650 loss=0.0122 t=38.2m
Ep2 step10700 loss=0.0121 t=38.3m
Ep2 step10750 loss=0.0122 t=38.5m
Ep2 step10800 loss=0.0123 t=38.7m
Ep2 step10850 loss=0.0122 t=38.9m
Ep2 step10900 loss=0.0122 t=39.1m
Ep2 step10950 loss=0.0122 t=39.2m
Ep2 step11000 loss=0.0121 t=39.4m
Ep2 step11050 loss=0.0122 t=39.6m
Ep2 step11100 loss=0.0122 t=39.8m
Ep2 step11150 loss=0.0121 t=39.9m
Ep2 step11200 loss=0.0121 t=40.1m
Ep2 step11250 loss=0.0120 t=40.3m
Ep2 step11300 loss=0.0121 t=40.5m
Ep2 step11350 loss=0.0121 t=40.7m
Ep2 step11400 loss=0.0120 t=40.9m
Ep2 step11450 loss=0.0122 t=41.1m
Ep2 step11500 loss=0.0121 t=41.2m
Ep2 step11550 loss=0.0121 t=41.4m
Ep2 step11600 loss=0.0121 t=41.6m
Ep2 step11650 loss=0.0120 t=41.8m
Ep2 step11700 loss=0.0120 t=42.0m
Ep2 step11750 loss=0.0120 t=42.1m
Ep2 step11800 loss=0.0120 t=42.3m
Ep2 step11850 loss=0.0119 t=42.5m
Ep2 step11900 loss=0.0119 t=42.7m
Ep2 step11950 loss=0.0119 t=42.8m
Ep2 step12000 loss=0.0118 t=43.0m
Ep2 step12050 loss=0.0119 t=43.2m
Ep2 step12100 loss=0.0118 t=43.4m
Ep2 step12150 loss=0.0118 t=43.6m
Ep2 step12200 loss=0.0117 t=43.7m
Ep2 step12250 loss=0.0117 t=43.9m
Ep2 step12300 loss=0.0117 t=44.1m
Ep2 step12350 loss=0.0118 t=44.3m
Ep2 step12400 loss=0.0119 t=44.5m
Ep2 step12450 loss=0.0119 t=44.6m
Ep2 step12500 loss=0.0119 t=44.8m
Ep2 step12550 loss=0.0119 t=45.0m
Ep2 step12600 loss=0.0119 t=45.2m
Ep2 step12650 loss=0.0120 t=45.4m
Ep2 step12700 loss=0.0119 t=45.6m
Ep2 step12750 loss=0.0120 t=45.7m
Ep2 step12800 loss=0.0119 t=45.9m
Ep2 step12850 loss=0.0119 t=46.1m
Ep2 step12900 loss=0.0120 t=46.3m
Ep2 step12950 loss=0.0120 t=46.4m
Ep2 step13000 loss=0.0119 t=46.6m
Ep2 step13050 loss=0.0119 t=46.8m
Ep2 step13100 loss=0.0118 t=47.0m
Ep2 step13150 loss=0.0118 t=47.1m
Ep2 step13200 loss=0.0118 t=47.3m
Ep2 step13250 loss=0.0118 t=47.5m
Ep2 step13300 loss=0.0117 t=47.7m
Ep2 step13350 loss=0.0117 t=47.9m
Ep2 step13400 loss=0.0117 t=48.0m
Ep2 step13450 loss=0.0117 t=48.2m
Ep2 step13500 loss=0.0117 t=48.4m
Ep2 step13550 loss=0.0118 t=48.6m
Ep2 step13600 loss=0.0118 t=48.8m
Ep2 step13650 loss=0.0118 t=48.9m
Ep2 step13700 loss=0.0118 t=49.1m
Ep2 step13750 loss=0.0118 t=49.3m
Ep2 step13800 loss=0.0118 t=49.5m
Ep2 step13850 loss=0.0118 t=49.6m
Ep2 step13900 loss=0.0117 t=49.8m
Ep2 step13950 loss=0.0117 t=50.0m
Ep2 step14000 loss=0.0117 t=50.2m
Ep2 step14050 loss=0.0117 t=50.3m
Ep2 step14100 loss=0.0116 t=50.5m
Ep2 step14150 loss=0.0116 t=50.7m
Ep2 step14200 loss=0.0116 t=50.9m
Ep2 step14250 loss=0.0117 t=51.1m
Ep2 step14300 loss=0.0116 t=51.3m
Ep2 step14350 loss=0.0116 t=51.4m
Ep2 step14400 loss=0.0116 t=51.6m
Ep2 step14450 loss=0.0116 t=51.8m
Ep2 step14500 loss=0.0115 t=52.0m
Ep2 step14550 loss=0.0115 t=52.2m
Ep2 step14600 loss=0.0114 t=52.3m
Ep2 step14650 loss=0.0114 t=52.5m
Ep2 step14700 loss=0.0114 t=52.7m
Ep2 step14750 loss=0.0114 t=52.9m
Ep2 step14800 loss=0.0114 t=53.1m
Ep2 step14850 loss=0.0114 t=53.3m
Ep2 step14900 loss=0.0114 t=53.4m
Ep2 step14950 loss=0.0113 t=53.6m
Ep2 step15000 loss=0.0113 t=53.8m
Ep2 step15050 loss=0.0113 t=54.0m
Ep2 step15100 loss=0.0113 t=54.2m
Ep2 step15150 loss=0.0113 t=54.3m
Ep2 step15200 loss=0.0113 t=54.5m
Ep2 step15250 loss=0.0114 t=54.7m
Ep2 step15300 loss=0.0114 t=54.9m
Ep2 step15350 loss=0.0114 t=55.1m
Ep2 step15400 loss=0.0114 t=55.3m
Epoch 2 finished. avg_loss=0.0114
Evaluating on dev...
Dev accuracy: 0.8382
Ep3 step50 loss=0.0005 t=0.2m
Ep3 step100 loss=0.0188 t=0.3m
Ep3 step150 loss=0.0183 t=0.5m
Ep3 step200 loss=0.0160 t=0.7m
Ep3 step250 loss=0.0146 t=0.9m
Ep3 step300 loss=0.0145 t=1.0m
Ep3 step350 loss=0.0137 t=1.2m
Ep3 step400 loss=0.0141 t=1.4m
Ep3 step450 loss=0.0127 t=1.6m
Ep3 step500 loss=0.0121 t=1.7m
Ep3 step550 loss=0.0133 t=1.9m
Ep3 step600 loss=0.0123 t=2.1m
Ep3 step650 loss=0.0130 t=2.3m
Ep3 step700 loss=0.0135 t=2.4m
Ep3 step750 loss=0.0126 t=2.6m
Ep3 step800 loss=0.0119 t=2.8m
Ep3 step850 loss=0.0124 t=2.9m
Ep3 step900 loss=0.0125 t=3.1m
Ep3 step950 loss=0.0119 t=3.3m
Ep3 step1000 loss=0.0119 t=3.5m
Ep3 step1050 loss=0.0118 t=3.6m
Ep3 step1100 loss=0.0114 t=3.8m
Ep3 step1150 loss=0.0109 t=4.0m
Ep3 step1200 loss=0.0105 t=4.2m
Ep3 step1250 loss=0.0101 t=4.3m
Ep3 step1300 loss=0.0097 t=4.5m
Ep3 step1350 loss=0.0093 t=4.7m
Ep3 step1400 loss=0.0094 t=4.9m
Ep3 step1450 loss=0.0091 t=5.0m
Ep3 step1500 loss=0.0088 t=5.2m
Ep3 step1550 loss=0.0085 t=5.4m
Ep3 step1600 loss=0.0083 t=5.5m
Ep3 step1650 loss=0.0084 t=5.7m
Ep3 step1700 loss=0.0086 t=5.9m
Ep3 step1750 loss=0.0084 t=6.1m
Ep3 step1800 loss=0.0082 t=6.2m
Ep3 step1850 loss=0.0084 t=6.4m
Ep3 step1900 loss=0.0082 t=6.6m
Ep3 step1950 loss=0.0080 t=6.8m
Ep3 step2000 loss=0.0081 t=6.9m
Ep3 step2050 loss=0.0080 t=7.1m
Ep3 step2100 loss=0.0082 t=7.3m
Ep3 step2150 loss=0.0080 t=7.4m
Ep3 step2200 loss=0.0079 t=7.6m
Ep3 step2250 loss=0.0077 t=7.8m
Ep3 step2300 loss=0.0075 t=7.9m
Ep3 step2350 loss=0.0075 t=8.1m
Ep3 step2400 loss=0.0075 t=8.3m
Ep3 step2450 loss=0.0074 t=8.4m
Ep3 step2500 loss=0.0075 t=8.6m
Ep3 step2550 loss=0.0075 t=8.8m
Ep3 step2600 loss=0.0074 t=8.9m
Ep3 step2650 loss=0.0078 t=9.1m
Ep3 step2700 loss=0.0079 t=9.3m
Ep3 step2750 loss=0.0079 t=9.4m
Ep3 step2800 loss=0.0082 t=9.6m
Ep3 step2850 loss=0.0084 t=9.8m
Ep3 step2900 loss=0.0086 t=10.0m
Ep3 step2950 loss=0.0085 t=10.1m
Ep3 step3000 loss=0.0083 t=10.3m
Ep3 step3050 loss=0.0087 t=10.5m
Ep3 step3100 loss=0.0086 t=10.6m
Ep3 step3150 loss=0.0085 t=10.8m
Ep3 step3200 loss=0.0083 t=11.0m
Ep3 step3250 loss=0.0083 t=11.2m
Ep3 step3300 loss=0.0086 t=11.3m
Ep3 step3350 loss=0.0085 t=11.5m
Ep3 step3400 loss=0.0085 t=11.7m
Ep3 step3450 loss=0.0087 t=11.8m
Ep3 step3500 loss=0.0088 t=12.0m
Ep3 step3550 loss=0.0086 t=12.2m
Ep3 step3600 loss=0.0086 t=12.3m
Ep3 step3650 loss=0.0085 t=12.5m
Ep3 step3700 loss=0.0084 t=12.7m
Ep3 step3750 loss=0.0083 t=12.9m
Ep3 step3800 loss=0.0082 t=13.0m
Ep3 step3850 loss=0.0081 t=13.2m
Ep3 step3900 loss=0.0083 t=13.4m
Ep3 step3950 loss=0.0082 t=13.5m
Ep3 step4000 loss=0.0082 t=13.7m
Ep3 step4050 loss=0.0084 t=13.9m
Ep3 step4100 loss=0.0085 t=14.0m
Ep3 step4150 loss=0.0085 t=14.2m
Ep3 step4200 loss=0.0090 t=14.4m
Ep3 step4250 loss=0.0090 t=14.6m
Ep3 step4300 loss=0.0090 t=14.7m
Ep3 step4350 loss=0.0089 t=14.9m
Ep3 step4400 loss=0.0088 t=15.1m
Ep3 step4450 loss=0.0088 t=15.2m
Ep3 step4500 loss=0.0089 t=15.4m
Ep3 step4550 loss=0.0088 t=15.6m
Ep3 step4600 loss=0.0087 t=15.7m
Ep3 step4650 loss=0.0089 t=15.9m
Ep3 step4700 loss=0.0090 t=16.1m
Ep3 step4750 loss=0.0089 t=16.3m
Ep3 step4800 loss=0.0088 t=16.4m
Ep3 step4850 loss=0.0087 t=16.6m
Ep3 step4900 loss=0.0089 t=16.8m
Ep3 step4950 loss=0.0088 t=17.0m
Ep3 step5000 loss=0.0087 t=17.1m
Ep3 step5050 loss=0.0086 t=17.3m
Ep3 step5100 loss=0.0086 t=17.5m
Ep3 step5150 loss=0.0085 t=17.6m
Ep3 step5200 loss=0.0085 t=17.8m
Ep3 step5250 loss=0.0085 t=18.0m
Ep3 step5300 loss=0.0087 t=18.2m
Ep3 step5350 loss=0.0088 t=18.3m
Ep3 step5400 loss=0.0088 t=18.5m
Ep3 step5450 loss=0.0087 t=18.7m
Ep3 step5500 loss=0.0087 t=18.8m
Ep3 step5550 loss=0.0086 t=19.0m
Ep3 step5600 loss=0.0086 t=19.2m
Ep3 step5650 loss=0.0085 t=19.4m
Ep3 step5700 loss=0.0085 t=19.5m
Ep3 step5750 loss=0.0086 t=19.7m
Ep3 step5800 loss=0.0087 t=19.9m
Ep3 step5850 loss=0.0087 t=20.1m
Ep3 step5900 loss=0.0086 t=20.2m
Ep3 step5950 loss=0.0087 t=20.4m
Ep3 step6000 loss=0.0087 t=20.6m
Ep3 step6050 loss=0.0086 t=20.7m
Ep3 step6100 loss=0.0088 t=20.9m
Ep3 step6150 loss=0.0087 t=21.1m
Ep3 step6200 loss=0.0088 t=21.3m
Ep3 step6250 loss=0.0087 t=21.4m
Ep3 step6300 loss=0.0088 t=21.6m
Ep3 step6350 loss=0.0089 t=21.8m
Ep3 step6400 loss=0.0090 t=21.9m
Ep3 step6450 loss=0.0091 t=22.1m
Ep3 step6500 loss=0.0090 t=22.3m
Ep3 step6550 loss=0.0090 t=22.5m
Ep3 step6600 loss=0.0089 t=22.6m
Ep3 step6650 loss=0.0089 t=22.8m
Ep3 step6700 loss=0.0088 t=23.0m
Ep3 step6750 loss=0.0089 t=23.2m
Ep3 step6800 loss=0.0091 t=23.4m
Ep3 step6850 loss=0.0091 t=23.5m
Ep3 step6900 loss=0.0090 t=23.7m
Ep3 step6950 loss=0.0091 t=23.9m
Ep3 step7000 loss=0.0091 t=24.1m
Ep3 step7050 loss=0.0090 t=24.3m
Ep3 step7100 loss=0.0091 t=24.4m
Ep3 step7150 loss=0.0090 t=24.6m
Ep3 step7200 loss=0.0092 t=24.8m
Ep3 step7250 loss=0.0093 t=25.0m
Ep3 step7300 loss=0.0092 t=25.2m
Ep3 step7350 loss=0.0093 t=25.4m
Ep3 step7400 loss=0.0093 t=25.5m
Ep3 step7450 loss=0.0093 t=25.7m
Ep3 step7500 loss=0.0092 t=25.9m
Ep3 step7550 loss=0.0093 t=26.1m
Ep3 step7600 loss=0.0092 t=26.3m
Ep3 step7650 loss=0.0092 t=26.5m
Ep3 step7700 loss=0.0091 t=26.6m
Ep3 step7750 loss=0.0091 t=26.8m
Ep3 step7800 loss=0.0092 t=27.0m
Ep3 step7850 loss=0.0094 t=27.2m
Ep3 step7900 loss=0.0094 t=27.4m
Ep3 step7950 loss=0.0093 t=27.6m
Ep3 step8000 loss=0.0093 t=27.7m
Ep3 step8050 loss=0.0092 t=27.9m
Ep3 step8100 loss=0.0092 t=28.1m
Ep3 step8150 loss=0.0092 t=28.3m
Ep3 step8200 loss=0.0091 t=28.5m
Ep3 step8250 loss=0.0091 t=28.7m
Ep3 step8300 loss=0.0092 t=28.8m
Ep3 step8350 loss=0.0092 t=29.0m
Ep3 step8400 loss=0.0093 t=29.2m
Ep3 step8450 loss=0.0094 t=29.4m
Ep3 step8500 loss=0.0093 t=29.6m
Ep3 step8550 loss=0.0093 t=29.7m
Ep3 step8600 loss=0.0093 t=29.9m
Ep3 step8650 loss=0.0093 t=30.1m
Ep3 step8700 loss=0.0093 t=30.3m
Ep3 step8750 loss=0.0093 t=30.5m
Ep3 step8800 loss=0.0092 t=30.6m
Ep3 step8850 loss=0.0092 t=30.8m
Ep3 step8900 loss=0.0091 t=31.0m
Ep3 step8950 loss=0.0091 t=31.2m
Ep3 step9000 loss=0.0092 t=31.4m
Ep3 step9050 loss=0.0094 t=31.5m
Ep3 step9100 loss=0.0094 t=31.7m
Ep3 step9150 loss=0.0094 t=31.9m
Ep3 step9200 loss=0.0093 t=32.1m
Ep3 step9250 loss=0.0093 t=32.3m
Ep3 step9300 loss=0.0092 t=32.4m
Ep3 step9350 loss=0.0092 t=32.6m
Ep3 step9400 loss=0.0092 t=32.8m
Ep3 step9450 loss=0.0092 t=33.0m
Ep3 step9500 loss=0.0093 t=33.2m
Ep3 step9550 loss=0.0092 t=33.4m
Ep3 step9600 loss=0.0092 t=33.5m
Ep3 step9650 loss=0.0092 t=33.7m
Ep3 step9700 loss=0.0092 t=33.9m
Ep3 step9750 loss=0.0092 t=34.1m
Ep3 step9800 loss=0.0094 t=34.2m
Ep3 step9850 loss=0.0095 t=34.4m
Ep3 step9900 loss=0.0095 t=34.6m
Ep3 step9950 loss=0.0095 t=34.8m
Ep3 step10000 loss=0.0095 t=35.0m
Ep3 step10050 loss=0.0095 t=35.1m
Ep3 step10100 loss=0.0095 t=35.3m
Ep3 step10150 loss=0.0094 t=35.5m
Ep3 step10200 loss=0.0094 t=35.7m
Ep3 step10250 loss=0.0095 t=35.9m
Ep3 step10300 loss=0.0095 t=36.0m
Ep3 step10350 loss=0.0095 t=36.2m
Ep3 step10400 loss=0.0095 t=36.4m
Ep3 step10450 loss=0.0094 t=36.6m
Ep3 step10500 loss=0.0094 t=36.8m
Ep3 step10550 loss=0.0094 t=36.9m
Ep3 step10600 loss=0.0095 t=37.1m
Ep3 step10650 loss=0.0095 t=37.3m
Ep3 step10700 loss=0.0095 t=37.5m
Ep3 step10750 loss=0.0095 t=37.6m
Ep3 step10800 loss=0.0095 t=37.8m
Ep3 step10850 loss=0.0096 t=38.0m
Ep3 step10900 loss=0.0095 t=38.2m
Ep3 step10950 loss=0.0095 t=38.4m
Ep3 step11000 loss=0.0095 t=38.5m
Ep3 step11050 loss=0.0095 t=38.7m
Ep3 step11100 loss=0.0095 t=38.9m
Ep3 step11150 loss=0.0095 t=39.1m
Ep3 step11200 loss=0.0094 t=39.3m
Ep3 step11250 loss=0.0095 t=39.4m
Ep3 step11300 loss=0.0094 t=39.6m
Ep3 step11350 loss=0.0094 t=39.8m
Ep3 step11400 loss=0.0094 t=39.9m
Ep3 step11450 loss=0.0094 t=40.1m
Ep3 step11500 loss=0.0094 t=40.3m
Ep3 step11550 loss=0.0094 t=40.5m
Ep3 step11600 loss=0.0094 t=40.6m
Ep3 step11650 loss=0.0093 t=40.8m
Ep3 step11700 loss=0.0093 t=41.0m
Ep3 step11750 loss=0.0093 t=41.2m
Ep3 step11800 loss=0.0092 t=41.3m
Ep3 step11850 loss=0.0093 t=41.5m
Ep3 step11900 loss=0.0093 t=41.7m
Ep3 step11950 loss=0.0093 t=41.9m
Ep3 step12000 loss=0.0093 t=42.0m
Ep3 step12050 loss=0.0092 t=42.2m
Ep3 step12100 loss=0.0092 t=42.4m
Ep3 step12150 loss=0.0092 t=42.6m
Ep3 step12200 loss=0.0091 t=42.7m
Ep3 step12250 loss=0.0091 t=42.9m
Ep3 step12300 loss=0.0092 t=43.1m
Ep3 step12350 loss=0.0091 t=43.2m
Ep3 step12400 loss=0.0091 t=43.4m
Ep3 step12450 loss=0.0094 t=43.6m
Ep3 step12500 loss=0.0093 t=43.7m
Ep3 step12550 loss=0.0093 t=43.9m
Ep3 step12600 loss=0.0093 t=44.1m
Ep3 step12650 loss=0.0093 t=44.3m
Ep3 step12700 loss=0.0093 t=44.4m
Ep3 step12750 loss=0.0093 t=44.6m
Ep3 step12800 loss=0.0094 t=44.8m
Ep3 step12850 loss=0.0094 t=45.0m
Ep3 step12900 loss=0.0094 t=45.1m
Ep3 step12950 loss=0.0093 t=45.3m
Ep3 step13000 loss=0.0093 t=45.5m
Ep3 step13050 loss=0.0094 t=45.7m
Ep3 step13100 loss=0.0095 t=45.8m
Ep3 step13150 loss=0.0095 t=46.0m
Ep3 step13200 loss=0.0095 t=46.2m
Ep3 step13250 loss=0.0095 t=46.4m
Ep3 step13300 loss=0.0095 t=46.5m
Ep3 step13350 loss=0.0095 t=46.7m
Ep3 step13400 loss=0.0095 t=46.9m
Ep3 step13450 loss=0.0096 t=47.1m
Ep3 step13500 loss=0.0096 t=47.2m
Ep3 step13550 loss=0.0096 t=47.4m
Ep3 step13600 loss=0.0097 t=47.6m
Ep3 step13650 loss=0.0097 t=47.7m
Ep3 step13700 loss=0.0098 t=47.9m
Ep3 step13750 loss=0.0098 t=48.1m
Ep3 step13800 loss=0.0098 t=48.2m
Ep3 step13850 loss=0.0098 t=48.4m
Ep3 step13900 loss=0.0097 t=48.6m
Ep3 step13950 loss=0.0098 t=48.8m
Ep3 step14000 loss=0.0098 t=48.9m
Ep3 step14050 loss=0.0098 t=49.1m
Ep3 step14100 loss=0.0097 t=49.3m
Ep3 step14150 loss=0.0097 t=49.5m
Ep3 step14200 loss=0.0098 t=49.6m
Ep3 step14250 loss=0.0098 t=49.8m
Ep3 step14300 loss=0.0098 t=50.0m
Ep3 step14350 loss=0.0097 t=50.1m
Ep3 step14400 loss=0.0098 t=50.3m
Ep3 step14450 loss=0.0097 t=50.5m
Ep3 step14500 loss=0.0097 t=50.7m
Ep3 step14550 loss=0.0097 t=50.8m
Ep3 step14600 loss=0.0097 t=51.0m
Ep3 step14650 loss=0.0097 t=51.2m
Ep3 step14700 loss=0.0097 t=51.3m
Ep3 step14750 loss=0.0097 t=51.5m
Ep3 step14800 loss=0.0097 t=51.7m
Ep3 step14850 loss=0.0097 t=51.9m
Ep3 step14900 loss=0.0097 t=52.0m
Ep3 step14950 loss=0.0097 t=52.2m
Ep3 step15000 loss=0.0096 t=52.4m
Ep3 step15050 loss=0.0096 t=52.6m
Ep3 step15100 loss=0.0096 t=52.7m
Ep3 step15150 loss=0.0097 t=52.9m
Ep3 step15200 loss=0.0096 t=53.1m
Ep3 step15250 loss=0.0097 t=53.3m
Ep3 step15300 loss=0.0096 t=53.4m
Ep3 step15350 loss=0.0096 t=53.6m
Ep3 step15400 loss=0.0096 t=53.8m
Epoch 3 finished. avg_loss=0.0096
Evaluating on dev...
Dev accuracy: 0.8260
Ep4 step50 loss=0.0005 t=0.2m
Ep4 step100 loss=0.0005 t=0.3m
Ep4 step150 loss=0.0011 t=0.5m
Ep4 step200 loss=0.0018 t=0.7m
Ep4 step250 loss=0.0015 t=0.9m
Ep4 step300 loss=0.0013 t=1.0m
Ep4 step350 loss=0.0050 t=1.2m
Ep4 step400 loss=0.0045 t=1.4m
Ep4 step450 loss=0.0041 t=1.6m
Ep4 step500 loss=0.0037 t=1.7m
Ep4 step550 loss=0.0046 t=1.9m
Ep4 step600 loss=0.0072 t=2.1m
Ep4 step650 loss=0.0071 t=2.2m
Ep4 step700 loss=0.0066 t=2.4m
Ep4 step750 loss=0.0081 t=2.6m
Ep4 step800 loss=0.0081 t=2.8m
Ep4 step850 loss=0.0082 t=2.9m
Ep4 step900 loss=0.0083 t=3.1m
Ep4 step950 loss=0.0086 t=3.3m
Ep4 step1000 loss=0.0085 t=3.5m
Ep4 step1050 loss=0.0092 t=3.6m
Ep4 step1100 loss=0.0104 t=3.8m
Ep4 step1150 loss=0.0099 t=4.0m
Ep4 step1200 loss=0.0095 t=4.2m
Ep4 step1250 loss=0.0092 t=4.3m
Ep4 step1300 loss=0.0088 t=4.5m
Ep4 step1350 loss=0.0085 t=4.7m
Ep4 step1400 loss=0.0083 t=4.9m
Ep4 step1450 loss=0.0080 t=5.0m
Ep4 step1500 loss=0.0078 t=5.2m
Ep4 step1550 loss=0.0076 t=5.4m
Ep4 step1600 loss=0.0074 t=5.6m
Ep4 step1650 loss=0.0077 t=5.7m
Ep4 step1700 loss=0.0079 t=5.9m
Ep4 step1750 loss=0.0080 t=6.1m
Ep4 step1800 loss=0.0083 t=6.2m
Ep4 step1850 loss=0.0081 t=6.4m
Ep4 step1900 loss=0.0085 t=6.6m
Ep4 step1950 loss=0.0083 t=6.8m
Ep4 step2000 loss=0.0084 t=6.9m
Ep4 step2050 loss=0.0084 t=7.1m
Ep4 step2100 loss=0.0088 t=7.3m
Ep4 step2150 loss=0.0086 t=7.5m
Ep4 step2200 loss=0.0087 t=7.6m
Ep4 step2250 loss=0.0085 t=7.8m
Ep4 step2300 loss=0.0083 t=8.0m
Ep4 step2350 loss=0.0084 t=8.2m
Ep4 step2400 loss=0.0082 t=8.3m
Ep4 step2450 loss=0.0090 t=8.5m
Ep4 step2500 loss=0.0088 t=8.7m
Ep4 step2550 loss=0.0087 t=8.9m
Ep4 step2600 loss=0.0087 t=9.1m
Ep4 step2650 loss=0.0085 t=9.2m
Ep4 step2700 loss=0.0086 t=9.4m
Ep4 step2750 loss=0.0085 t=9.6m
Ep4 step2800 loss=0.0086 t=9.8m
Ep4 step2850 loss=0.0085 t=10.0m
Ep4 step2900 loss=0.0085 t=10.1m
Ep4 step2950 loss=0.0084 t=10.3m
Ep4 step3000 loss=0.0082 t=10.5m
Ep4 step3050 loss=0.0081 t=10.7m
Ep4 step3100 loss=0.0080 t=10.8m
Ep4 step3150 loss=0.0082 t=11.0m
Ep4 step3200 loss=0.0081 t=11.2m
Ep4 step3250 loss=0.0081 t=11.4m
Ep4 step3300 loss=0.0081 t=11.6m
Ep4 step3350 loss=0.0080 t=11.8m
Ep4 step3400 loss=0.0079 t=11.9m
Ep4 step3450 loss=0.0078 t=12.1m
Ep4 step3500 loss=0.0077 t=12.3m
Ep4 step3550 loss=0.0076 t=12.5m
Ep4 step3600 loss=0.0075 t=12.6m
Ep4 step3650 loss=0.0074 t=12.8m
Ep4 step3700 loss=0.0073 t=13.0m
Ep4 step3750 loss=0.0073 t=13.2m
Ep4 step3800 loss=0.0072 t=13.4m
Ep4 step3850 loss=0.0074 t=13.6m
Ep4 step3900 loss=0.0075 t=13.7m
Ep4 step3950 loss=0.0075 t=13.9m
Ep4 step4000 loss=0.0074 t=14.1m
Ep4 step4050 loss=0.0074 t=14.3m
Ep4 step4100 loss=0.0073 t=14.4m
Ep4 step4150 loss=0.0072 t=14.6m
Ep4 step4200 loss=0.0072 t=14.8m
Ep4 step4250 loss=0.0071 t=14.9m
Ep4 step4300 loss=0.0071 t=15.1m
Ep4 step4350 loss=0.0072 t=15.3m
Ep4 step4400 loss=0.0076 t=15.5m
Ep4 step4450 loss=0.0078 t=15.6m
Ep4 step4500 loss=0.0077 t=15.8m
Ep4 step4550 loss=0.0077 t=16.0m
Ep4 step4600 loss=0.0077 t=16.2m
Ep4 step4650 loss=0.0076 t=16.3m
Ep4 step4700 loss=0.0075 t=16.5m
Ep4 step4750 loss=0.0074 t=16.7m
Ep4 step4800 loss=0.0074 t=16.9m
Ep4 step4850 loss=0.0074 t=17.0m
Ep4 step4900 loss=0.0074 t=17.2m
Ep4 step4950 loss=0.0076 t=17.4m
Ep4 step5000 loss=0.0076 t=17.5m
Ep4 step5050 loss=0.0076 t=17.7m
Ep4 step5100 loss=0.0075 t=17.9m
Ep4 step5150 loss=0.0074 t=18.0m
Ep4 step5200 loss=0.0075 t=18.2m
Ep4 step5250 loss=0.0074 t=18.4m
Ep4 step5300 loss=0.0074 t=18.6m
Ep4 step5350 loss=0.0073 t=18.7m
Ep4 step5400 loss=0.0073 t=18.9m
Ep4 step5450 loss=0.0072 t=19.1m
Ep4 step5500 loss=0.0072 t=19.2m
Ep4 step5550 loss=0.0072 t=19.4m
Ep4 step5600 loss=0.0071 t=19.6m
Ep4 step5650 loss=0.0071 t=19.8m
Ep4 step5700 loss=0.0070 t=19.9m
Ep4 step5750 loss=0.0070 t=20.1m
Ep4 step5800 loss=0.0070 t=20.3m
Ep4 step5850 loss=0.0070 t=20.5m
Ep4 step5900 loss=0.0069 t=20.6m
Ep4 step5950 loss=0.0069 t=20.8m
Ep4 step6000 loss=0.0070 t=21.0m
Ep4 step6050 loss=0.0070 t=21.2m
Ep4 step6100 loss=0.0070 t=21.3m
Ep4 step6150 loss=0.0069 t=21.5m
Ep4 step6200 loss=0.0069 t=21.7m
Ep4 step6250 loss=0.0068 t=21.8m
Ep4 step6300 loss=0.0068 t=22.0m
Ep4 step6350 loss=0.0069 t=22.2m
Ep4 step6400 loss=0.0071 t=22.4m
Ep4 step6450 loss=0.0070 t=22.5m
Ep4 step6500 loss=0.0070 t=22.7m
Ep4 step6550 loss=0.0071 t=22.9m
Ep4 step6600 loss=0.0070 t=23.1m
Ep4 step6650 loss=0.0070 t=23.2m
Ep4 step6700 loss=0.0070 t=23.4m
Ep4 step6750 loss=0.0070 t=23.6m
Ep4 step6800 loss=0.0070 t=23.7m
Ep4 step6850 loss=0.0070 t=23.9m
Ep4 step6900 loss=0.0072 t=24.1m
Ep4 step6950 loss=0.0072 t=24.3m
Ep4 step7000 loss=0.0073 t=24.4m
Ep4 step7050 loss=0.0073 t=24.6m
Ep4 step7100 loss=0.0074 t=24.8m
Ep4 step7150 loss=0.0073 t=25.0m
Ep4 step7200 loss=0.0073 t=25.1m
Ep4 step7250 loss=0.0072 t=25.3m
Ep4 step7300 loss=0.0073 t=25.5m
Ep4 step7350 loss=0.0073 t=25.7m
Ep4 step7400 loss=0.0073 t=25.9m
Ep4 step7450 loss=0.0073 t=26.0m
Ep4 step7500 loss=0.0074 t=26.2m
Ep4 step7550 loss=0.0073 t=26.4m
Ep4 step7600 loss=0.0074 t=26.5m
Ep4 step7650 loss=0.0073 t=26.7m
Ep4 step7700 loss=0.0073 t=26.9m
Ep4 step7750 loss=0.0073 t=27.0m
Ep4 step7800 loss=0.0073 t=27.2m
Ep4 step7850 loss=0.0074 t=27.4m
Ep4 step7900 loss=0.0073 t=27.6m
Ep4 step7950 loss=0.0073 t=27.7m
Ep4 step8000 loss=0.0073 t=27.9m
Ep4 step8050 loss=0.0073 t=28.1m
Ep4 step8100 loss=0.0073 t=28.3m
Ep4 step8150 loss=0.0072 t=28.4m
Ep4 step8200 loss=0.0072 t=28.6m
Ep4 step8250 loss=0.0071 t=28.8m
Ep4 step8300 loss=0.0072 t=28.9m
Ep4 step8350 loss=0.0072 t=29.1m
Ep4 step8400 loss=0.0071 t=29.3m
Ep4 step8450 loss=0.0072 t=29.4m
Ep4 step8500 loss=0.0072 t=29.6m
Ep4 step8550 loss=0.0071 t=29.8m
Ep4 step8600 loss=0.0073 t=30.0m
Ep4 step8650 loss=0.0073 t=30.1m
Ep4 step8700 loss=0.0073 t=30.3m
Ep4 step8750 loss=0.0073 t=30.5m
Ep4 step8800 loss=0.0074 t=30.7m
Ep4 step8850 loss=0.0074 t=30.8m
Ep4 step8900 loss=0.0073 t=31.0m
Ep4 step8950 loss=0.0075 t=31.2m
Ep4 step9000 loss=0.0076 t=31.4m
Ep4 step9050 loss=0.0076 t=31.5m
Ep4 step9100 loss=0.0078 t=31.7m
Ep4 step9150 loss=0.0079 t=31.9m
Ep4 step9200 loss=0.0078 t=32.1m
Ep4 step9250 loss=0.0078 t=32.2m
Ep4 step9300 loss=0.0078 t=32.4m
Ep4 step9350 loss=0.0079 t=32.6m
Ep4 step9400 loss=0.0079 t=32.7m
Ep4 step9450 loss=0.0078 t=32.9m
Ep4 step9500 loss=0.0078 t=33.1m
Ep4 step9550 loss=0.0078 t=33.3m
Ep4 step9600 loss=0.0078 t=33.4m
Ep4 step9650 loss=0.0078 t=33.6m
Ep4 step9700 loss=0.0077 t=33.8m
Ep4 step9750 loss=0.0078 t=33.9m
Ep4 step9800 loss=0.0079 t=34.1m
Ep4 step9850 loss=0.0079 t=34.3m
Ep4 step9900 loss=0.0079 t=34.5m
Ep4 step9950 loss=0.0079 t=34.6m
Ep4 step10000 loss=0.0078 t=34.8m
Ep4 step10050 loss=0.0079 t=35.0m
Ep4 step10100 loss=0.0079 t=35.2m
Ep4 step10150 loss=0.0080 t=35.3m
Ep4 step10200 loss=0.0079 t=35.5m
Ep4 step10250 loss=0.0079 t=35.7m
Ep4 step10300 loss=0.0079 t=35.9m
Ep4 step10350 loss=0.0078 t=36.0m
Ep4 step10400 loss=0.0078 t=36.2m
Ep4 step10450 loss=0.0079 t=36.4m
Ep4 step10500 loss=0.0079 t=36.5m
Ep4 step10550 loss=0.0079 t=36.7m
Ep4 step10600 loss=0.0078 t=36.9m
Ep4 step10650 loss=0.0079 t=37.1m
Ep4 step10700 loss=0.0079 t=37.2m
Ep4 step10750 loss=0.0079 t=37.4m
Ep4 step10800 loss=0.0079 t=37.6m
Ep4 step10850 loss=0.0078 t=37.8m
Ep4 step10900 loss=0.0078 t=37.9m
Ep4 step10950 loss=0.0079 t=38.1m
Ep4 step11000 loss=0.0078 t=38.3m
Ep4 step11050 loss=0.0079 t=38.5m
Ep4 step11100 loss=0.0079 t=38.7m
Ep4 step11150 loss=0.0078 t=38.8m
Ep4 step11200 loss=0.0079 t=39.0m
Ep4 step11250 loss=0.0079 t=39.2m
Ep4 step11300 loss=0.0080 t=39.4m
Ep4 step11350 loss=0.0080 t=39.6m
Ep4 step11400 loss=0.0081 t=39.7m
Ep4 step11450 loss=0.0080 t=39.9m
Ep4 step11500 loss=0.0080 t=40.1m
Ep4 step11550 loss=0.0080 t=40.3m
Ep4 step11600 loss=0.0081 t=40.5m
Ep4 step11650 loss=0.0081 t=40.6m
Ep4 step11700 loss=0.0081 t=40.8m
Ep4 step11750 loss=0.0081 t=41.0m
Ep4 step11800 loss=0.0080 t=41.2m
Ep4 step11850 loss=0.0080 t=41.3m
Ep4 step11900 loss=0.0080 t=41.5m
Ep4 step11950 loss=0.0081 t=41.7m
Ep4 step12000 loss=0.0080 t=41.9m
Ep4 step12050 loss=0.0080 t=42.1m
Ep4 step12100 loss=0.0080 t=42.2m
Ep4 step12150 loss=0.0080 t=42.4m
Ep4 step12200 loss=0.0080 t=42.6m
Ep4 step12250 loss=0.0080 t=42.8m
Ep4 step12300 loss=0.0080 t=42.9m
Ep4 step12350 loss=0.0080 t=43.1m
Ep4 step12400 loss=0.0080 t=43.3m
Ep4 step12450 loss=0.0080 t=43.5m
Ep4 step12500 loss=0.0080 t=43.7m
Ep4 step12550 loss=0.0079 t=43.9m
Ep4 step12600 loss=0.0079 t=44.0m
Ep4 step12650 loss=0.0079 t=44.2m
Ep4 step12700 loss=0.0079 t=44.4m
Ep4 step12750 loss=0.0078 t=44.6m
Ep4 step12800 loss=0.0078 t=44.8m
Ep4 step12850 loss=0.0078 t=44.9m
Ep4 step12900 loss=0.0078 t=45.1m
Ep4 step12950 loss=0.0077 t=45.3m
Ep4 step13000 loss=0.0077 t=45.5m
Ep4 step13050 loss=0.0077 t=45.6m
Ep4 step13100 loss=0.0077 t=45.8m
Ep4 step13150 loss=0.0077 t=46.0m
Ep4 step13200 loss=0.0076 t=46.2m
Ep4 step13250 loss=0.0076 t=46.3m
Ep4 step13300 loss=0.0076 t=46.5m
Ep4 step13350 loss=0.0076 t=46.7m
Ep4 step13400 loss=0.0076 t=46.9m
Ep4 step13450 loss=0.0076 t=47.1m
Ep4 step13500 loss=0.0076 t=47.3m
Ep4 step13550 loss=0.0076 t=47.4m
Ep4 step13600 loss=0.0076 t=47.6m
Ep4 step13650 loss=0.0075 t=47.8m
Ep4 step13700 loss=0.0075 t=48.0m
Ep4 step13750 loss=0.0075 t=48.1m
Ep4 step13800 loss=0.0075 t=48.3m
Ep4 step13850 loss=0.0075 t=48.5m
Ep4 step13900 loss=0.0075 t=48.7m
Ep4 step13950 loss=0.0075 t=48.8m
Ep4 step14000 loss=0.0074 t=49.0m
Ep4 step14050 loss=0.0074 t=49.2m
Ep4 step14100 loss=0.0074 t=49.4m
Ep4 step14150 loss=0.0074 t=49.5m
Ep4 step14200 loss=0.0073 t=49.7m
Ep4 step14250 loss=0.0073 t=49.9m
Ep4 step14300 loss=0.0074 t=50.1m
Ep4 step14350 loss=0.0074 t=50.3m
Ep4 step14400 loss=0.0074 t=50.4m
Ep4 step14450 loss=0.0073 t=50.6m
Ep4 step14500 loss=0.0074 t=50.8m
Ep4 step14550 loss=0.0074 t=51.0m
Ep4 step14600 loss=0.0074 t=51.2m
Ep4 step14650 loss=0.0073 t=51.4m
Ep4 step14700 loss=0.0073 t=51.5m
Ep4 step14750 loss=0.0074 t=51.7m
Ep4 step14800 loss=0.0074 t=51.9m
Ep4 step14850 loss=0.0074 t=52.1m
Ep4 step14900 loss=0.0075 t=52.2m
Ep4 step14950 loss=0.0074 t=52.4m
Ep4 step15000 loss=0.0074 t=52.6m
Ep4 step15050 loss=0.0074 t=52.8m
Ep4 step15100 loss=0.0074 t=53.0m
Ep4 step15150 loss=0.0074 t=53.1m
Ep4 step15200 loss=0.0074 t=53.3m
Ep4 step15250 loss=0.0074 t=53.5m
Ep4 step15300 loss=0.0075 t=53.7m
Ep4 step15350 loss=0.0075 t=53.8m
Ep4 step15400 loss=0.0075 t=54.0m
Epoch 4 finished. avg_loss=0.0075
Evaluating on dev...
Dev accuracy: 0.8410

Training complete. Best dev accuracy: 0.8430
[HAMI-core Msg(53473:140692473066048:multiprocess_memory_limit.c:459)]: Calling exit handler 53473
