[HAMI-core Msg(381715:139721523774016:libvgpu.c:837)]: Initializing.....
[HAMI-core Msg(381715:139721523774016:libvgpu.c:853)]: Initialized
Device: cuda
Loading tokenizer from /inspire/hdd/project/fdu-aidake-cfff/public/hanz/semeval2024_task8a_en_baseline/outputs/roberta_base/best_model...
Loading semeval train data...
Semeval train: 119756 docs
Loading subtask C sentence-level data...
SubtaskC: 3649 docs (with sent labels)
Total training records: 123405
Loading dev data...
Dev: 5000 docs
Initializing HSAD from /inspire/hdd/project/fdu-aidake-cfff/public/hanz/semeval2024_task8a_en_baseline/outputs/roberta_base/best_model...
Loading weights:   0%|          | 0/197 [00:00<?, ?it/s]Loading weights: 100%|██████████| 197/197 [00:00<00:00, 10654.50it/s]
[transformers] [1mRobertaModel LOAD REPORT[0m from: /inspire/hdd/project/fdu-aidake-cfff/public/hanz/semeval2024_task8a_en_baseline/outputs/roberta_base/best_model
Key                        | Status     |  | 
---------------------------+------------+--+-
classifier.dense.bias      | UNEXPECTED |  | 
classifier.dense.weight    | UNEXPECTED |  | 
classifier.out_proj.weight | UNEXPECTED |  | 
classifier.out_proj.bias   | UNEXPECTED |  | 

Notes:
- UNEXPECTED:	can be ignored when loading from different task/architecture; not ok if you expect identical arch.
/inspire/hdd/project/fdu-aidake-cfff/public/hanz/semeval2024_task8a_en_baseline/src/model_hsad.py:61: UserWarning: enable_nested_tensor is True, but self.use_nested_tensor is False because encoder_layer.norm_first was True
  self.cross_sent = nn.TransformerEncoder(enc_layer, num_layers=cross_sent_layers)
Params: 138.5M total, 42.8M trainable

Starting training: 5 epochs, 123405 docs/epoch
Grad accum: 8  RoBERTa lr: 2e-05  Head lr: 5e-05
Sent loss weight: 0.3  fp16: True

Ep0 step50 loss=0.9569 t=0.2m
Ep0 step100 loss=0.8298 t=0.4m
Ep0 step150 loss=0.6879 t=0.5m
Ep0 step200 loss=0.5796 t=0.7m
Ep0 step250 loss=0.5153 t=0.9m
Ep0 step300 loss=0.4675 t=1.1m
Ep0 step350 loss=0.4331 t=1.3m
Ep0 step400 loss=0.4064 t=1.5m
Ep0 step450 loss=0.3858 t=1.6m
Ep0 step500 loss=0.3694 t=1.8m
Ep0 step550 loss=0.3566 t=2.0m
Ep0 step600 loss=0.3454 t=2.2m
Ep0 step650 loss=0.3364 t=2.3m
Ep0 step700 loss=0.3275 t=2.5m
Ep0 step750 loss=0.3210 t=2.7m
Ep0 step800 loss=0.3150 t=2.9m
Ep0 step850 loss=0.3089 t=3.0m
Ep0 step900 loss=0.3044 t=3.2m
Ep0 step950 loss=0.3002 t=3.4m
Ep0 step1000 loss=0.2960 t=3.6m
Ep0 step1050 loss=0.2926 t=3.7m
Ep0 step1100 loss=0.2892 t=3.9m
Ep0 step1150 loss=0.2859 t=4.1m
Ep0 step1200 loss=0.2831 t=4.2m
Ep0 step1250 loss=0.2802 t=4.4m
Ep0 step1300 loss=0.2773 t=4.6m
Ep0 step1350 loss=0.2750 t=4.8m
Ep0 step1400 loss=0.2727 t=5.0m
Ep0 step1450 loss=0.2707 t=5.1m
Ep0 step1500 loss=0.2685 t=5.3m
Ep0 step1550 loss=0.2673 t=5.5m
Ep0 step1600 loss=0.2653 t=5.6m
Ep0 step1650 loss=0.2637 t=5.8m
Ep0 step1700 loss=0.2619 t=6.0m
Ep0 step1750 loss=0.2606 t=6.2m
Ep0 step1800 loss=0.2590 t=6.4m
Ep0 step1850 loss=0.2574 t=6.5m
Ep0 step1900 loss=0.2564 t=6.7m
Ep0 step1950 loss=0.2554 t=6.9m
Ep0 step2000 loss=0.2541 t=7.1m
Ep0 step2050 loss=0.2529 t=7.3m
Ep0 step2100 loss=0.2520 t=7.4m
Ep0 step2150 loss=0.2509 t=7.6m
Ep0 step2200 loss=0.2499 t=7.8m
Ep0 step2250 loss=0.2491 t=8.0m
Ep0 step2300 loss=0.2482 t=8.1m
Ep0 step2350 loss=0.2475 t=8.3m
Ep0 step2400 loss=0.2469 t=8.5m
Ep0 step2450 loss=0.2459 t=8.7m
Ep0 step2500 loss=0.2452 t=8.8m
Ep0 step2550 loss=0.2443 t=9.0m
Ep0 step2600 loss=0.2438 t=9.2m
Ep0 step2650 loss=0.2433 t=9.4m
Ep0 step2700 loss=0.2427 t=9.5m
Ep0 step2750 loss=0.2424 t=9.7m
Ep0 step2800 loss=0.2418 t=9.9m
Ep0 step2850 loss=0.2412 t=10.1m
Ep0 step2900 loss=0.2409 t=10.2m
Ep0 step2950 loss=0.2404 t=10.4m
Ep0 step3000 loss=0.2398 t=10.6m
Ep0 step3050 loss=0.2394 t=10.8m
Ep0 step3100 loss=0.2391 t=10.9m
Ep0 step3150 loss=0.2385 t=11.1m
Ep0 step3200 loss=0.2380 t=11.3m
Ep0 step3250 loss=0.2377 t=11.4m
Ep0 step3300 loss=0.2372 t=11.6m
Ep0 step3350 loss=0.2367 t=11.8m
Ep0 step3400 loss=0.2363 t=12.0m
Ep0 step3450 loss=0.2358 t=12.2m
Ep0 step3500 loss=0.2356 t=12.3m
Ep0 step3550 loss=0.2354 t=12.5m
Ep0 step3600 loss=0.2350 t=12.7m
Ep0 step3650 loss=0.2347 t=12.9m
Ep0 step3700 loss=0.2344 t=13.0m
Ep0 step3750 loss=0.2341 t=13.2m
Ep0 step3800 loss=0.2339 t=13.4m
Ep0 step3850 loss=0.2337 t=13.6m
Ep0 step3900 loss=0.2333 t=13.7m
Ep0 step3950 loss=0.2330 t=13.9m
Ep0 step4000 loss=0.2328 t=14.1m
Ep0 step4050 loss=0.2328 t=14.3m
Ep0 step4100 loss=0.2326 t=14.4m
Ep0 step4150 loss=0.2322 t=14.6m
Ep0 step4200 loss=0.2319 t=14.8m
Ep0 step4250 loss=0.2318 t=15.0m
Ep0 step4300 loss=0.2315 t=15.2m
Ep0 step4350 loss=0.2313 t=15.3m
Ep0 step4400 loss=0.2311 t=15.5m
Ep0 step4450 loss=0.2310 t=15.7m
Ep0 step4500 loss=0.2308 t=15.9m
Ep0 step4550 loss=0.2307 t=16.0m
Ep0 step4600 loss=0.2304 t=16.2m
Ep0 step4650 loss=0.2303 t=16.4m
Ep0 step4700 loss=0.2302 t=16.6m
Ep0 step4750 loss=0.2301 t=16.7m
Ep0 step4800 loss=0.2299 t=16.9m
Ep0 step4850 loss=0.2297 t=17.1m
Ep0 step4900 loss=0.2296 t=17.2m
Ep0 step4950 loss=0.2294 t=17.4m
Ep0 step5000 loss=0.2291 t=17.6m
Ep0 step5050 loss=0.2289 t=17.8m
Ep0 step5100 loss=0.2288 t=17.9m
Ep0 step5150 loss=0.2286 t=18.1m
Ep0 step5200 loss=0.2285 t=18.3m
Ep0 step5250 loss=0.2283 t=18.5m
Ep0 step5300 loss=0.2282 t=18.6m
Ep0 step5350 loss=0.2281 t=18.8m
Ep0 step5400 loss=0.2279 t=19.0m
Ep0 step5450 loss=0.2277 t=19.2m
Ep0 step5500 loss=0.2275 t=19.3m
Ep0 step5550 loss=0.2273 t=19.5m
Ep0 step5600 loss=0.2272 t=19.7m
Ep0 step5650 loss=0.2272 t=19.9m
Ep0 step5700 loss=0.2271 t=20.0m
Ep0 step5750 loss=0.2270 t=20.2m
Ep0 step5800 loss=0.2269 t=20.4m
Ep0 step5850 loss=0.2268 t=20.6m
Ep0 step5900 loss=0.2267 t=20.7m
Ep0 step5950 loss=0.2265 t=20.9m
Ep0 step6000 loss=0.2264 t=21.1m
Ep0 step6050 loss=0.2262 t=21.2m
Ep0 step6100 loss=0.2262 t=21.4m
Ep0 step6150 loss=0.2260 t=21.6m
Ep0 step6200 loss=0.2259 t=21.7m
Ep0 step6250 loss=0.2258 t=21.9m
Ep0 step6300 loss=0.2257 t=22.1m
Ep0 step6350 loss=0.2256 t=22.3m
Ep0 step6400 loss=0.2255 t=22.4m
Ep0 step6450 loss=0.2253 t=22.6m
Ep0 step6500 loss=0.2252 t=22.8m
Ep0 step6550 loss=0.2251 t=22.9m
Ep0 step6600 loss=0.2250 t=23.1m
Ep0 step6650 loss=0.2249 t=23.3m
Ep0 step6700 loss=0.2248 t=23.5m
Ep0 step6750 loss=0.2246 t=23.6m
Ep0 step6800 loss=0.2245 t=23.8m
Ep0 step6850 loss=0.2246 t=24.0m
Ep0 step6900 loss=0.2246 t=24.2m
Ep0 step6950 loss=0.2244 t=24.3m
Ep0 step7000 loss=0.2243 t=24.5m
Ep0 step7050 loss=0.2242 t=24.7m
Ep0 step7100 loss=0.2240 t=24.8m
Ep0 step7150 loss=0.2239 t=25.0m
Ep0 step7200 loss=0.2238 t=25.2m
Ep0 step7250 loss=0.2238 t=25.4m
Ep0 step7300 loss=0.2237 t=25.5m
Ep0 step7350 loss=0.2236 t=25.7m
Ep0 step7400 loss=0.2235 t=25.9m
Ep0 step7450 loss=0.2233 t=26.1m
Ep0 step7500 loss=0.2233 t=26.2m
Ep0 step7550 loss=0.2234 t=26.4m
Ep0 step7600 loss=0.2233 t=26.6m
Ep0 step7650 loss=0.2232 t=26.8m
Ep0 step7700 loss=0.2232 t=26.9m
Ep0 step7750 loss=0.2231 t=27.1m
Ep0 step7800 loss=0.2230 t=27.3m
Ep0 step7850 loss=0.2230 t=27.5m
Ep0 step7900 loss=0.2230 t=27.6m
Ep0 step7950 loss=0.2230 t=27.8m
Ep0 step8000 loss=0.2228 t=28.0m
Ep0 step8050 loss=0.2228 t=28.2m
Ep0 step8100 loss=0.2227 t=28.3m
Ep0 step8150 loss=0.2226 t=28.5m
Ep0 step8200 loss=0.2225 t=28.7m
Ep0 step8250 loss=0.2224 t=28.8m
Ep0 step8300 loss=0.2224 t=29.0m
Ep0 step8350 loss=0.2223 t=29.2m
Ep0 step8400 loss=0.2222 t=29.3m
Ep0 step8450 loss=0.2221 t=29.5m
Ep0 step8500 loss=0.2221 t=29.7m
Ep0 step8550 loss=0.2220 t=29.9m
Ep0 step8600 loss=0.2219 t=30.0m
Ep0 step8650 loss=0.2218 t=30.2m
Ep0 step8700 loss=0.2218 t=30.4m
Ep0 step8750 loss=0.2217 t=30.6m
Ep0 step8800 loss=0.2216 t=30.7m
Ep0 step8850 loss=0.2215 t=30.9m
Ep0 step8900 loss=0.2214 t=31.1m
Ep0 step8950 loss=0.2213 t=31.3m
Ep0 step9000 loss=0.2212 t=31.4m
Ep0 step9050 loss=0.2211 t=31.6m
Ep0 step9100 loss=0.2211 t=31.8m
Ep0 step9150 loss=0.2210 t=32.0m
Ep0 step9200 loss=0.2210 t=32.1m
Ep0 step9250 loss=0.2209 t=32.3m
Ep0 step9300 loss=0.2208 t=32.5m
Ep0 step9350 loss=0.2207 t=32.7m
Ep0 step9400 loss=0.2206 t=32.8m
Ep0 step9450 loss=0.2205 t=33.0m
Ep0 step9500 loss=0.2204 t=33.2m
Ep0 step9550 loss=0.2204 t=33.4m
Ep0 step9600 loss=0.2204 t=33.6m
Ep0 step9650 loss=0.2203 t=33.7m
Ep0 step9700 loss=0.2202 t=33.9m
Ep0 step9750 loss=0.2202 t=34.1m
Ep0 step9800 loss=0.2201 t=34.3m
Ep0 step9850 loss=0.2201 t=34.4m
Ep0 step9900 loss=0.2201 t=34.6m
Ep0 step9950 loss=0.2200 t=34.8m
Ep0 step10000 loss=0.2200 t=35.0m
Ep0 step10050 loss=0.2199 t=35.1m
Ep0 step10100 loss=0.2198 t=35.3m
Ep0 step10150 loss=0.2198 t=35.5m
Ep0 step10200 loss=0.2197 t=35.7m
Ep0 step10250 loss=0.2197 t=35.9m
Ep0 step10300 loss=0.2196 t=36.0m
Ep0 step10350 loss=0.2196 t=36.2m
Ep0 step10400 loss=0.2195 t=36.4m
Ep0 step10450 loss=0.2194 t=36.6m
Ep0 step10500 loss=0.2194 t=36.7m
Ep0 step10550 loss=0.2193 t=36.9m
Ep0 step10600 loss=0.2193 t=37.1m
Ep0 step10650 loss=0.2193 t=37.3m
Ep0 step10700 loss=0.2193 t=37.4m
Ep0 step10750 loss=0.2192 t=37.6m
Ep0 step10800 loss=0.2192 t=37.8m
Ep0 step10850 loss=0.2191 t=38.0m
Ep0 step10900 loss=0.2191 t=38.1m
Ep0 step10950 loss=0.2191 t=38.3m
Ep0 step11000 loss=0.2190 t=38.5m
Ep0 step11050 loss=0.2190 t=38.7m
Ep0 step11100 loss=0.2190 t=38.8m
Ep0 step11150 loss=0.2189 t=39.0m
Ep0 step11200 loss=0.2189 t=39.2m
Ep0 step11250 loss=0.2189 t=39.3m
Ep0 step11300 loss=0.2189 t=39.5m
Ep0 step11350 loss=0.2188 t=39.7m
Ep0 step11400 loss=0.2188 t=39.9m
Ep0 step11450 loss=0.2188 t=40.0m
Ep0 step11500 loss=0.2188 t=40.2m
Ep0 step11550 loss=0.2187 t=40.4m
Ep0 step11600 loss=0.2187 t=40.6m
Ep0 step11650 loss=0.2187 t=40.7m
Ep0 step11700 loss=0.2187 t=40.9m
Ep0 step11750 loss=0.2186 t=41.1m
Ep0 step11800 loss=0.2185 t=41.3m
Ep0 step11850 loss=0.2185 t=41.5m
Ep0 step11900 loss=0.2184 t=41.6m
Ep0 step11950 loss=0.2184 t=41.8m
Ep0 step12000 loss=0.2184 t=42.0m
Ep0 step12050 loss=0.2184 t=42.2m
Ep0 step12100 loss=0.2183 t=42.3m
Ep0 step12150 loss=0.2183 t=42.5m
Ep0 step12200 loss=0.2183 t=42.7m
Ep0 step12250 loss=0.2183 t=42.8m
Ep0 step12300 loss=0.2182 t=43.0m
Ep0 step12350 loss=0.2182 t=43.2m
Ep0 step12400 loss=0.2181 t=43.4m
Ep0 step12450 loss=0.2181 t=43.5m
Ep0 step12500 loss=0.2180 t=43.7m
Ep0 step12550 loss=0.2179 t=43.9m
Ep0 step12600 loss=0.2179 t=44.1m
Ep0 step12650 loss=0.2178 t=44.2m
Ep0 step12700 loss=0.2178 t=44.4m
Ep0 step12750 loss=0.2178 t=44.6m
Ep0 step12800 loss=0.2177 t=44.8m
Ep0 step12850 loss=0.2176 t=44.9m
Ep0 step12900 loss=0.2176 t=45.1m
Ep0 step12950 loss=0.2175 t=45.3m
Ep0 step13000 loss=0.2176 t=45.4m
Ep0 step13050 loss=0.2175 t=45.6m
Ep0 step13100 loss=0.2175 t=45.8m
Ep0 step13150 loss=0.2175 t=46.0m
Ep0 step13200 loss=0.2175 t=46.1m
Ep0 step13250 loss=0.2174 t=46.3m
Ep0 step13300 loss=0.2174 t=46.5m
Ep0 step13350 loss=0.2174 t=46.7m
Ep0 step13400 loss=0.2174 t=46.8m
Ep0 step13450 loss=0.2173 t=47.0m
Ep0 step13500 loss=0.2173 t=47.2m
Ep0 step13550 loss=0.2173 t=47.4m
Ep0 step13600 loss=0.2173 t=47.5m
Ep0 step13650 loss=0.2172 t=47.7m
Ep0 step13700 loss=0.2172 t=47.9m
Ep0 step13750 loss=0.2173 t=48.1m
Ep0 step13800 loss=0.2172 t=48.2m
Ep0 step13850 loss=0.2172 t=48.4m
Ep0 step13900 loss=0.2171 t=48.6m
Ep0 step13950 loss=0.2171 t=48.8m
Ep0 step14000 loss=0.2170 t=48.9m
Ep0 step14050 loss=0.2170 t=49.1m
Ep0 step14100 loss=0.2170 t=49.3m
Ep0 step14150 loss=0.2170 t=49.5m
Ep0 step14200 loss=0.2170 t=49.6m
Ep0 step14250 loss=0.2169 t=49.8m
Ep0 step14300 loss=0.2169 t=50.0m
Ep0 step14350 loss=0.2169 t=50.2m
Ep0 step14400 loss=0.2168 t=50.3m
Ep0 step14450 loss=0.2169 t=50.5m
Ep0 step14500 loss=0.2168 t=50.7m
Ep0 step14550 loss=0.2168 t=50.9m
Ep0 step14600 loss=0.2168 t=51.0m
Ep0 step14650 loss=0.2168 t=51.2m
Ep0 step14700 loss=0.2167 t=51.4m
Ep0 step14750 loss=0.2167 t=51.6m
Ep0 step14800 loss=0.2166 t=51.7m
Ep0 step14850 loss=0.2166 t=51.9m
Ep0 step14900 loss=0.2165 t=52.1m
Ep0 step14950 loss=0.2165 t=52.3m
Ep0 step15000 loss=0.2165 t=52.4m
Ep0 step15050 loss=0.2165 t=52.6m
Ep0 step15100 loss=0.2165 t=52.8m
Ep0 step15150 loss=0.2165 t=53.0m
Ep0 step15200 loss=0.2164 t=53.2m
Ep0 step15250 loss=0.2164 t=53.3m
Ep0 step15300 loss=0.2164 t=53.5m
Ep0 step15350 loss=0.2163 t=53.7m
Ep0 step15400 loss=0.2163 t=53.9m
Epoch 0 finished. avg_loss=0.2163
Evaluating on dev...
Dev accuracy: 0.8432
  *** New best model saved (dev_acc=0.8432) ***
Ep1 step50 loss=0.2029 t=0.2m
Ep1 step100 loss=0.2056 t=0.4m
Ep1 step150 loss=0.2092 t=0.5m
Ep1 step200 loss=0.2081 t=0.7m
Ep1 step250 loss=0.2066 t=0.9m
Ep1 step300 loss=0.2062 t=1.0m
Ep1 step350 loss=0.2074 t=1.2m
Ep1 step400 loss=0.2080 t=1.4m
Ep1 step450 loss=0.2078 t=1.6m
Ep1 step500 loss=0.2071 t=1.7m
Ep1 step550 loss=0.2078 t=1.9m
Ep1 step600 loss=0.2074 t=2.1m
Ep1 step650 loss=0.2073 t=2.2m
Ep1 step700 loss=0.2077 t=2.4m
Ep1 step750 loss=0.2072 t=2.6m
Ep1 step800 loss=0.2076 t=2.8m
Ep1 step850 loss=0.2080 t=2.9m
Ep1 step900 loss=0.2079 t=3.1m
Ep1 step950 loss=0.2076 t=3.3m
Ep1 step1000 loss=0.2077 t=3.4m
Ep1 step1050 loss=0.2078 t=3.6m
Ep1 step1100 loss=0.2075 t=3.8m
Ep1 step1150 loss=0.2072 t=4.0m
Ep1 step1200 loss=0.2074 t=4.1m
Ep1 step1250 loss=0.2074 t=4.3m
Ep1 step1300 loss=0.2071 t=4.5m
Ep1 step1350 loss=0.2071 t=4.6m
Ep1 step1400 loss=0.2071 t=4.8m
Ep1 step1450 loss=0.2071 t=5.0m
Ep1 step1500 loss=0.2071 t=5.2m
Ep1 step1550 loss=0.2069 t=5.4m
Ep1 step1600 loss=0.2072 t=5.5m
Ep1 step1650 loss=0.2070 t=5.7m
Ep1 step1700 loss=0.2070 t=5.9m
Ep1 step1750 loss=0.2071 t=6.0m
Ep1 step1800 loss=0.2072 t=6.2m
Ep1 step1850 loss=0.2071 t=6.4m
Ep1 step1900 loss=0.2071 t=6.6m
Ep1 step1950 loss=0.2071 t=6.7m
Ep1 step2000 loss=0.2072 t=6.9m
Ep1 step2050 loss=0.2073 t=7.1m
Ep1 step2100 loss=0.2073 t=7.2m
Ep1 step2150 loss=0.2074 t=7.4m
Ep1 step2200 loss=0.2073 t=7.6m
Ep1 step2250 loss=0.2071 t=7.8m
Ep1 step2300 loss=0.2070 t=7.9m
Ep1 step2350 loss=0.2071 t=8.1m
Ep1 step2400 loss=0.2076 t=8.3m
Ep1 step2450 loss=0.2075 t=8.5m
Ep1 step2500 loss=0.2075 t=8.6m
Ep1 step2550 loss=0.2076 t=8.8m
Ep1 step2600 loss=0.2075 t=9.0m
Ep1 step2650 loss=0.2074 t=9.2m
Ep1 step2700 loss=0.2073 t=9.3m
Ep1 step2750 loss=0.2072 t=9.5m
Ep1 step2800 loss=0.2072 t=9.7m
Ep1 step2850 loss=0.2074 t=9.9m
Ep1 step2900 loss=0.2075 t=10.0m
Ep1 step2950 loss=0.2075 t=10.2m
Ep1 step3000 loss=0.2077 t=10.4m
Ep1 step3050 loss=0.2076 t=10.6m
Ep1 step3100 loss=0.2076 t=10.7m
Ep1 step3150 loss=0.2075 t=10.9m
Ep1 step3200 loss=0.2074 t=11.1m
Ep1 step3250 loss=0.2073 t=11.3m
Ep1 step3300 loss=0.2074 t=11.4m
Ep1 step3350 loss=0.2074 t=11.6m
Ep1 step3400 loss=0.2074 t=11.8m
Ep1 step3450 loss=0.2074 t=12.0m
Ep1 step3500 loss=0.2073 t=12.1m
Ep1 step3550 loss=0.2072 t=12.3m
Ep1 step3600 loss=0.2071 t=12.5m
Ep1 step3650 loss=0.2073 t=12.7m
Ep1 step3700 loss=0.2072 t=12.9m
Ep1 step3750 loss=0.2072 t=13.0m
Ep1 step3800 loss=0.2071 t=13.2m
Ep1 step3850 loss=0.2072 t=13.4m
Ep1 step3900 loss=0.2072 t=13.6m
Ep1 step3950 loss=0.2074 t=13.7m
Ep1 step4000 loss=0.2073 t=13.9m
Ep1 step4050 loss=0.2074 t=14.1m
Ep1 step4100 loss=0.2074 t=14.3m
Ep1 step4150 loss=0.2074 t=14.4m
Ep1 step4200 loss=0.2074 t=14.6m
Ep1 step4250 loss=0.2074 t=14.8m
Ep1 step4300 loss=0.2075 t=14.9m
Ep1 step4350 loss=0.2076 t=15.1m
Ep1 step4400 loss=0.2076 t=15.3m
Ep1 step4450 loss=0.2076 t=15.5m
Ep1 step4500 loss=0.2076 t=15.6m
Ep1 step4550 loss=0.2076 t=15.8m
Ep1 step4600 loss=0.2076 t=16.0m
Ep1 step4650 loss=0.2076 t=16.2m
Ep1 step4700 loss=0.2076 t=16.3m
Ep1 step4750 loss=0.2076 t=16.5m
Ep1 step4800 loss=0.2077 t=16.7m
Ep1 step4850 loss=0.2077 t=16.9m
Ep1 step4900 loss=0.2077 t=17.0m
Ep1 step4950 loss=0.2077 t=17.2m
Ep1 step5000 loss=0.2077 t=17.4m
Ep1 step5050 loss=0.2077 t=17.6m
Ep1 step5100 loss=0.2076 t=17.7m
Ep1 step5150 loss=0.2077 t=17.9m
Ep1 step5200 loss=0.2076 t=18.1m
Ep1 step5250 loss=0.2076 t=18.3m
Ep1 step5300 loss=0.2076 t=18.4m
Ep1 step5350 loss=0.2077 t=18.6m
Ep1 step5400 loss=0.2078 t=18.8m
Ep1 step5450 loss=0.2078 t=19.0m
Ep1 step5500 loss=0.2078 t=19.1m
Ep1 step5550 loss=0.2078 t=19.3m
Ep1 step5600 loss=0.2079 t=19.5m
Ep1 step5650 loss=0.2079 t=19.6m
Ep1 step5700 loss=0.2080 t=19.8m
Ep1 step5750 loss=0.2079 t=20.0m
Ep1 step5800 loss=0.2080 t=20.2m
Ep1 step5850 loss=0.2081 t=20.3m
Ep1 step5900 loss=0.2080 t=20.5m
Ep1 step5950 loss=0.2082 t=20.7m
Ep1 step6000 loss=0.2082 t=20.8m
Ep1 step6050 loss=0.2081 t=21.0m
Ep1 step6100 loss=0.2081 t=21.2m
Ep1 step6150 loss=0.2081 t=21.4m
Ep1 step6200 loss=0.2080 t=21.5m
Ep1 step6250 loss=0.2080 t=21.7m
Ep1 step6300 loss=0.2079 t=21.9m
Ep1 step6350 loss=0.2080 t=22.1m
Ep1 step6400 loss=0.2081 t=22.2m
Ep1 step6450 loss=0.2081 t=22.4m
Ep1 step6500 loss=0.2080 t=22.6m
Ep1 step6550 loss=0.2080 t=22.7m
Ep1 step6600 loss=0.2081 t=22.9m
Ep1 step6650 loss=0.2080 t=23.1m
Ep1 step6700 loss=0.2080 t=23.3m
Ep1 step6750 loss=0.2079 t=23.4m
Ep1 step6800 loss=0.2080 t=23.6m
Ep1 step6850 loss=0.2079 t=23.8m
Ep1 step6900 loss=0.2079 t=23.9m
Ep1 step6950 loss=0.2080 t=24.1m
Ep1 step7000 loss=0.2079 t=24.3m
Ep1 step7050 loss=0.2079 t=24.5m
Ep1 step7100 loss=0.2080 t=24.6m
Ep1 step7150 loss=0.2079 t=24.8m
Ep1 step7200 loss=0.2079 t=25.0m
Ep1 step7250 loss=0.2078 t=25.2m
Ep1 step7300 loss=0.2078 t=25.3m
Ep1 step7350 loss=0.2078 t=25.5m
Ep1 step7400 loss=0.2078 t=25.7m
Ep1 step7450 loss=0.2078 t=25.9m
Ep1 step7500 loss=0.2078 t=26.0m
Ep1 step7550 loss=0.2078 t=26.2m
Ep1 step7600 loss=0.2078 t=26.4m
Ep1 step7650 loss=0.2078 t=26.5m
Ep1 step7700 loss=0.2078 t=26.7m
Ep1 step7750 loss=0.2079 t=26.9m
Ep1 step7800 loss=0.2079 t=27.1m
Ep1 step7850 loss=0.2079 t=27.2m
Ep1 step7900 loss=0.2080 t=27.4m
Ep1 step7950 loss=0.2080 t=27.6m
Ep1 step8000 loss=0.2079 t=27.8m
Ep1 step8050 loss=0.2080 t=27.9m
Ep1 step8100 loss=0.2079 t=28.1m
Ep1 step8150 loss=0.2080 t=28.3m
Ep1 step8200 loss=0.2080 t=28.5m
Ep1 step8250 loss=0.2080 t=28.6m
Ep1 step8300 loss=0.2080 t=28.8m
Ep1 step8350 loss=0.2080 t=29.0m
Ep1 step8400 loss=0.2080 t=29.1m
Ep1 step8450 loss=0.2081 t=29.3m
Ep1 step8500 loss=0.2081 t=29.5m
Ep1 step8550 loss=0.2080 t=29.7m
Ep1 step8600 loss=0.2080 t=29.9m
Ep1 step8650 loss=0.2080 t=30.0m
Ep1 step8700 loss=0.2080 t=30.2m
Ep1 step8750 loss=0.2080 t=30.4m
Ep1 step8800 loss=0.2080 t=30.5m
Ep1 step8850 loss=0.2080 t=30.7m
Ep1 step8900 loss=0.2080 t=30.9m
Ep1 step8950 loss=0.2079 t=31.1m
Ep1 step9000 loss=0.2079 t=31.2m
Ep1 step9050 loss=0.2080 t=31.4m
Ep1 step9100 loss=0.2079 t=31.6m
Ep1 step9150 loss=0.2079 t=31.8m
Ep1 step9200 loss=0.2080 t=31.9m
Ep1 step9250 loss=0.2080 t=32.1m
Ep1 step9300 loss=0.2079 t=32.3m
Ep1 step9350 loss=0.2079 t=32.5m
Ep1 step9400 loss=0.2079 t=32.6m
Ep1 step9450 loss=0.2080 t=32.8m
Ep1 step9500 loss=0.2080 t=33.0m
Ep1 step9550 loss=0.2080 t=33.2m
Ep1 step9600 loss=0.2079 t=33.4m
Ep1 step9650 loss=0.2079 t=33.5m
Ep1 step9700 loss=0.2079 t=33.7m
Ep1 step9750 loss=0.2079 t=33.9m
Ep1 step9800 loss=0.2079 t=34.0m
Ep1 step9850 loss=0.2080 t=34.2m
Ep1 step9900 loss=0.2080 t=34.4m
Ep1 step9950 loss=0.2080 t=34.6m
Ep1 step10000 loss=0.2080 t=34.8m
Ep1 step10050 loss=0.2080 t=34.9m
Ep1 step10100 loss=0.2080 t=35.1m
Ep1 step10150 loss=0.2079 t=35.3m
Ep1 step10200 loss=0.2079 t=35.5m
Ep1 step10250 loss=0.2079 t=35.6m
Ep1 step10300 loss=0.2079 t=35.8m
Ep1 step10350 loss=0.2080 t=36.0m
Ep1 step10400 loss=0.2080 t=36.2m
Ep1 step10450 loss=0.2080 t=36.4m
Ep1 step10500 loss=0.2080 t=36.5m
Ep1 step10550 loss=0.2080 t=36.7m
Ep1 step10600 loss=0.2080 t=36.9m
Ep1 step10650 loss=0.2080 t=37.0m
Ep1 step10700 loss=0.2080 t=37.2m
Ep1 step10750 loss=0.2080 t=37.4m
Ep1 step10800 loss=0.2080 t=37.6m
Ep1 step10850 loss=0.2080 t=37.7m
Ep1 step10900 loss=0.2080 t=37.9m
Ep1 step10950 loss=0.2079 t=38.1m
Ep1 step11000 loss=0.2079 t=38.2m
Ep1 step11050 loss=0.2079 t=38.4m
Ep1 step11100 loss=0.2079 t=38.6m
Ep1 step11150 loss=0.2078 t=38.8m
Ep1 step11200 loss=0.2078 t=38.9m
Ep1 step11250 loss=0.2078 t=39.1m
Ep1 step11300 loss=0.2078 t=39.3m
Ep1 step11350 loss=0.2078 t=39.5m
Ep1 step11400 loss=0.2077 t=39.6m
Ep1 step11450 loss=0.2078 t=39.8m
Ep1 step11500 loss=0.2078 t=40.0m
Ep1 step11550 loss=0.2078 t=40.1m
Ep1 step11600 loss=0.2078 t=40.3m
Ep1 step11650 loss=0.2078 t=40.5m
Ep1 step11700 loss=0.2078 t=40.7m
Ep1 step11750 loss=0.2078 t=40.8m
Ep1 step11800 loss=0.2077 t=41.0m
Ep1 step11850 loss=0.2077 t=41.2m
Ep1 step11900 loss=0.2077 t=41.3m
Ep1 step11950 loss=0.2077 t=41.5m
Ep1 step12000 loss=0.2077 t=41.7m
Ep1 step12050 loss=0.2077 t=41.8m
Ep1 step12100 loss=0.2077 t=42.0m
Ep1 step12150 loss=0.2077 t=42.2m
Ep1 step12200 loss=0.2077 t=42.4m
Ep1 step12250 loss=0.2077 t=42.5m
Ep1 step12300 loss=0.2078 t=42.7m
Ep1 step12350 loss=0.2078 t=42.9m
Ep1 step12400 loss=0.2078 t=43.0m
Ep1 step12450 loss=0.2078 t=43.2m
Ep1 step12500 loss=0.2079 t=43.4m
Ep1 step12550 loss=0.2079 t=43.5m
Ep1 step12600 loss=0.2078 t=43.7m
Ep1 step12650 loss=0.2078 t=43.9m
Ep1 step12700 loss=0.2078 t=44.1m
Ep1 step12750 loss=0.2078 t=44.2m
Ep1 step12800 loss=0.2078 t=44.4m
Ep1 step12850 loss=0.2078 t=44.6m
Ep1 step12900 loss=0.2078 t=44.7m
Ep1 step12950 loss=0.2078 t=44.9m
Ep1 step13000 loss=0.2078 t=45.1m
Ep1 step13050 loss=0.2078 t=45.3m
Ep1 step13100 loss=0.2078 t=45.4m
Ep1 step13150 loss=0.2078 t=45.6m
Ep1 step13200 loss=0.2078 t=45.8m
Ep1 step13250 loss=0.2077 t=45.9m
Ep1 step13300 loss=0.2077 t=46.1m
Ep1 step13350 loss=0.2077 t=46.3m
Ep1 step13400 loss=0.2077 t=46.5m
Ep1 step13450 loss=0.2077 t=46.6m
Ep1 step13500 loss=0.2077 t=46.8m
Ep1 step13550 loss=0.2077 t=47.0m
Ep1 step13600 loss=0.2077 t=47.2m
Ep1 step13650 loss=0.2077 t=47.3m
Ep1 step13700 loss=0.2077 t=47.5m
Ep1 step13750 loss=0.2077 t=47.7m
Ep1 step13800 loss=0.2077 t=47.8m
Ep1 step13850 loss=0.2077 t=48.0m
Ep1 step13900 loss=0.2077 t=48.2m
Ep1 step13950 loss=0.2077 t=48.4m
Ep1 step14000 loss=0.2076 t=48.5m
Ep1 step14050 loss=0.2077 t=48.7m
Ep1 step14100 loss=0.2077 t=48.9m
Ep1 step14150 loss=0.2077 t=49.1m
Ep1 step14200 loss=0.2076 t=49.2m
Ep1 step14250 loss=0.2076 t=49.4m
Ep1 step14300 loss=0.2076 t=49.6m
Ep1 step14350 loss=0.2076 t=49.8m
Ep1 step14400 loss=0.2076 t=49.9m
Ep1 step14450 loss=0.2076 t=50.1m
Ep1 step14500 loss=0.2076 t=50.3m
Ep1 step14550 loss=0.2076 t=50.5m
Ep1 step14600 loss=0.2076 t=50.6m
Ep1 step14650 loss=0.2076 t=50.8m
Ep1 step14700 loss=0.2076 t=51.0m
Ep1 step14750 loss=0.2076 t=51.1m
Ep1 step14800 loss=0.2076 t=51.3m
Ep1 step14850 loss=0.2076 t=51.5m
Ep1 step14900 loss=0.2077 t=51.6m
Ep1 step14950 loss=0.2077 t=51.8m
Ep1 step15000 loss=0.2077 t=52.0m
Ep1 step15050 loss=0.2077 t=52.2m
Ep1 step15100 loss=0.2077 t=52.3m
Ep1 step15150 loss=0.2077 t=52.5m
Ep1 step15200 loss=0.2077 t=52.7m
Ep1 step15250 loss=0.2077 t=52.8m
Ep1 step15300 loss=0.2077 t=53.0m
Ep1 step15350 loss=0.2077 t=53.2m
Ep1 step15400 loss=0.2076 t=53.4m
Epoch 1 finished. avg_loss=0.2076
Evaluating on dev...
Dev accuracy: 0.8442
  *** New best model saved (dev_acc=0.8442) ***
Ep2 step50 loss=0.2176 t=0.2m
Ep2 step100 loss=0.2094 t=0.3m
Ep2 step150 loss=0.2109 t=0.5m
Ep2 step200 loss=0.2104 t=0.7m
Ep2 step250 loss=0.2096 t=0.9m
Ep2 step300 loss=0.2082 t=1.0m
Ep2 step350 loss=0.2088 t=1.2m
Ep2 step400 loss=0.2082 t=1.4m
Ep2 step450 loss=0.2073 t=1.6m
Ep2 step500 loss=0.2073 t=1.7m
Ep2 step550 loss=0.2067 t=1.9m
Ep2 step600 loss=0.2064 t=2.1m
Ep2 step650 loss=0.2060 t=2.2m
Ep2 step700 loss=0.2057 t=2.4m
Ep2 step750 loss=0.2067 t=2.6m
Ep2 step800 loss=0.2062 t=2.8m
Ep2 step850 loss=0.2059 t=2.9m
Ep2 step900 loss=0.2061 t=3.1m
Ep2 step950 loss=0.2059 t=3.3m
Ep2 step1000 loss=0.2059 t=3.5m
Ep2 step1050 loss=0.2059 t=3.6m
Ep2 step1100 loss=0.2062 t=3.8m
Ep2 step1150 loss=0.2062 t=4.0m
Ep2 step1200 loss=0.2062 t=4.1m
Ep2 step1250 loss=0.2060 t=4.3m
Ep2 step1300 loss=0.2059 t=4.5m
Ep2 step1350 loss=0.2065 t=4.7m
Ep2 step1400 loss=0.2063 t=4.8m
Ep2 step1450 loss=0.2063 t=5.0m
Ep2 step1500 loss=0.2065 t=5.2m
Ep2 step1550 loss=0.2063 t=5.4m
Ep2 step1600 loss=0.2063 t=5.5m
Ep2 step1650 loss=0.2063 t=5.7m
Ep2 step1700 loss=0.2062 t=5.9m
Ep2 step1750 loss=0.2060 t=6.0m
Ep2 step1800 loss=0.2060 t=6.2m
Ep2 step1850 loss=0.2059 t=6.4m
Ep2 step1900 loss=0.2059 t=6.6m
Ep2 step1950 loss=0.2058 t=6.7m
Ep2 step2000 loss=0.2058 t=6.9m
Ep2 step2050 loss=0.2058 t=7.1m
Ep2 step2100 loss=0.2060 t=7.2m
Ep2 step2150 loss=0.2059 t=7.4m
Ep2 step2200 loss=0.2058 t=7.6m
Ep2 step2250 loss=0.2057 t=7.8m
Ep2 step2300 loss=0.2057 t=7.9m
Ep2 step2350 loss=0.2058 t=8.1m
Ep2 step2400 loss=0.2058 t=8.3m
Ep2 step2450 loss=0.2059 t=8.5m
Ep2 step2500 loss=0.2060 t=8.6m
Ep2 step2550 loss=0.2061 t=8.8m
Ep2 step2600 loss=0.2062 t=9.0m
Ep2 step2650 loss=0.2063 t=9.2m
Ep2 step2700 loss=0.2062 t=9.3m
Ep2 step2750 loss=0.2062 t=9.5m
Ep2 step2800 loss=0.2062 t=9.7m
Ep2 step2850 loss=0.2064 t=9.8m
Ep2 step2900 loss=0.2063 t=10.0m
Ep2 step2950 loss=0.2063 t=10.2m
Ep2 step3000 loss=0.2064 t=10.4m
Ep2 step3050 loss=0.2064 t=10.5m
Ep2 step3100 loss=0.2065 t=10.7m
Ep2 step3150 loss=0.2066 t=10.9m
Ep2 step3200 loss=0.2066 t=11.0m
Ep2 step3250 loss=0.2066 t=11.2m
Ep2 step3300 loss=0.2067 t=11.4m
Ep2 step3350 loss=0.2066 t=11.6m
Ep2 step3400 loss=0.2066 t=11.7m
Ep2 step3450 loss=0.2067 t=11.9m
Ep2 step3500 loss=0.2067 t=12.1m
Ep2 step3550 loss=0.2067 t=12.3m
Ep2 step3600 loss=0.2066 t=12.4m
Ep2 step3650 loss=0.2066 t=12.6m
Ep2 step3700 loss=0.2066 t=12.8m
Ep2 step3750 loss=0.2066 t=12.9m
Ep2 step3800 loss=0.2067 t=13.1m
Ep2 step3850 loss=0.2066 t=13.3m
Ep2 step3900 loss=0.2067 t=13.5m
Ep2 step3950 loss=0.2067 t=13.7m
Ep2 step4000 loss=0.2067 t=13.8m
Ep2 step4050 loss=0.2066 t=14.0m
Ep2 step4100 loss=0.2066 t=14.2m
Ep2 step4150 loss=0.2066 t=14.4m
Ep2 step4200 loss=0.2065 t=14.5m
Ep2 step4250 loss=0.2065 t=14.7m
Ep2 step4300 loss=0.2065 t=14.9m
Ep2 step4350 loss=0.2066 t=15.1m
Ep2 step4400 loss=0.2066 t=15.2m
Ep2 step4450 loss=0.2065 t=15.4m
Ep2 step4500 loss=0.2065 t=15.6m
Ep2 step4550 loss=0.2064 t=15.7m
Ep2 step4600 loss=0.2064 t=15.9m
Ep2 step4650 loss=0.2064 t=16.1m
Ep2 step4700 loss=0.2064 t=16.3m
Ep2 step4750 loss=0.2064 t=16.4m
Ep2 step4800 loss=0.2063 t=16.6m
Ep2 step4850 loss=0.2063 t=16.8m
Ep2 step4900 loss=0.2063 t=17.0m
Ep2 step4950 loss=0.2063 t=17.1m
Ep2 step5000 loss=0.2063 t=17.3m
Ep2 step5050 loss=0.2063 t=17.5m
Ep2 step5100 loss=0.2065 t=17.6m
Ep2 step5150 loss=0.2065 t=17.8m
Ep2 step5200 loss=0.2064 t=18.0m
Ep2 step5250 loss=0.2063 t=18.2m
Ep2 step5300 loss=0.2064 t=18.3m
Ep2 step5350 loss=0.2064 t=18.5m
Ep2 step5400 loss=0.2064 t=18.7m
Ep2 step5450 loss=0.2064 t=18.8m
Ep2 step5500 loss=0.2063 t=19.0m
Ep2 step5550 loss=0.2063 t=19.2m
Ep2 step5600 loss=0.2064 t=19.4m
Ep2 step5650 loss=0.2064 t=19.6m
Ep2 step5700 loss=0.2063 t=19.7m
Ep2 step5750 loss=0.2064 t=19.9m
Ep2 step5800 loss=0.2064 t=20.1m
Ep2 step5850 loss=0.2063 t=20.2m
Ep2 step5900 loss=0.2063 t=20.4m
Ep2 step5950 loss=0.2062 t=20.6m
Ep2 step6000 loss=0.2063 t=20.8m
Ep2 step6050 loss=0.2064 t=20.9m
Ep2 step6100 loss=0.2065 t=21.1m
Ep2 step6150 loss=0.2066 t=21.3m
Ep2 step6200 loss=0.2065 t=21.5m
Ep2 step6250 loss=0.2065 t=21.6m
Ep2 step6300 loss=0.2065 t=21.8m
Ep2 step6350 loss=0.2065 t=22.0m
Ep2 step6400 loss=0.2065 t=22.1m
Ep2 step6450 loss=0.2065 t=22.3m
Ep2 step6500 loss=0.2066 t=22.5m
Ep2 step6550 loss=0.2067 t=22.7m
Ep2 step6600 loss=0.2067 t=22.8m
Ep2 step6650 loss=0.2066 t=23.0m
Ep2 step6700 loss=0.2066 t=23.2m
Ep2 step6750 loss=0.2066 t=23.4m
Ep2 step6800 loss=0.2066 t=23.5m
Ep2 step6850 loss=0.2066 t=23.7m
Ep2 step6900 loss=0.2065 t=23.9m
Ep2 step6950 loss=0.2066 t=24.1m
Ep2 step7000 loss=0.2066 t=24.2m
Ep2 step7050 loss=0.2066 t=24.4m
Ep2 step7100 loss=0.2065 t=24.6m
Ep2 step7150 loss=0.2066 t=24.7m
Ep2 step7200 loss=0.2066 t=24.9m
Ep2 step7250 loss=0.2065 t=25.1m
Ep2 step7300 loss=0.2065 t=25.2m
Ep2 step7350 loss=0.2065 t=25.4m
Ep2 step7400 loss=0.2065 t=25.6m
Ep2 step7450 loss=0.2065 t=25.8m
Ep2 step7500 loss=0.2065 t=25.9m
Ep2 step7550 loss=0.2065 t=26.1m
Ep2 step7600 loss=0.2066 t=26.3m
Ep2 step7650 loss=0.2065 t=26.4m
Ep2 step7700 loss=0.2065 t=26.6m
Ep2 step7750 loss=0.2065 t=26.8m
Ep2 step7800 loss=0.2064 t=27.0m
Ep2 step7850 loss=0.2064 t=27.1m
Ep2 step7900 loss=0.2064 t=27.3m
Ep2 step7950 loss=0.2065 t=27.5m
Ep2 step8000 loss=0.2065 t=27.6m
Ep2 step8050 loss=0.2065 t=27.8m
Ep2 step8100 loss=0.2065 t=28.0m
Ep2 step8150 loss=0.2064 t=28.1m
Ep2 step8200 loss=0.2064 t=28.3m
Ep2 step8250 loss=0.2064 t=28.5m
Ep2 step8300 loss=0.2063 t=28.7m
Ep2 step8350 loss=0.2064 t=28.8m
Ep2 step8400 loss=0.2064 t=29.0m
Ep2 step8450 loss=0.2064 t=29.2m
Ep2 step8500 loss=0.2064 t=29.4m
Ep2 step8550 loss=0.2065 t=29.5m
Ep2 step8600 loss=0.2065 t=29.7m
Ep2 step8650 loss=0.2065 t=29.9m
Ep2 step8700 loss=0.2065 t=30.0m
Ep2 step8750 loss=0.2065 t=30.2m
Ep2 step8800 loss=0.2066 t=30.4m
Ep2 step8850 loss=0.2066 t=30.6m
Ep2 step8900 loss=0.2065 t=30.7m
Ep2 step8950 loss=0.2065 t=30.9m
Ep2 step9000 loss=0.2066 t=31.1m
Ep2 step9050 loss=0.2066 t=31.3m
Ep2 step9100 loss=0.2065 t=31.4m
Ep2 step9150 loss=0.2066 t=31.6m
Ep2 step9200 loss=0.2066 t=31.8m
Ep2 step9250 loss=0.2066 t=31.9m
Ep2 step9300 loss=0.2066 t=32.1m
Ep2 step9350 loss=0.2066 t=32.3m
Ep2 step9400 loss=0.2066 t=32.5m
Ep2 step9450 loss=0.2066 t=32.6m
Ep2 step9500 loss=0.2066 t=32.8m
Ep2 step9550 loss=0.2066 t=33.0m
Ep2 step9600 loss=0.2066 t=33.2m
Ep2 step9650 loss=0.2066 t=33.3m
Ep2 step9700 loss=0.2066 t=33.5m
Ep2 step9750 loss=0.2067 t=33.7m
Ep2 step9800 loss=0.2068 t=33.8m
Ep2 step9850 loss=0.2068 t=34.0m
Ep2 step9900 loss=0.2069 t=34.2m
Ep2 step9950 loss=0.2069 t=34.4m
Ep2 step10000 loss=0.2069 t=34.5m
Ep2 step10050 loss=0.2068 t=34.7m
Ep2 step10100 loss=0.2068 t=34.9m
Ep2 step10150 loss=0.2068 t=35.1m
Ep2 step10200 loss=0.2068 t=35.2m
Ep2 step10250 loss=0.2068 t=35.4m
Ep2 step10300 loss=0.2067 t=35.6m
Ep2 step10350 loss=0.2067 t=35.8m
Ep2 step10400 loss=0.2067 t=35.9m
Ep2 step10450 loss=0.2066 t=36.1m
Ep2 step10500 loss=0.2066 t=36.3m
Ep2 step10550 loss=0.2067 t=36.4m
Ep2 step10600 loss=0.2067 t=36.6m
Ep2 step10650 loss=0.2067 t=36.8m
Ep2 step10700 loss=0.2067 t=37.0m
Ep2 step10750 loss=0.2067 t=37.2m
Ep2 step10800 loss=0.2067 t=37.3m
Ep2 step10850 loss=0.2067 t=37.5m
Ep2 step10900 loss=0.2066 t=37.7m
Ep2 step10950 loss=0.2066 t=37.8m
Ep2 step11000 loss=0.2066 t=38.0m
Ep2 step11050 loss=0.2066 t=38.2m
Ep2 step11100 loss=0.2067 t=38.4m
Ep2 step11150 loss=0.2066 t=38.5m
Ep2 step11200 loss=0.2066 t=38.7m
Ep2 step11250 loss=0.2066 t=38.9m
Ep2 step11300 loss=0.2066 t=39.1m
Ep2 step11350 loss=0.2066 t=39.2m
Ep2 step11400 loss=0.2066 t=39.4m
Ep2 step11450 loss=0.2066 t=39.6m
Ep2 step11500 loss=0.2066 t=39.8m
Ep2 step11550 loss=0.2066 t=39.9m
Ep2 step11600 loss=0.2066 t=40.1m
Ep2 step11650 loss=0.2066 t=40.3m
Ep2 step11700 loss=0.2066 t=40.5m
Ep2 step11750 loss=0.2066 t=40.6m
Ep2 step11800 loss=0.2066 t=40.8m
Ep2 step11850 loss=0.2065 t=41.0m
Ep2 step11900 loss=0.2065 t=41.1m
Ep2 step11950 loss=0.2065 t=41.3m
Ep2 step12000 loss=0.2065 t=41.5m
Ep2 step12050 loss=0.2065 t=41.7m
Ep2 step12100 loss=0.2065 t=41.8m
Ep2 step12150 loss=0.2065 t=42.0m
Ep2 step12200 loss=0.2064 t=42.2m
Ep2 step12250 loss=0.2064 t=42.3m
Ep2 step12300 loss=0.2064 t=42.5m
Ep2 step12350 loss=0.2064 t=42.7m
Ep2 step12400 loss=0.2065 t=42.9m
Ep2 step12450 loss=0.2065 t=43.0m
Ep2 step12500 loss=0.2065 t=43.2m
Ep2 step12550 loss=0.2065 t=43.4m
Ep2 step12600 loss=0.2065 t=43.6m
Ep2 step12650 loss=0.2065 t=43.7m
Ep2 step12700 loss=0.2065 t=43.9m
Ep2 step12750 loss=0.2066 t=44.1m
Ep2 step12800 loss=0.2065 t=44.3m
Ep2 step12850 loss=0.2065 t=44.4m
Ep2 step12900 loss=0.2066 t=44.6m
Ep2 step12950 loss=0.2065 t=44.8m
Ep2 step13000 loss=0.2065 t=45.0m
Ep2 step13050 loss=0.2065 t=45.1m
Ep2 step13100 loss=0.2065 t=45.3m
Ep2 step13150 loss=0.2065 t=45.5m
Ep2 step13200 loss=0.2065 t=45.7m
Ep2 step13250 loss=0.2064 t=45.8m
Ep2 step13300 loss=0.2064 t=46.0m
Ep2 step13350 loss=0.2064 t=46.2m
Ep2 step13400 loss=0.2064 t=46.4m
Ep2 step13450 loss=0.2064 t=46.5m
Ep2 step13500 loss=0.2064 t=46.7m
Ep2 step13550 loss=0.2064 t=46.9m
Ep2 step13600 loss=0.2064 t=47.1m
Ep2 step13650 loss=0.2064 t=47.2m
Ep2 step13700 loss=0.2064 t=47.4m
Ep2 step13750 loss=0.2064 t=47.6m
Ep2 step13800 loss=0.2064 t=47.7m
Ep2 step13850 loss=0.2064 t=47.9m
Ep2 step13900 loss=0.2064 t=48.1m
Ep2 step13950 loss=0.2064 t=48.3m
Ep2 step14000 loss=0.2064 t=48.4m
Ep2 step14050 loss=0.2064 t=48.6m
Ep2 step14100 loss=0.2063 t=48.8m
Ep2 step14150 loss=0.2063 t=48.9m
Ep2 step14200 loss=0.2063 t=49.1m
Ep2 step14250 loss=0.2064 t=49.3m
Ep2 step14300 loss=0.2063 t=49.5m
Ep2 step14350 loss=0.2063 t=49.6m
Ep2 step14400 loss=0.2063 t=49.8m
Ep2 step14450 loss=0.2063 t=50.0m
Ep2 step14500 loss=0.2063 t=50.2m
Ep2 step14550 loss=0.2063 t=50.3m
Ep2 step14600 loss=0.2063 t=50.5m
Ep2 step14650 loss=0.2063 t=50.7m
Ep2 step14700 loss=0.2063 t=50.8m
Ep2 step14750 loss=0.2063 t=51.0m
Ep2 step14800 loss=0.2063 t=51.2m
Ep2 step14850 loss=0.2063 t=51.4m
Ep2 step14900 loss=0.2063 t=51.5m
Ep2 step14950 loss=0.2062 t=51.7m
Ep2 step15000 loss=0.2063 t=51.9m
Ep2 step15050 loss=0.2062 t=52.1m
Ep2 step15100 loss=0.2063 t=52.2m
Ep2 step15150 loss=0.2062 t=52.4m
Ep2 step15200 loss=0.2062 t=52.6m
Ep2 step15250 loss=0.2062 t=52.7m
Ep2 step15300 loss=0.2062 t=52.9m
Ep2 step15350 loss=0.2063 t=53.1m
Ep2 step15400 loss=0.2062 t=53.3m
Epoch 2 finished. avg_loss=0.2063
Evaluating on dev...
Dev accuracy: 0.8376
Ep3 step50 loss=0.2006 t=0.2m
Ep3 step100 loss=0.2067 t=0.4m
Ep3 step150 loss=0.2069 t=0.5m
Ep3 step200 loss=0.2068 t=0.7m
Ep3 step250 loss=0.2063 t=0.9m
Ep3 step300 loss=0.2064 t=1.1m
Ep3 step350 loss=0.2062 t=1.2m
Ep3 step400 loss=0.2068 t=1.4m
Ep3 step450 loss=0.2062 t=1.6m
Ep3 step500 loss=0.2061 t=1.8m
Ep3 step550 loss=0.2063 t=1.9m
Ep3 step600 loss=0.2058 t=2.1m
Ep3 step650 loss=0.2060 t=2.3m
Ep3 step700 loss=0.2061 t=2.4m
Ep3 step750 loss=0.2057 t=2.6m
Ep3 step800 loss=0.2054 t=2.8m
Ep3 step850 loss=0.2055 t=3.0m
Ep3 step900 loss=0.2053 t=3.1m
Ep3 step950 loss=0.2051 t=3.3m
Ep3 step1000 loss=0.2052 t=3.5m
Ep3 step1050 loss=0.2058 t=3.6m
Ep3 step1100 loss=0.2057 t=3.8m
Ep3 step1150 loss=0.2055 t=4.0m
Ep3 step1200 loss=0.2053 t=4.2m
Ep3 step1250 loss=0.2051 t=4.4m
Ep3 step1300 loss=0.2050 t=4.5m
Ep3 step1350 loss=0.2048 t=4.7m
Ep3 step1400 loss=0.2049 t=4.9m
Ep3 step1450 loss=0.2048 t=5.1m
Ep3 step1500 loss=0.2047 t=5.2m
Ep3 step1550 loss=0.2045 t=5.4m
Ep3 step1600 loss=0.2044 t=5.6m
Ep3 step1650 loss=0.2046 t=5.8m
Ep3 step1700 loss=0.2046 t=5.9m
Ep3 step1750 loss=0.2045 t=6.1m
Ep3 step1800 loss=0.2044 t=6.3m
Ep3 step1850 loss=0.2045 t=6.4m
Ep3 step1900 loss=0.2044 t=6.6m
Ep3 step1950 loss=0.2044 t=6.8m
Ep3 step2000 loss=0.2044 t=7.0m
Ep3 step2050 loss=0.2044 t=7.1m
Ep3 step2100 loss=0.2045 t=7.3m
Ep3 step2150 loss=0.2045 t=7.5m
Ep3 step2200 loss=0.2044 t=7.6m
Ep3 step2250 loss=0.2045 t=7.8m
Ep3 step2300 loss=0.2044 t=8.0m
Ep3 step2350 loss=0.2044 t=8.2m
Ep3 step2400 loss=0.2044 t=8.3m
Ep3 step2450 loss=0.2043 t=8.5m
Ep3 step2500 loss=0.2045 t=8.7m
Ep3 step2550 loss=0.2044 t=8.8m
Ep3 step2600 loss=0.2043 t=9.0m
Ep3 step2650 loss=0.2047 t=9.2m
Ep3 step2700 loss=0.2047 t=9.4m
Ep3 step2750 loss=0.2047 t=9.5m
Ep3 step2800 loss=0.2050 t=9.7m
Ep3 step2850 loss=0.2050 t=9.9m
Ep3 step2900 loss=0.2051 t=10.1m
Ep3 step2950 loss=0.2051 t=10.2m
Ep3 step3000 loss=0.2050 t=10.4m
Ep3 step3050 loss=0.2051 t=10.6m
Ep3 step3100 loss=0.2051 t=10.7m
Ep3 step3150 loss=0.2050 t=10.9m
Ep3 step3200 loss=0.2050 t=11.1m
Ep3 step3250 loss=0.2050 t=11.3m
Ep3 step3300 loss=0.2052 t=11.4m
Ep3 step3350 loss=0.2051 t=11.6m
Ep3 step3400 loss=0.2052 t=11.8m
Ep3 step3450 loss=0.2052 t=12.0m
Ep3 step3500 loss=0.2051 t=12.1m
Ep3 step3550 loss=0.2051 t=12.3m
Ep3 step3600 loss=0.2051 t=12.5m
Ep3 step3650 loss=0.2050 t=12.7m
Ep3 step3700 loss=0.2050 t=12.8m
Ep3 step3750 loss=0.2050 t=13.0m
Ep3 step3800 loss=0.2049 t=13.2m
Ep3 step3850 loss=0.2049 t=13.4m
Ep3 step3900 loss=0.2049 t=13.5m
Ep3 step3950 loss=0.2048 t=13.7m
Ep3 step4000 loss=0.2049 t=13.9m
Ep3 step4050 loss=0.2050 t=14.1m
Ep3 step4100 loss=0.2050 t=14.3m
Ep3 step4150 loss=0.2050 t=14.4m
Ep3 step4200 loss=0.2051 t=14.6m
Ep3 step4250 loss=0.2052 t=14.8m
Ep3 step4300 loss=0.2052 t=15.0m
Ep3 step4350 loss=0.2052 t=15.1m
Ep3 step4400 loss=0.2052 t=15.3m
Ep3 step4450 loss=0.2052 t=15.5m
Ep3 step4500 loss=0.2053 t=15.7m
Ep3 step4550 loss=0.2052 t=15.8m
Ep3 step4600 loss=0.2052 t=16.0m
Ep3 step4650 loss=0.2053 t=16.2m
Ep3 step4700 loss=0.2053 t=16.4m
Ep3 step4750 loss=0.2053 t=16.5m
Ep3 step4800 loss=0.2052 t=16.7m
Ep3 step4850 loss=0.2052 t=16.9m
Ep3 step4900 loss=0.2053 t=17.0m
Ep3 step4950 loss=0.2053 t=17.2m
Ep3 step5000 loss=0.2052 t=17.4m
Ep3 step5050 loss=0.2052 t=17.6m
Ep3 step5100 loss=0.2052 t=17.7m
Ep3 step5150 loss=0.2051 t=17.9m
Ep3 step5200 loss=0.2051 t=18.1m
Ep3 step5250 loss=0.2051 t=18.2m
Ep3 step5300 loss=0.2052 t=18.4m
Ep3 step5350 loss=0.2052 t=18.6m
Ep3 step5400 loss=0.2052 t=18.8m
Ep3 step5450 loss=0.2052 t=18.9m
Ep3 step5500 loss=0.2052 t=19.1m
Ep3 step5550 loss=0.2051 t=19.3m
Ep3 step5600 loss=0.2051 t=19.5m
Ep3 step5650 loss=0.2051 t=19.6m
Ep3 step5700 loss=0.2051 t=19.8m
Ep3 step5750 loss=0.2051 t=20.0m
Ep3 step5800 loss=0.2051 t=20.1m
Ep3 step5850 loss=0.2051 t=20.3m
Ep3 step5900 loss=0.2051 t=20.5m
Ep3 step5950 loss=0.2052 t=20.7m
Ep3 step6000 loss=0.2052 t=20.8m
Ep3 step6050 loss=0.2051 t=21.0m
Ep3 step6100 loss=0.2052 t=21.2m
Ep3 step6150 loss=0.2052 t=21.3m
Ep3 step6200 loss=0.2052 t=21.5m
Ep3 step6250 loss=0.2052 t=21.7m
Ep3 step6300 loss=0.2052 t=21.9m
Ep3 step6350 loss=0.2053 t=22.0m
Ep3 step6400 loss=0.2054 t=22.2m
Ep3 step6450 loss=0.2054 t=22.4m
Ep3 step6500 loss=0.2054 t=22.6m
Ep3 step6550 loss=0.2053 t=22.7m
Ep3 step6600 loss=0.2054 t=22.9m
Ep3 step6650 loss=0.2053 t=23.1m
Ep3 step6700 loss=0.2053 t=23.3m
Ep3 step6750 loss=0.2054 t=23.4m
Ep3 step6800 loss=0.2054 t=23.6m
Ep3 step6850 loss=0.2054 t=23.8m
Ep3 step6900 loss=0.2054 t=24.0m
Ep3 step6950 loss=0.2054 t=24.1m
Ep3 step7000 loss=0.2054 t=24.3m
Ep3 step7050 loss=0.2054 t=24.5m
Ep3 step7100 loss=0.2054 t=24.7m
Ep3 step7150 loss=0.2054 t=24.8m
Ep3 step7200 loss=0.2054 t=25.0m
Ep3 step7250 loss=0.2055 t=25.2m
Ep3 step7300 loss=0.2055 t=25.3m
Ep3 step7350 loss=0.2055 t=25.5m
Ep3 step7400 loss=0.2055 t=25.7m
Ep3 step7450 loss=0.2055 t=25.9m
Ep3 step7500 loss=0.2054 t=26.0m
Ep3 step7550 loss=0.2055 t=26.2m
Ep3 step7600 loss=0.2054 t=26.4m
Ep3 step7650 loss=0.2054 t=26.6m
Ep3 step7700 loss=0.2054 t=26.7m
Ep3 step7750 loss=0.2054 t=26.9m
Ep3 step7800 loss=0.2054 t=27.1m
Ep3 step7850 loss=0.2055 t=27.3m
Ep3 step7900 loss=0.2055 t=27.5m
Ep3 step7950 loss=0.2055 t=27.6m
Ep3 step8000 loss=0.2055 t=27.8m
Ep3 step8050 loss=0.2054 t=28.0m
Ep3 step8100 loss=0.2054 t=28.2m
Ep3 step8150 loss=0.2054 t=28.3m
Ep3 step8200 loss=0.2054 t=28.5m
Ep3 step8250 loss=0.2054 t=28.7m
Ep3 step8300 loss=0.2054 t=28.9m
Ep3 step8350 loss=0.2055 t=29.0m
Ep3 step8400 loss=0.2055 t=29.2m
Ep3 step8450 loss=0.2055 t=29.4m
Ep3 step8500 loss=0.2055 t=29.6m
Ep3 step8550 loss=0.2054 t=29.7m
Ep3 step8600 loss=0.2054 t=29.9m
Ep3 step8650 loss=0.2055 t=30.1m
Ep3 step8700 loss=0.2054 t=30.3m
Ep3 step8750 loss=0.2054 t=30.4m
Ep3 step8800 loss=0.2054 t=30.6m
Ep3 step8850 loss=0.2054 t=30.8m
Ep3 step8900 loss=0.2054 t=30.9m
Ep3 step8950 loss=0.2054 t=31.1m
Ep3 step9000 loss=0.2054 t=31.3m
Ep3 step9050 loss=0.2055 t=31.5m
Ep3 step9100 loss=0.2055 t=31.6m
Ep3 step9150 loss=0.2054 t=31.8m
Ep3 step9200 loss=0.2054 t=32.0m
Ep3 step9250 loss=0.2054 t=32.1m
Ep3 step9300 loss=0.2054 t=32.3m
Ep3 step9350 loss=0.2054 t=32.5m
Ep3 step9400 loss=0.2054 t=32.7m
Ep3 step9450 loss=0.2054 t=32.8m
Ep3 step9500 loss=0.2054 t=33.0m
Ep3 step9550 loss=0.2054 t=33.2m
Ep3 step9600 loss=0.2054 t=33.4m
Ep3 step9650 loss=0.2054 t=33.5m
Ep3 step9700 loss=0.2054 t=33.7m
Ep3 step9750 loss=0.2054 t=33.9m
Ep3 step9800 loss=0.2055 t=34.0m
Ep3 step9850 loss=0.2055 t=34.2m
Ep3 step9900 loss=0.2055 t=34.4m
Ep3 step9950 loss=0.2055 t=34.6m
Ep3 step10000 loss=0.2055 t=34.7m
Ep3 step10050 loss=0.2055 t=34.9m
Ep3 step10100 loss=0.2055 t=35.1m
Ep3 step10150 loss=0.2054 t=35.3m
Ep3 step10200 loss=0.2054 t=35.4m
Ep3 step10250 loss=0.2054 t=35.6m
Ep3 step10300 loss=0.2055 t=35.8m
Ep3 step10350 loss=0.2055 t=35.9m
Ep3 step10400 loss=0.2055 t=36.1m
Ep3 step10450 loss=0.2054 t=36.3m
Ep3 step10500 loss=0.2054 t=36.5m
Ep3 step10550 loss=0.2054 t=36.7m
Ep3 step10600 loss=0.2055 t=36.8m
Ep3 step10650 loss=0.2054 t=37.0m
Ep3 step10700 loss=0.2054 t=37.2m
Ep3 step10750 loss=0.2054 t=37.3m
Ep3 step10800 loss=0.2054 t=37.5m
Ep3 step10850 loss=0.2055 t=37.7m
Ep3 step10900 loss=0.2054 t=37.8m
Ep3 step10950 loss=0.2054 t=38.0m
Ep3 step11000 loss=0.2054 t=38.2m
Ep3 step11050 loss=0.2054 t=38.3m
Ep3 step11100 loss=0.2054 t=38.5m
Ep3 step11150 loss=0.2054 t=38.7m
Ep3 step11200 loss=0.2054 t=38.9m
Ep3 step11250 loss=0.2054 t=39.0m
Ep3 step11300 loss=0.2054 t=39.2m
Ep3 step11350 loss=0.2054 t=39.4m
Ep3 step11400 loss=0.2054 t=39.6m
Ep3 step11450 loss=0.2054 t=39.7m
Ep3 step11500 loss=0.2054 t=39.9m
Ep3 step11550 loss=0.2054 t=40.1m
Ep3 step11600 loss=0.2054 t=40.2m
Ep3 step11650 loss=0.2054 t=40.4m
Ep3 step11700 loss=0.2054 t=40.6m
Ep3 step11750 loss=0.2054 t=40.8m
Ep3 step11800 loss=0.2053 t=40.9m
Ep3 step11850 loss=0.2054 t=41.1m
Ep3 step11900 loss=0.2054 t=41.3m
Ep3 step11950 loss=0.2054 t=41.4m
Ep3 step12000 loss=0.2054 t=41.6m
Ep3 step12050 loss=0.2054 t=41.8m
Ep3 step12100 loss=0.2054 t=42.0m
Ep3 step12150 loss=0.2054 t=42.1m
Ep3 step12200 loss=0.2054 t=42.3m
Ep3 step12250 loss=0.2054 t=42.5m
Ep3 step12300 loss=0.2054 t=42.6m
Ep3 step12350 loss=0.2054 t=42.8m
Ep3 step12400 loss=0.2054 t=43.0m
Ep3 step12450 loss=0.2055 t=43.2m
Ep3 step12500 loss=0.2055 t=43.3m
Ep3 step12550 loss=0.2054 t=43.5m
Ep3 step12600 loss=0.2054 t=43.7m
Ep3 step12650 loss=0.2055 t=43.8m
Ep3 step12700 loss=0.2054 t=44.0m
Ep3 step12750 loss=0.2054 t=44.2m
Ep3 step12800 loss=0.2055 t=44.4m
Ep3 step12850 loss=0.2054 t=44.5m
Ep3 step12900 loss=0.2054 t=44.7m
Ep3 step12950 loss=0.2054 t=44.9m
Ep3 step13000 loss=0.2054 t=45.0m
Ep3 step13050 loss=0.2054 t=45.2m
Ep3 step13100 loss=0.2054 t=45.4m
Ep3 step13150 loss=0.2055 t=45.5m
Ep3 step13200 loss=0.2054 t=45.7m
Ep3 step13250 loss=0.2055 t=45.9m
Ep3 step13300 loss=0.2055 t=46.1m
Ep3 step13350 loss=0.2055 t=46.2m
Ep3 step13400 loss=0.2055 t=46.4m
Ep3 step13450 loss=0.2055 t=46.6m
Ep3 step13500 loss=0.2055 t=46.7m
Ep3 step13550 loss=0.2055 t=46.9m
Ep3 step13600 loss=0.2055 t=47.1m
Ep3 step13650 loss=0.2055 t=47.3m
Ep3 step13700 loss=0.2056 t=47.4m
Ep3 step13750 loss=0.2056 t=47.6m
Ep3 step13800 loss=0.2056 t=47.8m
Ep3 step13850 loss=0.2056 t=47.9m
Ep3 step13900 loss=0.2056 t=48.1m
Ep3 step13950 loss=0.2056 t=48.3m
Ep3 step14000 loss=0.2056 t=48.5m
Ep3 step14050 loss=0.2056 t=48.6m
Ep3 step14100 loss=0.2056 t=48.8m
Ep3 step14150 loss=0.2056 t=49.0m
Ep3 step14200 loss=0.2056 t=49.2m
Ep3 step14250 loss=0.2056 t=49.3m
Ep3 step14300 loss=0.2056 t=49.5m
Ep3 step14350 loss=0.2056 t=49.7m
Ep3 step14400 loss=0.2056 t=49.8m
Ep3 step14450 loss=0.2056 t=50.0m
Ep3 step14500 loss=0.2055 t=50.2m
Ep3 step14550 loss=0.2056 t=50.4m
Ep3 step14600 loss=0.2055 t=50.5m
Ep3 step14650 loss=0.2055 t=50.7m
Ep3 step14700 loss=0.2055 t=50.9m
Ep3 step14750 loss=0.2055 t=51.0m
Ep3 step14800 loss=0.2055 t=51.2m
Ep3 step14850 loss=0.2056 t=51.4m
Ep3 step14900 loss=0.2056 t=51.6m
Ep3 step14950 loss=0.2055 t=51.7m
Ep3 step15000 loss=0.2055 t=51.9m
Ep3 step15050 loss=0.2055 t=52.1m
Ep3 step15100 loss=0.2055 t=52.2m
Ep3 step15150 loss=0.2055 t=52.4m
Ep3 step15200 loss=0.2055 t=52.6m
Ep3 step15250 loss=0.2055 t=52.7m
Ep3 step15300 loss=0.2055 t=52.9m
Ep3 step15350 loss=0.2055 t=53.1m
Ep3 step15400 loss=0.2055 t=53.3m
Epoch 3 finished. avg_loss=0.2055
Evaluating on dev...
Dev accuracy: 0.8382
Ep4 step50 loss=0.2009 t=0.2m
Ep4 step100 loss=0.2006 t=0.3m
Ep4 step150 loss=0.2007 t=0.5m
Ep4 step200 loss=0.2009 t=0.7m
Ep4 step250 loss=0.2009 t=0.9m
Ep4 step300 loss=0.2011 t=1.0m
Ep4 step350 loss=0.2029 t=1.2m
Ep4 step400 loss=0.2027 t=1.4m
Ep4 step450 loss=0.2025 t=1.5m
Ep4 step500 loss=0.2026 t=1.7m
Ep4 step550 loss=0.2029 t=1.9m
Ep4 step600 loss=0.2041 t=2.0m
Ep4 step650 loss=0.2043 t=2.2m
Ep4 step700 loss=0.2040 t=2.4m
Ep4 step750 loss=0.2045 t=2.6m
Ep4 step800 loss=0.2046 t=2.8m
Ep4 step850 loss=0.2046 t=2.9m
Ep4 step900 loss=0.2048 t=3.1m
Ep4 step950 loss=0.2050 t=3.3m
Ep4 step1000 loss=0.2049 t=3.4m
Ep4 step1050 loss=0.2050 t=3.6m
Ep4 step1100 loss=0.2053 t=3.8m
Ep4 step1150 loss=0.2051 t=4.0m
Ep4 step1200 loss=0.2049 t=4.1m
Ep4 step1250 loss=0.2048 t=4.3m
Ep4 step1300 loss=0.2047 t=4.5m
Ep4 step1350 loss=0.2045 t=4.6m
Ep4 step1400 loss=0.2044 t=4.8m
Ep4 step1450 loss=0.2042 t=5.0m
Ep4 step1500 loss=0.2041 t=5.2m
Ep4 step1550 loss=0.2040 t=5.3m
Ep4 step1600 loss=0.2043 t=5.5m
Ep4 step1650 loss=0.2047 t=5.7m
Ep4 step1700 loss=0.2047 t=5.8m
Ep4 step1750 loss=0.2048 t=6.0m
Ep4 step1800 loss=0.2049 t=6.2m
Ep4 step1850 loss=0.2048 t=6.4m
Ep4 step1900 loss=0.2048 t=6.5m
Ep4 step1950 loss=0.2048 t=6.7m
Ep4 step2000 loss=0.2047 t=6.9m
Ep4 step2050 loss=0.2049 t=7.0m
Ep4 step2100 loss=0.2051 t=7.2m
Ep4 step2150 loss=0.2050 t=7.4m
Ep4 step2200 loss=0.2051 t=7.5m
Ep4 step2250 loss=0.2049 t=7.7m
Ep4 step2300 loss=0.2048 t=7.9m
Ep4 step2350 loss=0.2048 t=8.1m
Ep4 step2400 loss=0.2047 t=8.2m
Ep4 step2450 loss=0.2051 t=8.4m
Ep4 step2500 loss=0.2050 t=8.6m
Ep4 step2550 loss=0.2049 t=8.7m
Ep4 step2600 loss=0.2049 t=8.9m
Ep4 step2650 loss=0.2049 t=9.1m
Ep4 step2700 loss=0.2049 t=9.2m
Ep4 step2750 loss=0.2050 t=9.4m
Ep4 step2800 loss=0.2050 t=9.6m
Ep4 step2850 loss=0.2049 t=9.8m
Ep4 step2900 loss=0.2050 t=9.9m
Ep4 step2950 loss=0.2049 t=10.1m
Ep4 step3000 loss=0.2048 t=10.3m
Ep4 step3050 loss=0.2048 t=10.4m
Ep4 step3100 loss=0.2047 t=10.6m
Ep4 step3150 loss=0.2047 t=10.8m
Ep4 step3200 loss=0.2047 t=11.0m
Ep4 step3250 loss=0.2047 t=11.1m
Ep4 step3300 loss=0.2049 t=11.3m
Ep4 step3350 loss=0.2048 t=11.5m
Ep4 step3400 loss=0.2048 t=11.7m
Ep4 step3450 loss=0.2048 t=11.8m
Ep4 step3500 loss=0.2047 t=12.0m
Ep4 step3550 loss=0.2048 t=12.2m
Ep4 step3600 loss=0.2047 t=12.4m
Ep4 step3650 loss=0.2047 t=12.5m
Ep4 step3700 loss=0.2046 t=12.7m
Ep4 step3750 loss=0.2046 t=12.9m
Ep4 step3800 loss=0.2045 t=13.1m
Ep4 step3850 loss=0.2046 t=13.2m
Ep4 step3900 loss=0.2046 t=13.4m
Ep4 step3950 loss=0.2047 t=13.6m
Ep4 step4000 loss=0.2046 t=13.7m
Ep4 step4050 loss=0.2046 t=13.9m
Ep4 step4100 loss=0.2048 t=14.1m
Ep4 step4150 loss=0.2047 t=14.3m
Ep4 step4200 loss=0.2047 t=14.4m
Ep4 step4250 loss=0.2046 t=14.6m
Ep4 step4300 loss=0.2046 t=14.8m
Ep4 step4350 loss=0.2047 t=14.9m
Ep4 step4400 loss=0.2048 t=15.1m
Ep4 step4450 loss=0.2048 t=15.3m
Ep4 step4500 loss=0.2048 t=15.5m
Ep4 step4550 loss=0.2048 t=15.6m
Ep4 step4600 loss=0.2048 t=15.8m
Ep4 step4650 loss=0.2047 t=16.0m
Ep4 step4700 loss=0.2047 t=16.2m
Ep4 step4750 loss=0.2047 t=16.3m
Ep4 step4800 loss=0.2046 t=16.5m
Ep4 step4850 loss=0.2046 t=16.7m
Ep4 step4900 loss=0.2047 t=16.9m
Ep4 step4950 loss=0.2047 t=17.0m
Ep4 step5000 loss=0.2048 t=17.2m
Ep4 step5050 loss=0.2047 t=17.4m
Ep4 step5100 loss=0.2047 t=17.6m
Ep4 step5150 loss=0.2047 t=17.7m
Ep4 step5200 loss=0.2047 t=17.9m
Ep4 step5250 loss=0.2047 t=18.1m
Ep4 step5300 loss=0.2047 t=18.3m
Ep4 step5350 loss=0.2046 t=18.4m
Ep4 step5400 loss=0.2046 t=18.6m
Ep4 step5450 loss=0.2046 t=18.8m
Ep4 step5500 loss=0.2046 t=19.0m
Ep4 step5550 loss=0.2045 t=19.1m
Ep4 step5600 loss=0.2045 t=19.3m
Ep4 step5650 loss=0.2045 t=19.5m
Ep4 step5700 loss=0.2045 t=19.6m
Ep4 step5750 loss=0.2044 t=19.8m
Ep4 step5800 loss=0.2045 t=20.0m
Ep4 step5850 loss=0.2044 t=20.2m
Ep4 step5900 loss=0.2044 t=20.3m
Ep4 step5950 loss=0.2044 t=20.5m
Ep4 step6000 loss=0.2044 t=20.7m
Ep4 step6050 loss=0.2044 t=20.9m
Ep4 step6100 loss=0.2044 t=21.0m
Ep4 step6150 loss=0.2044 t=21.2m
Ep4 step6200 loss=0.2044 t=21.4m
Ep4 step6250 loss=0.2043 t=21.5m
Ep4 step6300 loss=0.2044 t=21.7m
Ep4 step6350 loss=0.2044 t=21.9m
Ep4 step6400 loss=0.2046 t=22.1m
Ep4 step6450 loss=0.2045 t=22.3m
Ep4 step6500 loss=0.2045 t=22.4m
Ep4 step6550 loss=0.2046 t=22.6m
Ep4 step6600 loss=0.2045 t=22.8m
Ep4 step6650 loss=0.2045 t=22.9m
Ep4 step6700 loss=0.2045 t=23.1m
Ep4 step6750 loss=0.2045 t=23.3m
Ep4 step6800 loss=0.2045 t=23.4m
Ep4 step6850 loss=0.2046 t=23.6m
Ep4 step6900 loss=0.2046 t=23.8m
Ep4 step6950 loss=0.2046 t=24.0m
Ep4 step7000 loss=0.2047 t=24.1m
Ep4 step7050 loss=0.2047 t=24.3m
Ep4 step7100 loss=0.2047 t=24.5m
Ep4 step7150 loss=0.2047 t=24.6m
Ep4 step7200 loss=0.2046 t=24.8m
Ep4 step7250 loss=0.2046 t=25.0m
Ep4 step7300 loss=0.2046 t=25.2m
Ep4 step7350 loss=0.2046 t=25.3m
Ep4 step7400 loss=0.2046 t=25.5m
Ep4 step7450 loss=0.2046 t=25.7m
Ep4 step7500 loss=0.2046 t=25.9m
Ep4 step7550 loss=0.2046 t=26.0m
Ep4 step7600 loss=0.2047 t=26.2m
Ep4 step7650 loss=0.2046 t=26.4m
Ep4 step7700 loss=0.2046 t=26.5m
Ep4 step7750 loss=0.2046 t=26.7m
Ep4 step7800 loss=0.2046 t=26.9m
Ep4 step7850 loss=0.2046 t=27.1m
Ep4 step7900 loss=0.2046 t=27.2m
Ep4 step7950 loss=0.2046 t=27.4m
Ep4 step8000 loss=0.2046 t=27.6m
Ep4 step8050 loss=0.2046 t=27.8m
Ep4 step8100 loss=0.2046 t=27.9m
Ep4 step8150 loss=0.2046 t=28.1m
Ep4 step8200 loss=0.2046 t=28.3m
Ep4 step8250 loss=0.2046 t=28.4m
Ep4 step8300 loss=0.2046 t=28.6m
Ep4 step8350 loss=0.2046 t=28.8m
Ep4 step8400 loss=0.2046 t=29.0m
Ep4 step8450 loss=0.2046 t=29.1m
Ep4 step8500 loss=0.2045 t=29.3m
Ep4 step8550 loss=0.2045 t=29.5m
Ep4 step8600 loss=0.2046 t=29.7m
Ep4 step8650 loss=0.2045 t=29.8m
Ep4 step8700 loss=0.2045 t=30.0m
Ep4 step8750 loss=0.2046 t=30.2m
Ep4 step8800 loss=0.2046 t=30.3m
Ep4 step8850 loss=0.2046 t=30.5m
Ep4 step8900 loss=0.2045 t=30.7m
Ep4 step8950 loss=0.2046 t=30.9m
Ep4 step9000 loss=0.2046 t=31.0m
Ep4 step9050 loss=0.2047 t=31.2m
Ep4 step9100 loss=0.2048 t=31.4m
Ep4 step9150 loss=0.2048 t=31.5m
Ep4 step9200 loss=0.2048 t=31.7m
Ep4 step9250 loss=0.2048 t=31.9m
Ep4 step9300 loss=0.2048 t=32.1m
Ep4 step9350 loss=0.2048 t=32.3m
Ep4 step9400 loss=0.2048 t=32.4m
Ep4 step9450 loss=0.2048 t=32.6m
Ep4 step9500 loss=0.2048 t=32.8m
Ep4 step9550 loss=0.2048 t=33.0m
Ep4 step9600 loss=0.2047 t=33.1m
Ep4 step9650 loss=0.2048 t=33.3m
Ep4 step9700 loss=0.2048 t=33.5m
Ep4 step9750 loss=0.2048 t=33.7m
Ep4 step9800 loss=0.2048 t=33.8m
Ep4 step9850 loss=0.2049 t=34.0m
Ep4 step9900 loss=0.2049 t=34.2m
Ep4 step9950 loss=0.2048 t=34.3m
Ep4 step10000 loss=0.2048 t=34.5m
Ep4 step10050 loss=0.2049 t=34.7m
Ep4 step10100 loss=0.2048 t=34.9m
Ep4 step10150 loss=0.2049 t=35.0m
Ep4 step10200 loss=0.2049 t=35.2m
Ep4 step10250 loss=0.2049 t=35.4m
Ep4 step10300 loss=0.2049 t=35.5m
Ep4 step10350 loss=0.2049 t=35.7m
Ep4 step10400 loss=0.2049 t=35.9m
Ep4 step10450 loss=0.2049 t=36.1m
Ep4 step10500 loss=0.2049 t=36.2m
Ep4 step10550 loss=0.2049 t=36.4m
Ep4 step10600 loss=0.2048 t=36.6m
Ep4 step10650 loss=0.2049 t=36.8m
Ep4 step10700 loss=0.2048 t=36.9m
Ep4 step10750 loss=0.2048 t=37.1m
Ep4 step10800 loss=0.2048 t=37.3m
Ep4 step10850 loss=0.2048 t=37.4m
Ep4 step10900 loss=0.2048 t=37.6m
Ep4 step10950 loss=0.2048 t=37.8m
Ep4 step11000 loss=0.2048 t=38.0m
Ep4 step11050 loss=0.2048 t=38.1m
Ep4 step11100 loss=0.2048 t=38.3m
Ep4 step11150 loss=0.2048 t=38.5m
Ep4 step11200 loss=0.2049 t=38.6m
Ep4 step11250 loss=0.2049 t=38.8m
Ep4 step11300 loss=0.2049 t=39.0m
Ep4 step11350 loss=0.2049 t=39.2m
Ep4 step11400 loss=0.2050 t=39.3m
Ep4 step11450 loss=0.2049 t=39.5m
Ep4 step11500 loss=0.2049 t=39.7m
Ep4 step11550 loss=0.2049 t=39.8m
Ep4 step11600 loss=0.2050 t=40.0m
Ep4 step11650 loss=0.2050 t=40.2m
Ep4 step11700 loss=0.2050 t=40.4m
Ep4 step11750 loss=0.2050 t=40.5m
Ep4 step11800 loss=0.2050 t=40.7m
Ep4 step11850 loss=0.2049 t=40.9m
Ep4 step11900 loss=0.2049 t=41.0m
Ep4 step11950 loss=0.2049 t=41.2m
Ep4 step12000 loss=0.2049 t=41.4m
Ep4 step12050 loss=0.2049 t=41.6m
Ep4 step12100 loss=0.2049 t=41.7m
Ep4 step12150 loss=0.2049 t=41.9m
Ep4 step12200 loss=0.2049 t=42.1m
Ep4 step12250 loss=0.2049 t=42.3m
Ep4 step12300 loss=0.2049 t=42.4m
Ep4 step12350 loss=0.2049 t=42.6m
Ep4 step12400 loss=0.2049 t=42.8m
Ep4 step12450 loss=0.2049 t=42.9m
Ep4 step12500 loss=0.2049 t=43.1m
Ep4 step12550 loss=0.2049 t=43.3m
Ep4 step12600 loss=0.2049 t=43.5m
Ep4 step12650 loss=0.2048 t=43.6m
Ep4 step12700 loss=0.2048 t=43.8m
Ep4 step12750 loss=0.2048 t=44.0m
Ep4 step12800 loss=0.2048 t=44.2m
Ep4 step12850 loss=0.2048 t=44.3m
Ep4 step12900 loss=0.2048 t=44.5m
Ep4 step12950 loss=0.2047 t=44.7m
Ep4 step13000 loss=0.2047 t=44.9m
Ep4 step13050 loss=0.2047 t=45.0m
Ep4 step13100 loss=0.2047 t=45.2m
Ep4 step13150 loss=0.2047 t=45.4m
Ep4 step13200 loss=0.2047 t=45.5m
Ep4 step13250 loss=0.2047 t=45.7m
Ep4 step13300 loss=0.2047 t=45.9m
Ep4 step13350 loss=0.2047 t=46.1m
Ep4 step13400 loss=0.2047 t=46.2m
Ep4 step13450 loss=0.2047 t=46.4m
Ep4 step13500 loss=0.2047 t=46.6m
Ep4 step13550 loss=0.2047 t=46.8m
Ep4 step13600 loss=0.2047 t=46.9m
Ep4 step13650 loss=0.2047 t=47.1m
Ep4 step13700 loss=0.2046 t=47.3m
Ep4 step13750 loss=0.2047 t=47.4m
Ep4 step13800 loss=0.2047 t=47.6m
Ep4 step13850 loss=0.2046 t=47.8m
Ep4 step13900 loss=0.2046 t=47.9m
Ep4 step13950 loss=0.2046 t=48.1m
Ep4 step14000 loss=0.2046 t=48.3m
Ep4 step14050 loss=0.2046 t=48.5m
Ep4 step14100 loss=0.2046 t=48.6m
Ep4 step14150 loss=0.2046 t=48.8m
Ep4 step14200 loss=0.2046 t=49.0m
Ep4 step14250 loss=0.2045 t=49.1m
Ep4 step14300 loss=0.2046 t=49.3m
Ep4 step14350 loss=0.2046 t=49.5m
Ep4 step14400 loss=0.2046 t=49.7m
Ep4 step14450 loss=0.2045 t=49.8m
Ep4 step14500 loss=0.2046 t=50.0m
Ep4 step14550 loss=0.2045 t=50.2m
Ep4 step14600 loss=0.2045 t=50.3m
Ep4 step14650 loss=0.2045 t=50.5m
Ep4 step14700 loss=0.2045 t=50.7m
Ep4 step14750 loss=0.2046 t=50.9m
Ep4 step14800 loss=0.2046 t=51.0m
Ep4 step14850 loss=0.2046 t=51.2m
Ep4 step14900 loss=0.2046 t=51.4m
Ep4 step14950 loss=0.2046 t=51.5m
Ep4 step15000 loss=0.2046 t=51.7m
Ep4 step15050 loss=0.2045 t=51.9m
Ep4 step15100 loss=0.2045 t=52.0m
Ep4 step15150 loss=0.2045 t=52.2m
Ep4 step15200 loss=0.2046 t=52.4m
Ep4 step15250 loss=0.2046 t=52.6m
Ep4 step15300 loss=0.2046 t=52.7m
Ep4 step15350 loss=0.2046 t=52.9m
Ep4 step15400 loss=0.2046 t=53.1m
Epoch 4 finished. avg_loss=0.2046
Evaluating on dev...
Dev accuracy: 0.8448
  *** New best model saved (dev_acc=0.8448) ***

Training complete. Best dev accuracy: 0.8448
[HAMI-core Msg(381715:139721523774016:multiprocess_memory_limit.c:459)]: Calling exit handler 381715
