Monitoring outputs/han_deberta_large_full/training_log.jsonl every 300s
Press Ctrl+C to stop

[20:03:35] No log entries yet. Process alive: True
[20:08:35] epoch=0 step=200 loss=0.8468 | process=ALIVE
[20:13:35] epoch=0 step=450 loss=0.7407 | process=ALIVE
[20:18:36] epoch=0 step=700 loss=0.6817 | process=ALIVE
[20:23:36] epoch=0 step=900 loss=0.6886 | process=ALIVE
[20:28:36] epoch=0 step=1150 loss=0.7074 | process=ALIVE
[20:33:36] epoch=0 step=1400 loss=0.7209 | process=ALIVE
[20:38:36] epoch=0 step=1650 loss=0.7311 | process=ALIVE
[20:43:36] epoch=0 step=1850 loss=0.733 | process=ALIVE
[20:48:36] epoch=0 step=2100 loss=0.745 | process=ALIVE
[20:53:36] epoch=0 step=2350 loss=0.7529 | process=ALIVE
[20:58:36] epoch=0 step=2600 loss=0.7588 | process=ALIVE
[21:03:36] epoch=0 step=2850 loss=0.7609 | process=ALIVE
[21:08:36] epoch=0 step=3050 loss=0.7619 | process=ALIVE
[21:13:37] epoch=0 step=3300 loss=0.7637 | process=ALIVE
[21:18:37] epoch=0 step=3550 loss=0.7643 | process=ALIVE
[21:23:37] epoch=0 step=3800 loss=0.7658 | process=ALIVE
[21:28:37] epoch=0 step=4050 loss=0.7642 | process=ALIVE
[21:33:37] epoch=0 step=4300 loss=0.765 | process=ALIVE
[21:38:37] epoch=0 step=4550 loss=0.7664 | process=ALIVE
[21:43:37] epoch=0 step=4750 loss=0.7666 | process=ALIVE
[21:48:37] epoch=0 step=5000 loss=0.767 | process=ALIVE
[21:53:37] epoch=0 step=5250 loss=0.7666 | process=ALIVE
[21:58:37] epoch=0 step=5500 loss=0.7663 | process=ALIVE
[22:03:37] epoch=0 step=5700 loss=0.7661 | process=ALIVE
[22:08:37] epoch=0 step=5950 loss=0.765 | process=ALIVE
[22:13:37] epoch=0 step=6150 loss=0.7659 | process=ALIVE
[22:18:37] epoch=0 step=6400 loss=0.765 | process=ALIVE
[22:23:37] epoch=0 step=6600 loss=0.7645 | process=ALIVE
[22:28:38] epoch=0 step=6850 loss=0.7643 | process=ALIVE
[22:33:38] epoch=0 step=7100 loss=0.7633 | process=ALIVE
[22:38:38] epoch=0 step=7300 loss=0.7631 | process=ALIVE
[22:43:38] epoch=0 step=7550 loss=0.762 | process=ALIVE
[22:48:38] epoch=0 step=7800 loss=0.7607 | process=ALIVE
[22:53:38] epoch=0 step=8000 loss=0.7596 | process=ALIVE
[22:58:38] epoch=0 step=8250 loss=0.7584 | process=ALIVE
[23:03:38] epoch=0 step=8500 loss=0.7575 | process=ALIVE
[23:08:38] epoch=0 step=8750 loss=0.7564 | process=ALIVE
[23:13:38] epoch=0 step=8950 loss=0.7553 | process=ALIVE
[23:18:38] epoch=0 step=9200 loss=0.7541 | process=ALIVE
[23:23:38] epoch=0 step=9450 loss=0.7528 | process=ALIVE
[23:28:38] epoch=0 step=9650 loss=0.752 | process=ALIVE
[23:33:38] epoch=0 step=9900 loss=0.7509 | process=ALIVE
[23:38:38] epoch=0 step=10150 loss=0.7497 | process=ALIVE
[23:43:39] epoch=0 step=10400 loss=0.7484 | process=ALIVE
[23:48:39] epoch=0 step=10600 loss=0.7474 | process=ALIVE
[23:53:39] epoch=0 step=10850 loss=0.7462 | process=ALIVE
[23:58:39] epoch=0 step=11100 loss=0.745 | process=ALIVE
[00:03:39] epoch=0 step=11350 loss=0.7436 | process=ALIVE
[00:08:39] epoch=0 step=11550 loss=0.7429 | process=ALIVE
[00:13:39] epoch=0 step=11800 loss=0.7422 | process=ALIVE
[00:18:39] epoch=0 step=12050 loss=0.7411 | process=ALIVE
[00:23:39] epoch=0 step=12250 loss=0.7405 | process=ALIVE
[00:28:39] epoch=0 step=12500 loss=0.7397 | process=ALIVE
[00:33:39] epoch=0 step=12750 loss=0.7387 | process=ALIVE
[00:38:39] epoch=0 step=13000 loss=0.738 | process=ALIVE
[00:43:40] epoch=0 step=13250 loss=0.7372 | process=ALIVE
[00:48:40] epoch=0 step=13450 loss=0.7365 | process=ALIVE
[00:53:40] epoch=0 step=13700 loss=0.7356 | process=ALIVE
[00:58:40] epoch=0 step=13950 loss=0.735 | process=ALIVE
[01:03:40] epoch=0 step=14200 loss=0.7343 | process=ALIVE
[01:08:40] epoch=0 step=14400 loss=0.7336 | process=ALIVE
[01:13:40] epoch=0 step=14650 loss=0.733 | process=ALIVE
[01:18:40] epoch=0 step=14900 loss=0.7322 | process=ALIVE
[01:23:40] epoch=0 step=15150 loss=0.7316 | process=ALIVE
[01:28:40] epoch=0 step=15350 loss=0.7311 | process=ALIVE
[01:33:40] epoch=0 step=15600 loss=0.7304 | process=ALIVE
[01:38:40] epoch=0 step=15850 loss=0.7297 | process=ALIVE
[01:43:40] epoch=0 step=16100 loss=0.729 | process=ALIVE
[01:48:41] epoch=0 step=16200 loss=0.7287 | process=ALIVE
[01:53:41] epoch=1 step=150 loss=0.6788 | process=ALIVE
  -> Epoch 0 complete: loss=0.7287 dev_acc=0.5204
[01:58:41] epoch=1 step=400 loss=0.6791 | process=ALIVE
[02:03:41] epoch=1 step=600 loss=0.6821 | process=ALIVE
[02:08:41] epoch=1 step=800 loss=0.6827 | process=ALIVE
[02:13:41] epoch=1 step=950 loss=0.682 | process=ALIVE
[02:18:41] epoch=1 step=1100 loss=0.6835 | process=ALIVE
[02:23:41] epoch=1 step=1300 loss=0.6848 | process=ALIVE
[02:28:41] epoch=1 step=1450 loss=0.6858 | process=ALIVE
[02:33:41] epoch=1 step=1700 loss=0.6847 | process=ALIVE
[02:38:41] epoch=1 step=1900 loss=0.6851 | process=ALIVE
[02:43:41] epoch=1 step=2050 loss=0.6849 | process=ALIVE
[02:48:41] epoch=1 step=2250 loss=0.6853 | process=ALIVE
[02:53:41] epoch=1 step=2400 loss=0.6856 | process=ALIVE
[02:58:42] epoch=1 step=2650 loss=0.6837 | process=ALIVE
[03:03:42] epoch=1 step=2850 loss=0.684 | process=ALIVE
[03:08:42] epoch=1 step=3050 loss=0.6835 | process=ALIVE
[03:13:42] epoch=1 step=3200 loss=0.6833 | process=ALIVE
[03:18:42] epoch=1 step=3350 loss=0.6837 | process=ALIVE
[03:23:42] epoch=1 step=3550 loss=0.6831 | process=ALIVE
[03:28:42] epoch=1 step=3700 loss=0.6829 | process=ALIVE
[03:33:42] epoch=1 step=3850 loss=0.6832 | process=ALIVE
[03:38:42] epoch=1 step=4050 loss=0.6835 | process=ALIVE
[03:43:42] epoch=1 step=4250 loss=0.6833 | process=ALIVE
[03:48:42] epoch=1 step=4500 loss=0.6836 | process=ALIVE
[03:53:42] epoch=1 step=4700 loss=0.6838 | process=ALIVE
[03:58:42] epoch=1 step=4950 loss=0.6838 | process=ALIVE
[04:03:43] epoch=1 step=5100 loss=0.6837 | process=ALIVE
[04:08:43] epoch=1 step=5300 loss=0.6839 | process=ALIVE
[04:13:43] epoch=1 step=5450 loss=0.6837 | process=ALIVE
[04:18:43] epoch=1 step=5650 loss=0.6839 | process=ALIVE
[04:23:43] epoch=1 step=5800 loss=0.6835 | process=ALIVE
[04:28:43] epoch=1 step=6000 loss=0.6838 | process=ALIVE
[04:33:43] epoch=1 step=6150 loss=0.6835 | process=ALIVE
[04:38:43] epoch=1 step=6300 loss=0.6835 | process=ALIVE
[04:43:43] epoch=1 step=6500 loss=0.6831 | process=ALIVE
[04:48:43] epoch=1 step=6650 loss=0.6829 | process=ALIVE
[04:53:43] epoch=1 step=6850 loss=0.6825 | process=ALIVE
[04:58:44] epoch=1 step=7000 loss=0.6825 | process=ALIVE
[05:03:44] epoch=1 step=7150 loss=0.6823 | process=ALIVE
[05:08:44] epoch=1 step=7350 loss=0.682 | process=ALIVE
[05:13:44] epoch=1 step=7500 loss=0.6818 | process=ALIVE
[05:18:44] epoch=1 step=7650 loss=0.6816 | process=ALIVE
[05:23:44] epoch=1 step=7850 loss=0.6817 | process=ALIVE
[05:28:44] epoch=1 step=8000 loss=0.6814 | process=ALIVE
[05:33:44] epoch=1 step=8150 loss=0.6813 | process=ALIVE
[05:38:44] epoch=1 step=8350 loss=0.6812 | process=ALIVE
[05:43:44] epoch=1 step=8500 loss=0.6811 | process=ALIVE
[05:48:44] epoch=1 step=8650 loss=0.6809 | process=ALIVE
[05:53:45] epoch=1 step=8850 loss=0.6809 | process=ALIVE
[05:58:45] epoch=1 step=9000 loss=0.6808 | process=ALIVE
[06:03:45] epoch=1 step=9200 loss=0.6807 | process=ALIVE
[06:08:45] epoch=1 step=9350 loss=0.6808 | process=ALIVE
[06:13:45] epoch=1 step=9500 loss=0.6805 | process=ALIVE
[06:18:45] epoch=1 step=9700 loss=0.6806 | process=ALIVE
[06:23:45] epoch=1 step=9850 loss=0.6806 | process=ALIVE
[06:28:45] epoch=1 step=10000 loss=0.6806 | process=ALIVE
[06:33:45] epoch=1 step=10200 loss=0.6809 | process=ALIVE
[06:38:45] epoch=1 step=10350 loss=0.6809 | process=ALIVE
[06:43:45] epoch=1 step=10550 loss=0.6807 | process=ALIVE
[06:48:45] epoch=1 step=10700 loss=0.6808 | process=ALIVE
[06:53:45] epoch=1 step=10900 loss=0.6804 | process=ALIVE
[06:58:46] epoch=1 step=11050 loss=0.6804 | process=ALIVE
[07:03:46] epoch=1 step=11200 loss=0.6805 | process=ALIVE
[07:08:46] epoch=1 step=11400 loss=0.6803 | process=ALIVE
[07:13:46] epoch=1 step=11550 loss=0.6802 | process=ALIVE
[07:18:46] epoch=1 step=11750 loss=0.6802 | process=ALIVE
[07:23:46] epoch=1 step=11950 loss=0.6802 | process=ALIVE
[07:28:46] epoch=1 step=12100 loss=0.6801 | process=ALIVE
[07:33:46] epoch=1 step=12250 loss=0.68 | process=ALIVE
[07:38:46] epoch=1 step=12450 loss=0.6801 | process=ALIVE
[07:43:46] epoch=1 step=12600 loss=0.6801 | process=ALIVE
[07:48:46] epoch=1 step=12800 loss=0.6801 | process=ALIVE
[07:53:46] epoch=1 step=12950 loss=0.68 | process=ALIVE
[07:58:47] epoch=1 step=13100 loss=0.6799 | process=ALIVE
[08:03:47] epoch=1 step=13300 loss=0.6798 | process=ALIVE
[08:08:47] epoch=1 step=13450 loss=0.6799 | process=ALIVE
[08:13:47] epoch=1 step=13650 loss=0.6799 | process=ALIVE
[08:18:47] epoch=1 step=13800 loss=0.6798 | process=ALIVE
[08:23:47] epoch=1 step=13950 loss=0.6799 | process=ALIVE
[08:28:47] epoch=1 step=14200 loss=0.6799 | process=ALIVE
[08:33:47] epoch=1 step=14450 loss=0.6797 | process=ALIVE
[08:38:47] epoch=1 step=14700 loss=0.6796 | process=ALIVE
[08:43:47] epoch=1 step=14900 loss=0.6795 | process=ALIVE
[08:48:47] epoch=1 step=15150 loss=0.6795 | process=ALIVE
[08:53:47] epoch=1 step=15400 loss=0.6795 | process=ALIVE
[08:58:47] epoch=1 step=15650 loss=0.6796 | process=ALIVE
[09:03:47] epoch=1 step=15900 loss=0.6795 | process=ALIVE
[09:08:48] epoch=1 step=16150 loss=0.6794 | process=ALIVE
[09:13:48] epoch=1 step=1 loss=0.6794 dev_acc=0.5270 | process=ALIVE
  -> Epoch 1 complete: loss=0.6794 dev_acc=0.5270
[09:18:48] epoch=2 step=250 loss=0.6765 | process=ALIVE
[09:23:48] epoch=2 step=500 loss=0.6733 | process=ALIVE
[09:28:48] epoch=2 step=700 loss=0.6739 | process=ALIVE
[09:33:48] epoch=2 step=900 loss=0.6751 | process=ALIVE
[09:38:48] epoch=2 step=1150 loss=0.6759 | process=ALIVE
[09:43:48] epoch=2 step=1350 loss=0.6749 | process=ALIVE
[09:48:48] epoch=2 step=1500 loss=0.675 | process=ALIVE
[09:53:48] epoch=2 step=1650 loss=0.674 | process=ALIVE
[09:58:48] epoch=2 step=1800 loss=0.6745 | process=ALIVE
[10:03:48] epoch=2 step=2000 loss=0.6748 | process=ALIVE
[10:08:48] epoch=2 step=2250 loss=0.6744 | process=ALIVE
[10:13:49] epoch=2 step=2450 loss=0.6752 | process=ALIVE
[10:18:49] epoch=2 step=2600 loss=0.6749 | process=ALIVE
[10:23:49] epoch=2 step=2750 loss=0.6761 | process=ALIVE
[10:28:49] epoch=2 step=2950 loss=0.676 | process=ALIVE
[10:33:49] epoch=2 step=3100 loss=0.6757 | process=ALIVE
[10:38:49] epoch=2 step=3300 loss=0.6752 | process=ALIVE
[10:43:49] epoch=2 step=3450 loss=0.6751 | process=ALIVE
[10:48:49] epoch=2 step=3600 loss=0.6754 | process=ALIVE
[10:53:49] epoch=2 step=3800 loss=0.6747 | process=ALIVE
[10:58:49] epoch=2 step=3950 loss=0.6749 | process=ALIVE
[11:03:49] epoch=2 step=4100 loss=0.6748 | process=ALIVE
[11:08:49] epoch=2 step=4300 loss=0.6751 | process=ALIVE
[11:13:49] epoch=2 step=4450 loss=0.6752 | process=ALIVE
[11:18:50] epoch=2 step=4650 loss=0.6751 | process=ALIVE
[11:23:50] epoch=2 step=4800 loss=0.6751 | process=ALIVE
[11:28:50] epoch=2 step=4950 loss=0.6748 | process=ALIVE
[11:33:50] epoch=2 step=5150 loss=0.6748 | process=ALIVE
[11:38:50] epoch=2 step=5300 loss=0.6745 | process=ALIVE
[11:43:50] epoch=2 step=5450 loss=0.6743 | process=ALIVE
[11:48:50] epoch=2 step=5600 loss=0.6747 | process=ALIVE
[11:53:50] epoch=2 step=5800 loss=0.6748 | process=ALIVE
[11:58:50] epoch=2 step=5950 loss=0.6747 | process=ALIVE
[12:03:50] epoch=2 step=6100 loss=0.6748 | process=ALIVE
[12:08:50] epoch=2 step=6300 loss=0.6747 | process=ALIVE
[12:13:50] epoch=2 step=6500 loss=0.6743 | process=ALIVE
[12:18:50] epoch=2 step=6700 loss=0.6742 | process=ALIVE
[12:23:50] epoch=2 step=6950 loss=0.6742 | process=ALIVE
[12:28:51] epoch=2 step=7200 loss=0.6742 | process=ALIVE
[12:33:51] epoch=2 step=7450 loss=0.6739 | process=ALIVE
[12:38:51] epoch=2 step=7700 loss=0.6741 | process=ALIVE
[12:43:51] epoch=2 step=7900 loss=0.6742 | process=ALIVE
[12:48:51] epoch=2 step=8150 loss=0.6741 | process=ALIVE
[12:53:51] epoch=2 step=8350 loss=0.6737 | process=ALIVE
[12:58:51] epoch=2 step=8550 loss=0.6739 | process=ALIVE
[13:03:51] epoch=2 step=8800 loss=0.674 | process=ALIVE
[13:08:51] epoch=2 step=9000 loss=0.6741 | process=ALIVE
[13:13:51] epoch=2 step=9200 loss=0.6742 | process=ALIVE
[13:18:51] epoch=2 step=9450 loss=0.6741 | process=ALIVE
[13:23:51] epoch=2 step=9650 loss=0.674 | process=ALIVE
[13:28:51] epoch=2 step=9850 loss=0.674 | process=ALIVE
[13:33:51] epoch=2 step=10100 loss=0.6737 | process=ALIVE
[13:38:51] epoch=2 step=10300 loss=0.6737 | process=ALIVE
[13:43:51] epoch=2 step=10500 loss=0.6738 | process=ALIVE
[13:48:52] epoch=2 step=10750 loss=0.6738 | process=ALIVE
[13:53:52] epoch=2 step=10950 loss=0.6738 | process=ALIVE
[13:58:52] epoch=2 step=11150 loss=0.6739 | process=ALIVE
[14:03:52] epoch=2 step=11400 loss=0.6739 | process=ALIVE
[14:08:52] epoch=2 step=11600 loss=0.6741 | process=ALIVE
[14:13:52] epoch=2 step=11800 loss=0.6739 | process=ALIVE
[14:18:52] epoch=2 step=12050 loss=0.6739 | process=ALIVE
[14:23:52] epoch=2 step=12250 loss=0.674 | process=ALIVE
[14:28:52] epoch=2 step=12500 loss=0.674 | process=ALIVE
[14:33:52] epoch=2 step=12750 loss=0.6738 | process=ALIVE
[14:38:52] epoch=2 step=12950 loss=0.674 | process=ALIVE
[14:43:52] epoch=2 step=13200 loss=0.674 | process=ALIVE
[14:48:52] epoch=2 step=13450 loss=0.674 | process=ALIVE
[14:53:52] epoch=2 step=13700 loss=0.6741 | process=ALIVE
[14:58:52] epoch=2 step=13900 loss=0.6742 | process=ALIVE
[15:03:52] epoch=2 step=14150 loss=0.6741 | process=ALIVE
[15:08:52] epoch=2 step=14350 loss=0.674 | process=ALIVE
[15:13:52] epoch=2 step=14600 loss=0.674 | process=ALIVE
[15:18:52] epoch=2 step=14800 loss=0.6742 | process=ALIVE
[15:23:52] epoch=2 step=15000 loss=0.6742 | process=ALIVE
[15:28:52] epoch=2 step=15200 loss=0.6741 | process=ALIVE
[15:33:53] epoch=2 step=15400 loss=0.6742 | process=ALIVE
[15:38:53] epoch=2 step=15650 loss=0.6742 | process=ALIVE
[15:43:53] epoch=2 step=15850 loss=0.6742 | process=ALIVE
[15:48:53] epoch=2 step=16050 loss=0.6742 | process=ALIVE
[15:53:53] epoch=2 step=16200 loss=0.6741 | process=ALIVE
[15:58:53] epoch=3 step=100 loss=0.6801 | process=ALIVE
  -> Epoch 2 complete: loss=0.6741 dev_acc=0.5546
[16:03:53] epoch=3 step=300 loss=0.6758 | process=ALIVE
[16:08:53] epoch=3 step=500 loss=0.681 | process=ALIVE
[16:13:53] epoch=3 step=700 loss=0.6823 | process=ALIVE
[16:18:53] epoch=3 step=900 loss=0.6794 | process=ALIVE
[16:23:53] epoch=3 step=1100 loss=0.6787 | process=ALIVE
[16:28:53] epoch=3 step=1300 loss=0.6785 | process=ALIVE
[16:33:53] epoch=3 step=1500 loss=0.6791 | process=ALIVE
[16:38:53] epoch=3 step=1700 loss=0.6775 | process=ALIVE
[16:43:54] epoch=3 step=1900 loss=0.6776 | process=ALIVE
[16:48:54] epoch=3 step=2100 loss=0.6753 | process=ALIVE
[16:53:54] epoch=3 step=2300 loss=0.6748 | process=ALIVE
[16:58:54] epoch=3 step=2500 loss=0.6748 | process=ALIVE
[17:03:54] epoch=3 step=2700 loss=0.6752 | process=ALIVE
[17:08:54] epoch=3 step=2900 loss=0.6746 | process=ALIVE
[17:13:54] epoch=3 step=3100 loss=0.6746 | process=ALIVE
[17:18:54] epoch=3 step=3300 loss=0.6746 | process=ALIVE
[17:23:54] epoch=3 step=3500 loss=0.6744 | process=ALIVE
[17:28:54] epoch=3 step=3700 loss=0.6743 | process=ALIVE
[17:33:54] epoch=3 step=3950 loss=0.6739 | process=ALIVE
[17:38:54] epoch=3 step=4150 loss=0.6736 | process=ALIVE
[17:43:55] epoch=3 step=4400 loss=0.6739 | process=ALIVE
[17:48:55] epoch=3 step=4650 loss=0.6738 | process=ALIVE
[17:53:55] epoch=3 step=4850 loss=0.6735 | process=ALIVE
[17:58:55] epoch=3 step=5100 loss=0.6735 | process=ALIVE
[18:03:55] epoch=3 step=5350 loss=0.6727 | process=ALIVE
[18:08:55] epoch=3 step=5600 loss=0.6729 | process=ALIVE
[18:13:55] epoch=3 step=5800 loss=0.6731 | process=ALIVE
[18:18:55] epoch=3 step=6050 loss=0.6734 | process=ALIVE
[18:23:55] epoch=3 step=6250 loss=0.6728 | process=ALIVE
[18:28:55] epoch=3 step=6500 loss=0.6727 | process=ALIVE
[18:33:55] epoch=3 step=6700 loss=0.6727 | process=ALIVE
[18:38:55] epoch=3 step=6950 loss=0.6726 | process=ALIVE
[18:43:55] epoch=3 step=7200 loss=0.6727 | process=ALIVE
[18:48:56] epoch=3 step=7450 loss=0.673 | process=ALIVE
[18:53:56] epoch=3 step=7650 loss=0.673 | process=ALIVE
[18:58:56] epoch=3 step=7900 loss=0.6727 | process=ALIVE
[19:03:56] epoch=3 step=8100 loss=0.6729 | process=ALIVE
[19:08:56] epoch=3 step=8350 loss=0.6726 | process=ALIVE
[19:13:56] epoch=3 step=8550 loss=0.6725 | process=ALIVE
[19:18:56] epoch=3 step=8800 loss=0.6727 | process=ALIVE
[19:23:56] epoch=3 step=9050 loss=0.6726 | process=ALIVE
[19:28:56] epoch=3 step=9300 loss=0.6726 | process=ALIVE
[19:33:56] epoch=3 step=9500 loss=0.6725 | process=ALIVE
[19:38:57] epoch=3 step=9750 loss=0.6725 | process=ALIVE
[19:43:57] epoch=3 step=10000 loss=0.6724 | process=ALIVE
[19:48:57] epoch=3 step=10200 loss=0.6725 | process=ALIVE
[19:53:57] epoch=3 step=10450 loss=0.6721 | process=ALIVE
[19:58:57] epoch=3 step=10700 loss=0.672 | process=ALIVE
[20:03:57] epoch=3 step=10900 loss=0.672 | process=ALIVE
[20:08:57] epoch=3 step=11150 loss=0.6719 | process=ALIVE
[20:13:57] epoch=3 step=11400 loss=0.672 | process=ALIVE
[20:18:57] epoch=3 step=11600 loss=0.6721 | process=ALIVE
[20:23:57] epoch=3 step=11850 loss=0.6723 | process=ALIVE
[20:28:57] epoch=3 step=12100 loss=0.6723 | process=ALIVE
[20:33:57] epoch=3 step=12350 loss=0.6723 | process=ALIVE
[20:38:57] epoch=3 step=12550 loss=0.6723 | process=ALIVE
[20:43:57] epoch=3 step=12800 loss=0.6723 | process=ALIVE
[20:48:57] epoch=3 step=13050 loss=0.6721 | process=ALIVE
[20:53:58] epoch=3 step=13250 loss=0.6722 | process=ALIVE
[20:58:58] epoch=3 step=13500 loss=0.6721 | process=ALIVE
[21:03:58] epoch=3 step=13750 loss=0.6721 | process=ALIVE
[21:08:58] epoch=3 step=14000 loss=0.672 | process=ALIVE
[21:13:58] epoch=3 step=14200 loss=0.6719 | process=ALIVE
[21:18:58] epoch=3 step=14450 loss=0.6719 | process=ALIVE
[21:23:58] epoch=3 step=14700 loss=0.6719 | process=ALIVE
[21:28:58] epoch=3 step=14900 loss=0.6719 | process=ALIVE
[21:33:58] epoch=3 step=15150 loss=0.6721 | process=ALIVE
[21:38:58] epoch=3 step=15400 loss=0.672 | process=ALIVE
[21:43:59] epoch=3 step=15650 loss=0.6721 | process=ALIVE
[21:48:59] epoch=3 step=15850 loss=0.6719 | process=ALIVE
[21:53:59] epoch=3 step=16100 loss=0.6719 | process=ALIVE
[21:58:59] epoch=3 step=16200 loss=0.6719 | process=ALIVE
[22:03:59] epoch=4 step=200 loss=0.683 | process=ALIVE
  -> Epoch 3 complete: loss=0.6719 dev_acc=0.5824
[22:08:59] epoch=4 step=450 loss=0.6724 | process=ALIVE
[22:13:59] epoch=4 step=700 loss=0.6733 | process=ALIVE
[22:18:59] epoch=4 step=900 loss=0.6743 | process=ALIVE
[22:23:59] epoch=4 step=1150 loss=0.6715 | process=ALIVE
[22:28:59] epoch=4 step=1400 loss=0.6725 | process=ALIVE
[22:33:59] epoch=4 step=1600 loss=0.671 | process=ALIVE
[22:38:59] epoch=4 step=1850 loss=0.6708 | process=ALIVE
[22:43:59] epoch=4 step=2100 loss=0.6707 | process=ALIVE
[22:48:59] epoch=4 step=2300 loss=0.6706 | process=ALIVE
[22:53:59] epoch=4 step=2550 loss=0.671 | process=ALIVE
[22:59:00] epoch=4 step=2800 loss=0.6705 | process=ALIVE
[23:04:00] epoch=4 step=3050 loss=0.6705 | process=ALIVE
[23:09:00] epoch=4 step=3250 loss=0.6707 | process=ALIVE
[23:14:00] epoch=4 step=3500 loss=0.6706 | process=ALIVE
[23:19:00] epoch=4 step=3750 loss=0.6709 | process=ALIVE
[23:24:00] epoch=4 step=4000 loss=0.6712 | process=ALIVE
[23:29:00] epoch=4 step=4200 loss=0.6711 | process=ALIVE
[23:34:00] epoch=4 step=4450 loss=0.6712 | process=ALIVE
[23:39:00] epoch=4 step=4700 loss=0.6713 | process=ALIVE
[23:44:00] epoch=4 step=4950 loss=0.6711 | process=ALIVE
[23:49:00] epoch=4 step=5150 loss=0.6711 | process=ALIVE
[23:54:00] epoch=4 step=5400 loss=0.6707 | process=ALIVE
[23:59:00] epoch=4 step=5650 loss=0.6711 | process=ALIVE
[00:04:00] epoch=4 step=5900 loss=0.6715 | process=ALIVE
[00:09:00] epoch=4 step=6150 loss=0.6713 | process=ALIVE
[00:14:00] epoch=4 step=6400 loss=0.6715 | process=ALIVE
[00:19:00] epoch=4 step=6600 loss=0.6713 | process=ALIVE
[00:24:00] epoch=4 step=6850 loss=0.6715 | process=ALIVE
[00:29:01] epoch=4 step=7100 loss=0.6713 | process=ALIVE
[00:34:01] epoch=4 step=7350 loss=0.6712 | process=ALIVE
[00:39:01] epoch=4 step=7600 loss=0.6714 | process=ALIVE
[00:44:01] epoch=4 step=7800 loss=0.6715 | process=ALIVE
[00:49:01] epoch=4 step=8050 loss=0.6715 | process=ALIVE
[00:54:01] epoch=4 step=8300 loss=0.6713 | process=ALIVE
[00:59:01] epoch=4 step=8550 loss=0.6715 | process=ALIVE
[01:04:01] epoch=4 step=8750 loss=0.6714 | process=ALIVE
[01:09:01] epoch=4 step=9000 loss=0.6713 | process=ALIVE
[01:14:01] epoch=4 step=9250 loss=0.6712 | process=ALIVE
[01:19:01] epoch=4 step=9500 loss=0.6713 | process=ALIVE
[01:24:02] epoch=4 step=9750 loss=0.6712 | process=ALIVE
[01:29:02] epoch=4 step=9950 loss=0.6711 | process=ALIVE
[01:34:02] epoch=4 step=10200 loss=0.6711 | process=ALIVE
[01:39:02] epoch=4 step=10450 loss=0.6709 | process=ALIVE
[01:44:02] epoch=4 step=10700 loss=0.671 | process=ALIVE
[01:49:02] epoch=4 step=10900 loss=0.6713 | process=ALIVE
[01:54:02] epoch=4 step=11150 loss=0.6714 | process=ALIVE
[01:59:02] epoch=4 step=11400 loss=0.6713 | process=ALIVE
[02:04:02] epoch=4 step=11600 loss=0.6714 | process=ALIVE
[02:09:02] epoch=4 step=11750 loss=0.6713 | process=ALIVE
[02:14:02] epoch=4 step=11950 loss=0.6712 | process=ALIVE
[02:19:02] epoch=4 step=12150 loss=0.671 | process=ALIVE
[02:24:02] epoch=4 step=12350 loss=0.671 | process=ALIVE
[02:29:02] epoch=4 step=12500 loss=0.6709 | process=ALIVE
[02:34:02] epoch=4 step=12700 loss=0.6707 | process=ALIVE
[02:39:02] epoch=4 step=12850 loss=0.6706 | process=ALIVE
[02:44:02] epoch=4 step=13050 loss=0.6705 | process=ALIVE
[02:49:03] epoch=4 step=13200 loss=0.6705 | process=ALIVE
[02:54:03] epoch=4 step=13400 loss=0.6704 | process=ALIVE
[02:59:03] epoch=4 step=13550 loss=0.6704 | process=ALIVE
[03:04:03] epoch=4 step=13750 loss=0.6703 | process=ALIVE
[03:09:03] epoch=4 step=13900 loss=0.6702 | process=ALIVE
[03:14:03] epoch=4 step=14050 loss=0.6701 | process=ALIVE
[03:19:03] epoch=4 step=14250 loss=0.67 | process=ALIVE
[03:24:03] epoch=4 step=14400 loss=0.6701 | process=ALIVE
[03:29:03] epoch=4 step=14600 loss=0.6701 | process=ALIVE
[03:34:03] epoch=4 step=14750 loss=0.67 | process=ALIVE
[03:39:03] epoch=4 step=14950 loss=0.67 | process=ALIVE
[03:44:03] epoch=4 step=15100 loss=0.6701 | process=ALIVE
[03:49:04] epoch=4 step=15300 loss=0.6701 | process=ALIVE
[03:54:04] epoch=4 step=15450 loss=0.6703 | process=ALIVE
[03:59:04] epoch=4 step=15600 loss=0.6703 | process=ALIVE
[04:04:04] epoch=4 step=15800 loss=0.6702 | process=ALIVE
[04:09:04] epoch=4 step=15950 loss=0.6703 | process=ALIVE
[04:14:04] epoch=4 step=16150 loss=0.6701 | process=ALIVE
[04:19:04] epoch=4 step=16200 loss=0.6701 | process=ALIVE
[04:24:04] epoch=4 step=4 loss=0.6701 dev_acc=0.5620 | process=DEAD
  -> Epoch 4 complete: loss=0.6701 dev_acc=0.5620

Process has ended. Training complete or crashed.
